{"uid":"6def6810c1cec307","name":"Deposit is recorded in transaction history","fullName":"org.example.customer.TransactionTest.testDepositIsRecorded","historyId":"f918c91082a268630e6c4547bfd78eae","time":{"start":1771843993737,"stop":1771844005457,"duration":11720},"description":"","status":"passed","flaky":false,"newFailed":false,"newBroken":false,"newPassed":false,"retriesCount":45,"retriesStatusChange":true,"beforeStages":[],"afterStages":[],"labels":[{"name":"junit.platform.uniqueid","value":"[engine:junit-jupiter]/[class:org.example.customer.TransactionTest]/[method:testDepositIsRecorded()]"},{"name":"host","value":"fb7ef22d1c2e"},{"name":"thread","value":"100@fb7ef22d1c2e.main(1)"},{"name":"framework","value":"junit-platform"},{"name":"language","value":"java"},{"name":"package","value":"org.example.customer.TransactionTest"},{"name":"testClass","value":"org.example.customer.TransactionTest"},{"name":"testMethod","value":"testDepositIsRecorded"},{"name":"suite","value":"org.example.customer.TransactionTest"},{"name":"resultFormat","value":"allure2"}],"parameters":[],"links":[],"hidden":false,"retry":false,"extra":{"severity":"normal","retries":[{"uid":"d1554e0df9fbec3e","status":"broken","statusDetails":"Could not start a new session. Response code 500. Message: session not created: Chrome instance exited. Examine ChromeDriver verbose log to determine the cause. \nHost info: host: '2a7cafc2c392', ip: '172.18.0.2'\nBuild info: version: '4.40.0', revision: 'b3333f1'\nSystem info: os.name: 'Linux', os.arch: 'amd64', os.version: '5.15.167.4-microsoft-standard-WSL2', java.version: '17.0.18'\nDriver info: org.openqa.selenium.chrome.ChromeDriver\nCommand: [null, newSession {capabilities=[Capabilities {browserName: chrome, goog:chromeOptions: {args: [--start-maximized], extensions: []}}]}]","time":{"start":1771837149169,"stop":1771837149824,"duration":655}},{"uid":"3341e5e4f5750f20","status":"passed","time":{"start":1771796092566,"stop":1771796105545,"duration":12979}},{"uid":"5fedf7df7a07b24d","status":"passed","time":{"start":1771795463894,"stop":1771795477435,"duration":13541}},{"uid":"96567e173cc73138","status":"passed","time":{"start":1771795339165,"stop":1771795350837,"duration":11672}},{"uid":"d34f101ef303d8c9","status":"passed","time":{"start":1771795007851,"stop":1771795020456,"duration":12605}},{"uid":"d74c39f3e1dbd9e0","status":"passed","time":{"start":1771794634033,"stop":1771794645484,"duration":11451}},{"uid":"d54e100dd27f56e","status":"broken","statusDetails":"Expected condition failed: waiting for visibility of all elements located by By.xpath: //tr[contains(@ng-repeat,'tx in transactions')], but element #8 was invisible: [[ChromeDriver: chrome on windows (8ed98cecec9db013ad8554e4e5199f10)] -> xpath: //tr[contains(@ng-repeat,'tx in transactions')]]\r\n(tried for 10 seconds with 500 milliseconds interval)\nBuild info: version: '4.40.0', revision: 'b3333f1'\nSystem info: os.name: 'Windows 11', os.arch: 'amd64', os.version: '10.0', java.version: '23.0.1'\nDriver info: org.openqa.selenium.chrome.ChromeDriver\nCapabilities {acceptInsecureCerts: false, browserName: chrome, browserVersion: 145.0.7632.77, chrome: {chromedriverVersion: 145.0.7632.77 (da516187054a..., userDataDir: C:\\Users\\Cisco\\AppData\\Loca...}, fedcm:accounts: true, goog:chromeOptions: {debuggerAddress: localhost:60811}, goog:processID: 25672, networkConnectionEnabled: false, pageLoadStrategy: normal, platformName: windows, proxy: Proxy(), se:cdp: ws://localhost:60811/devtoo..., se:cdpVersion: 145.0.7632.77, setWindowRect: true, strictFileInteractability: false, timeouts: {implicit: 0, pageLoad: 300000, script: 30000}, unhandledPromptBehavior: dismiss and notify, webauthn:extension:credBlob: true, webauthn:extension:largeBlob: true, webauthn:extension:minPinLength: true, webauthn:extension:prf: true, webauthn:virtualAuthenticators: true}\nSession ID: 8ed98cecec9db013ad8554e4e5199f10","time":{"start":1771793664413,"stop":1771793694473,"duration":30060}},{"uid":"e96197120f6cd67e","status":"broken","statusDetails":"Expected condition failed: waiting for visibility of all elements located by By.xpath: //tr[contains(@ng-repeat,'tx in transactions')], but element #8 was invisible: [[ChromeDriver: chrome on windows (b27e621ec80e5aebefb70f9c96ee5167)] -> xpath: //tr[contains(@ng-repeat,'tx in transactions')]]\r\n(tried for 10 seconds with 500 milliseconds interval)\nBuild info: version: '4.40.0', revision: 'b3333f1'\nSystem info: os.name: 'Windows 11', os.arch: 'amd64', os.version: '10.0', java.version: '23.0.1'\nDriver info: org.openqa.selenium.chrome.ChromeDriver\nCapabilities {acceptInsecureCerts: false, browserName: chrome, browserVersion: 145.0.7632.77, chrome: {chromedriverVersion: 145.0.7632.77 (da516187054a..., userDataDir: C:\\Users\\Cisco\\AppData\\Loca...}, fedcm:accounts: true, goog:chromeOptions: {debuggerAddress: localhost:62358}, goog:processID: 12552, networkConnectionEnabled: false, pageLoadStrategy: normal, platformName: windows, proxy: Proxy(), se:cdp: ws://localhost:62358/devtoo..., se:cdpVersion: 145.0.7632.77, setWindowRect: true, strictFileInteractability: false, timeouts: {implicit: 0, pageLoad: 300000, script: 30000}, unhandledPromptBehavior: dismiss and notify, webauthn:extension:credBlob: true, webauthn:extension:largeBlob: true, webauthn:extension:minPinLength: true, webauthn:extension:prf: true, webauthn:virtualAuthenticators: true}\nSession ID: b27e621ec80e5aebefb70f9c96ee5167","time":{"start":1771793413739,"stop":1771793438048,"duration":24309}},{"uid":"69dc2fe390844722","status":"passed","time":{"start":1771792930384,"stop":1771792945545,"duration":15161}},{"uid":"e80414c0fb0132f5","status":"failed","statusDetails":"expected: <Credit> but was: <>","time":{"start":1771792554907,"stop":1771792568432,"duration":13525}},{"uid":"d08bfb2426cab7c5","status":"passed","time":{"start":1771790328310,"stop":1771790342412,"duration":14102}},{"uid":"115fde873be83e0b","status":"failed","statusDetails":"expected: <Credit> but was: <>","time":{"start":1771790133129,"stop":1771790146538,"duration":13409}},{"uid":"ad62eae5f6b25ba","status":"passed","time":{"start":1771789994549,"stop":1771790008050,"duration":13501}},{"uid":"ebe39a85f69e75a9","status":"passed","time":{"start":1771789537743,"stop":1771789549873,"duration":12130}},{"uid":"7c38dd9e94d33568","status":"passed","time":{"start":1771788043483,"stop":1771788057173,"duration":13690}},{"uid":"74bc06a11d9e1067","status":"passed","time":{"start":1771767498389,"stop":1771767511385,"duration":12996}},{"uid":"bd6b5665129b10c5","status":"passed","time":{"start":1771766640700,"stop":1771766653733,"duration":13033}},{"uid":"782f23e72431e7b1","status":"failed","statusDetails":"expected: <Credit> but was: <Debit>","time":{"start":1771766454738,"stop":1771766468067,"duration":13329}},{"uid":"5b5812ad51e0400c","status":"failed","statusDetails":"expected: <Credit> but was: <>","time":{"start":1771766334486,"stop":1771766347147,"duration":12661}},{"uid":"93bed34a8891c8e2","status":"passed","time":{"start":1771766220919,"stop":1771766233544,"duration":12625}},{"uid":"3f8dc4b2a0302ff8","status":"failed","statusDetails":"expected: <Credit> but was: <>","time":{"start":1771766110977,"stop":1771766124098,"duration":13121}},{"uid":"ea3719fb48849f","status":"failed","statusDetails":"expected: <Credit> but was: <>","time":{"start":1771766018346,"stop":1771766031269,"duration":12923}},{"uid":"df4b160f9b0ae934","status":"passed","time":{"start":1771765837053,"stop":1771765850201,"duration":13148}},{"uid":"349e4d495baa6dd6","status":"passed","time":{"start":1771765647465,"stop":1771765661027,"duration":13562}},{"uid":"d0b51d2b822484a7","status":"failed","statusDetails":"expected: <Credit> but was: <>","time":{"start":1771765366735,"stop":1771765379242,"duration":12507}},{"uid":"978298e6c89ade07","status":"broken","statusDetails":"Expected condition failed: waiting for number of elements found by By.xpath: //tr[contains(@ng-repeat,'tx in transactions')] to be more than 0. Found: 0 element(s).\r\n(tried for 20 seconds with 500 milliseconds interval)\nBuild info: version: '4.40.0', revision: 'b3333f1'\nSystem info: os.name: 'Windows 11', os.arch: 'amd64', os.version: '10.0', java.version: '23.0.1'\nDriver info: org.openqa.selenium.chrome.ChromeDriver\nCapabilities {acceptInsecureCerts: false, browserName: chrome, browserVersion: 145.0.7632.77, chrome: {chromedriverVersion: 145.0.7632.77 (da516187054a..., userDataDir: C:\\Users\\Cisco\\AppData\\Loca...}, fedcm:accounts: true, goog:chromeOptions: {debuggerAddress: localhost:56644}, goog:processID: 25812, networkConnectionEnabled: false, pageLoadStrategy: normal, platformName: windows, proxy: Proxy(), se:cdp: ws://localhost:56644/devtoo..., se:cdpVersion: 145.0.7632.77, setWindowRect: true, strictFileInteractability: false, timeouts: {implicit: 0, pageLoad: 300000, script: 30000}, unhandledPromptBehavior: dismiss and notify, webauthn:extension:credBlob: true, webauthn:extension:largeBlob: true, webauthn:extension:minPinLength: true, webauthn:extension:prf: true, webauthn:virtualAuthenticators: true}\nSession ID: 27016c359f1bc8b5616ae8b6c8103a36","time":{"start":1771764901518,"stop":1771764928428,"duration":26910}},{"uid":"f55d3ed5d4de28d5","status":"broken","statusDetails":"Expected condition failed: waiting for org.example.pages.TransactionsPage$$Lambda/0x0000019d46317170@36ef1d65\r\n(tried for 20 seconds with 500 milliseconds interval)\nBuild info: version: '4.40.0', revision: 'b3333f1'\nSystem info: os.name: 'Windows 11', os.arch: 'amd64', os.version: '10.0', java.version: '23.0.1'\nDriver info: org.openqa.selenium.chrome.ChromeDriver\nCapabilities {acceptInsecureCerts: false, browserName: chrome, browserVersion: 145.0.7632.77, chrome: {chromedriverVersion: 145.0.7632.77 (da516187054a..., userDataDir: C:\\Users\\Cisco\\AppData\\Loca...}, fedcm:accounts: true, goog:chromeOptions: {debuggerAddress: localhost:57991}, goog:processID: 21548, networkConnectionEnabled: false, pageLoadStrategy: normal, platformName: windows, proxy: Proxy(), se:cdp: ws://localhost:57991/devtoo..., se:cdpVersion: 145.0.7632.77, setWindowRect: true, strictFileInteractability: false, timeouts: {implicit: 0, pageLoad: 300000, script: 30000}, unhandledPromptBehavior: dismiss and notify, webauthn:extension:credBlob: true, webauthn:extension:largeBlob: true, webauthn:extension:minPinLength: true, webauthn:extension:prf: true, webauthn:virtualAuthenticators: true}\nSession ID: b0da663c8168338e0d32da9663385db2","time":{"start":1771764758672,"stop":1771764786901,"duration":28229}},{"uid":"901e2c9defffe911","status":"broken","statusDetails":"Expected condition failed: waiting for number of elements found by By.xpath: //tr[contains(@ng-repeat,'tx in transactions')] to be more than 0. Found: 0 element(s).\r\n(tried for 20 seconds with 500 milliseconds interval)\nBuild info: version: '4.40.0', revision: 'b3333f1'\nSystem info: os.name: 'Windows 11', os.arch: 'amd64', os.version: '10.0', java.version: '23.0.1'\nDriver info: org.openqa.selenium.chrome.ChromeDriver\nCapabilities {acceptInsecureCerts: false, browserName: chrome, browserVersion: 145.0.7632.77, chrome: {chromedriverVersion: 145.0.7632.77 (da516187054a..., userDataDir: C:\\Users\\Cisco\\AppData\\Loca...}, fedcm:accounts: true, goog:chromeOptions: {debuggerAddress: localhost:62825}, goog:processID: 21000, networkConnectionEnabled: false, pageLoadStrategy: normal, platformName: windows, proxy: Proxy(), se:cdp: ws://localhost:62825/devtoo..., se:cdpVersion: 145.0.7632.77, setWindowRect: true, strictFileInteractability: false, timeouts: {implicit: 0, pageLoad: 300000, script: 30000}, unhandledPromptBehavior: dismiss and notify, webauthn:extension:credBlob: true, webauthn:extension:largeBlob: true, webauthn:extension:minPinLength: true, webauthn:extension:prf: true, webauthn:virtualAuthenticators: true}\nSession ID: 95f4dddfef905f8f463e38f227a4e987","time":{"start":1771764302948,"stop":1771764329932,"duration":26984}},{"uid":"48544c91b14f2b79","status":"broken","statusDetails":"Expected condition failed: waiting for number of elements found by By.xpath: //tr[contains(@ng-repeat,'tx in transactions')] to be more than 0. Found: 0 element(s).\r\n(tried for 20 seconds with 500 milliseconds interval)\nBuild info: version: '4.40.0', revision: 'b3333f1'\nSystem info: os.name: 'Windows 11', os.arch: 'amd64', os.version: '10.0', java.version: '23.0.1'\nDriver info: org.openqa.selenium.chrome.ChromeDriver\nCapabilities {acceptInsecureCerts: false, browserName: chrome, browserVersion: 145.0.7632.77, chrome: {chromedriverVersion: 145.0.7632.77 (da516187054a..., userDataDir: C:\\Users\\Cisco\\AppData\\Loca...}, fedcm:accounts: true, goog:chromeOptions: {debuggerAddress: localhost:64454}, goog:processID: 6164, networkConnectionEnabled: false, pageLoadStrategy: normal, platformName: windows, proxy: Proxy(), se:cdp: ws://localhost:64454/devtoo..., se:cdpVersion: 145.0.7632.77, setWindowRect: true, strictFileInteractability: false, timeouts: {implicit: 0, pageLoad: 300000, script: 30000}, unhandledPromptBehavior: dismiss and notify, webauthn:extension:credBlob: true, webauthn:extension:largeBlob: true, webauthn:extension:minPinLength: true, webauthn:extension:prf: true, webauthn:virtualAuthenticators: true}\nSession ID: ee871fefd2e08570314cccddffc0c6ac","time":{"start":1771763604782,"stop":1771763631628,"duration":26846}},{"uid":"be53d96f9bab986c","status":"broken","statusDetails":"Expected condition failed: waiting for number of elements found by By.xpath: //tr[contains(@ng-repeat,'tx in transactions')] to be more than 0. Found: 0 element(s).\r\n(tried for 15 seconds with 500 milliseconds interval)\nBuild info: version: '4.40.0', revision: 'b3333f1'\nSystem info: os.name: 'Windows 11', os.arch: 'amd64', os.version: '10.0', java.version: '23.0.1'\nDriver info: org.openqa.selenium.chrome.ChromeDriver\nCapabilities {acceptInsecureCerts: false, browserName: chrome, browserVersion: 145.0.7632.77, chrome: {chromedriverVersion: 145.0.7632.77 (da516187054a..., userDataDir: C:\\Users\\Cisco\\AppData\\Loca...}, fedcm:accounts: true, goog:chromeOptions: {debuggerAddress: localhost:50363}, goog:processID: 25140, networkConnectionEnabled: false, pageLoadStrategy: normal, platformName: windows, proxy: Proxy(), se:cdp: ws://localhost:50363/devtoo..., se:cdpVersion: 145.0.7632.77, setWindowRect: true, strictFileInteractability: false, timeouts: {implicit: 0, pageLoad: 300000, script: 30000}, unhandledPromptBehavior: dismiss and notify, webauthn:extension:credBlob: true, webauthn:extension:largeBlob: true, webauthn:extension:minPinLength: true, webauthn:extension:prf: true, webauthn:virtualAuthenticators: true}\nSession ID: ae63095a0ac8fb3899d8895cc20aa048","time":{"start":1771763069872,"stop":1771763092169,"duration":22297}},{"uid":"5aaab0531edb38a1","status":"broken","statusDetails":"Expected condition failed: waiting for element found by By.cssSelector: button.btn-default[type='submit'] to become invisible\r\n(tried for 10 seconds with 500 milliseconds interval)\nBuild info: version: '4.40.0', revision: 'b3333f1'\nSystem info: os.name: 'Windows 11', os.arch: 'amd64', os.version: '10.0', java.version: '23.0.1'\nDriver info: org.openqa.selenium.chrome.ChromeDriver\nCapabilities {acceptInsecureCerts: false, browserName: chrome, browserVersion: 145.0.7632.77, chrome: {chromedriverVersion: 145.0.7632.77 (da516187054a..., userDataDir: C:\\Users\\Cisco\\AppData\\Loca...}, fedcm:accounts: true, goog:chromeOptions: {debuggerAddress: localhost:63032}, goog:processID: 24100, networkConnectionEnabled: false, pageLoadStrategy: normal, platformName: windows, proxy: Proxy(), se:cdp: ws://localhost:63032/devtoo..., se:cdpVersion: 145.0.7632.77, setWindowRect: true, strictFileInteractability: false, timeouts: {implicit: 0, pageLoad: 300000, script: 30000}, unhandledPromptBehavior: dismiss and notify, webauthn:extension:credBlob: true, webauthn:extension:largeBlob: true, webauthn:extension:minPinLength: true, webauthn:extension:prf: true, webauthn:virtualAuthenticators: true}\nSession ID: 46ddf797efa7a5ea2c577b1271ed308f","time":{"start":1771762698832,"stop":1771762716036,"duration":17204}},{"uid":"96713fbfe6ac39ee","status":"broken","statusDetails":"Expected condition failed: waiting for org.example.pages.CustomerDashboardPage$$Lambda/0x00000287102f1bf0@6b832551\r\n(tried for 10 seconds with 500 milliseconds interval)\nBuild info: version: '4.40.0', revision: 'b3333f1'\nSystem info: os.name: 'Windows 11', os.arch: 'amd64', os.version: '10.0', java.version: '23.0.1'\nDriver info: org.openqa.selenium.chrome.ChromeDriver\nCapabilities {acceptInsecureCerts: false, browserName: chrome, browserVersion: 145.0.7632.77, chrome: {chromedriverVersion: 145.0.7632.77 (da516187054a..., userDataDir: C:\\Users\\Cisco\\AppData\\Loca...}, fedcm:accounts: true, goog:chromeOptions: {debuggerAddress: localhost:50331}, goog:processID: 21692, networkConnectionEnabled: false, pageLoadStrategy: normal, platformName: windows, proxy: Proxy(), se:cdp: ws://localhost:50331/devtoo..., se:cdpVersion: 145.0.7632.77, setWindowRect: true, strictFileInteractability: false, timeouts: {implicit: 0, pageLoad: 300000, script: 30000}, unhandledPromptBehavior: dismiss and notify, webauthn:extension:credBlob: true, webauthn:extension:largeBlob: true, webauthn:extension:minPinLength: true, webauthn:extension:prf: true, webauthn:virtualAuthenticators: true}\nSession ID: d6876bb904857b57f8c68e58ca2d8700","time":{"start":1771762327123,"stop":1771762346065,"duration":18942}},{"uid":"9ba6ef1e0eff61bb","status":"broken","statusDetails":"Expected condition failed: waiting for number of elements found by By.xpath: //tr[contains(@ng-repeat,'tx in transactions')] to be more than 0. Found: 0 element(s).\r\n(tried for 15 seconds with 500 milliseconds interval)\nBuild info: version: '4.40.0', revision: 'b3333f1'\nSystem info: os.name: 'Windows 11', os.arch: 'amd64', os.version: '10.0', java.version: '23.0.1'\nDriver info: org.openqa.selenium.chrome.ChromeDriver\nCapabilities {acceptInsecureCerts: false, browserName: chrome, browserVersion: 145.0.7632.77, chrome: {chromedriverVersion: 145.0.7632.77 (da516187054a..., userDataDir: C:\\Users\\Cisco\\AppData\\Loca...}, fedcm:accounts: true, goog:chromeOptions: {debuggerAddress: localhost:60923}, goog:processID: 9600, networkConnectionEnabled: false, pageLoadStrategy: normal, platformName: windows, proxy: Proxy(), se:cdp: ws://localhost:60923/devtoo..., se:cdpVersion: 145.0.7632.77, setWindowRect: true, strictFileInteractability: false, timeouts: {implicit: 0, pageLoad: 300000, script: 30000}, unhandledPromptBehavior: dismiss and notify, webauthn:extension:credBlob: true, webauthn:extension:largeBlob: true, webauthn:extension:minPinLength: true, webauthn:extension:prf: true, webauthn:virtualAuthenticators: true}\nSession ID: 011609e436ebf1b552791a73aabcec3b","time":{"start":1771761536975,"stop":1771761559341,"duration":22366}},{"uid":"d17db10cb9034e7d","status":"failed","statusDetails":"expected: <Credit> but was: <>","time":{"start":1771760826718,"stop":1771760834063,"duration":7345}},{"uid":"1fe979b3fbb38247","status":"broken","statusDetails":"Expected condition failed: waiting for org.example.pages.TransactionsPage$$Lambda/0x00000241cf316208@2b9e69fb\r\n(tried for 10 seconds with 500 milliseconds interval)\nBuild info: version: '4.40.0', revision: 'b3333f1'\nSystem info: os.name: 'Windows 11', os.arch: 'amd64', os.version: '10.0', java.version: '23.0.1'\nDriver info: org.openqa.selenium.chrome.ChromeDriver\nCapabilities {acceptInsecureCerts: false, browserName: chrome, browserVersion: 145.0.7632.77, chrome: {chromedriverVersion: 145.0.7632.77 (da516187054a..., userDataDir: C:\\Users\\Cisco\\AppData\\Loca...}, fedcm:accounts: true, goog:chromeOptions: {debuggerAddress: localhost:54933}, goog:processID: 22060, networkConnectionEnabled: false, pageLoadStrategy: normal, platformName: windows, proxy: Proxy(), se:cdp: ws://localhost:54933/devtoo..., se:cdpVersion: 145.0.7632.77, setWindowRect: true, strictFileInteractability: false, timeouts: {implicit: 0, pageLoad: 300000, script: 30000}, unhandledPromptBehavior: dismiss and notify, webauthn:extension:credBlob: true, webauthn:extension:largeBlob: true, webauthn:extension:minPinLength: true, webauthn:extension:prf: true, webauthn:virtualAuthenticators: true}\nSession ID: 70cc358aa374d0f8eecbe02a51b1978a","time":{"start":1771760069159,"stop":1771760087183,"duration":18024}},{"uid":"797515c97de81292","status":"broken","statusDetails":"Expected condition failed: waiting for element found by By.cssSelector: button[ng-click='customer()'] to be clickable, but the element was not found: org.openqa.selenium.NoSuchElementException: no such element: Unable to locate element: {\"method\":\"css selector\",\"selector\":\"button[ng-click='customer()']\"}.\r\n(tried for 15 seconds with 500 milliseconds interval)\nBuild info: version: '4.40.0', revision: 'b3333f1'\nSystem info: os.name: 'Windows 11', os.arch: 'amd64', os.version: '10.0', java.version: '23.0.1'\nDriver info: org.openqa.selenium.chrome.ChromeDriver\nCapabilities {acceptInsecureCerts: false, browserName: chrome, browserVersion: 145.0.7632.77, chrome: {chromedriverVersion: 145.0.7632.77 (da516187054a..., userDataDir: C:\\Users\\Cisco\\AppData\\Loca...}, fedcm:accounts: true, goog:chromeOptions: {debuggerAddress: localhost:57355}, goog:processID: 13056, networkConnectionEnabled: false, pageLoadStrategy: normal, platformName: windows, proxy: Proxy(), se:cdp: ws://localhost:57355/devtoo..., se:cdpVersion: 145.0.7632.77, setWindowRect: true, strictFileInteractability: false, timeouts: {implicit: 0, pageLoad: 300000, script: 30000}, unhandledPromptBehavior: dismiss and notify, webauthn:extension:credBlob: true, webauthn:extension:largeBlob: true, webauthn:extension:minPinLength: true, webauthn:extension:prf: true, webauthn:virtualAuthenticators: true}\nSession ID: f1324ec605fa3869e5fb8594668a6519","time":{"start":1771759183229,"stop":1771759208703,"duration":25474}},{"uid":"ee4dd69726b255f","status":"failed","statusDetails":"expected: <Credit> but was: <>","time":{"start":1771713107350,"stop":1771713119161,"duration":11811}},{"uid":"4a77a4be01cc04f","status":"broken","statusDetails":"Expected condition failed: waiting for org.example.pages.TransactionsPage$$Lambda/0x000001eaab312320@14d8e132\r\n(tried for 10 seconds with 500 milliseconds interval)\nBuild info: version: '4.40.0', revision: 'b3333f1'\nSystem info: os.name: 'Windows 11', os.arch: 'amd64', os.version: '10.0', java.version: '23.0.1'\nDriver info: org.openqa.selenium.chrome.ChromeDriver\nCapabilities {acceptInsecureCerts: false, browserName: chrome, browserVersion: 145.0.7632.77, chrome: {chromedriverVersion: 145.0.7632.77 (da516187054a..., userDataDir: C:\\Users\\Cisco\\AppData\\Loca...}, fedcm:accounts: true, goog:chromeOptions: {debuggerAddress: localhost:53261}, goog:processID: 10100, networkConnectionEnabled: false, pageLoadStrategy: normal, platformName: windows, proxy: Proxy(), se:cdp: ws://localhost:53261/devtoo..., se:cdpVersion: 145.0.7632.77, setWindowRect: true, strictFileInteractability: false, timeouts: {implicit: 0, pageLoad: 300000, script: 30000}, unhandledPromptBehavior: dismiss and notify, webauthn:extension:credBlob: true, webauthn:extension:largeBlob: true, webauthn:extension:minPinLength: true, webauthn:extension:prf: true, webauthn:virtualAuthenticators: true}\nSession ID: 11f0b57de77f0c9fe89389d80a9e70f1","time":{"start":1771712818410,"stop":1771712839412,"duration":21002}},{"uid":"d3aa5eeff529ebfa","status":"failed","statusDetails":"expected: <Credit> but was: <>","time":{"start":1771711909503,"stop":1771711918962,"duration":9459}},{"uid":"8643b0622bb5d45f","status":"passed","time":{"start":1771710278953,"stop":1771710288032,"duration":9079}},{"uid":"b6ca928d798fe8b3","status":"passed","time":{"start":1771709470356,"stop":1771709478899,"duration":8543}},{"uid":"480ab6581b6c484b","status":"failed","statusDetails":"expected: <true> but was: <false>","time":{"start":1771707057336,"stop":1771707065605,"duration":8269}},{"uid":"e206f494dffaf58b","status":"broken","statusDetails":"Expected condition failed: waiting for visibility of element found by By.cssSelector: .form-control, but... org.openqa.selenium.NoSuchElementException: no such element: Unable to locate element: {\"method\":\"css selector\",\"selector\":\".form-control\"}.\r\n(tried for 10 seconds with 500 milliseconds interval)\nBuild info: version: '4.40.0', revision: 'b3333f1'\nSystem info: os.name: 'Windows 11', os.arch: 'amd64', os.version: '10.0', java.version: '23.0.1'\nDriver info: org.openqa.selenium.chrome.ChromeDriver\nCapabilities {acceptInsecureCerts: false, browserName: chrome, browserVersion: 145.0.7632.77, chrome: {chromedriverVersion: 145.0.7632.77 (da516187054a..., userDataDir: C:\\Users\\Cisco\\AppData\\Loca...}, fedcm:accounts: true, goog:chromeOptions: {debuggerAddress: localhost:59690}, goog:processID: 18208, networkConnectionEnabled: false, pageLoadStrategy: normal, platformName: windows, proxy: Proxy(), se:cdp: ws://localhost:59690/devtoo..., se:cdpVersion: 145.0.7632.77, setWindowRect: true, strictFileInteractability: false, timeouts: {implicit: 0, pageLoad: 300000, script: 30000}, unhandledPromptBehavior: dismiss and notify, webauthn:extension:credBlob: true, webauthn:extension:largeBlob: true, webauthn:extension:minPinLength: true, webauthn:extension:prf: true, webauthn:virtualAuthenticators: true}\nSession ID: 2a231ac62e9e6af93126f9742c98e6c3","time":{"start":1771696455880,"stop":1771696471920,"duration":16040}},{"uid":"a610fed0904033f2","status":"broken","statusDetails":"Expected condition failed: waiting for visibility of element found by By.xpath: //button[text()='Deposit'], but... org.openqa.selenium.NoSuchElementException: no such element: Unable to locate element: {\"method\":\"xpath\",\"selector\":\"//button[text()='Deposit']\"}.\r\n(tried for 10 seconds with 500 milliseconds interval)\nBuild info: version: '4.40.0', revision: 'b3333f1'\nSystem info: os.name: 'Windows 11', os.arch: 'amd64', os.version: '10.0', java.version: '23.0.1'\nDriver info: org.openqa.selenium.chrome.ChromeDriver\nCapabilities {acceptInsecureCerts: false, browserName: chrome, browserVersion: 145.0.7632.77, chrome: {chromedriverVersion: 145.0.7632.77 (da516187054a..., userDataDir: C:\\Users\\Cisco\\AppData\\Loca...}, fedcm:accounts: true, goog:chromeOptions: {debuggerAddress: localhost:61147}, goog:processID: 6312, networkConnectionEnabled: false, pageLoadStrategy: normal, platformName: windows, proxy: Proxy(), se:cdp: ws://localhost:61147/devtoo..., se:cdpVersion: 145.0.7632.77, setWindowRect: true, strictFileInteractability: false, timeouts: {implicit: 0, pageLoad: 300000, script: 30000}, unhandledPromptBehavior: dismiss and notify, webauthn:extension:credBlob: true, webauthn:extension:largeBlob: true, webauthn:extension:minPinLength: true, webauthn:extension:prf: true, webauthn:virtualAuthenticators: true}\nSession ID: 13da13e56f70c478b7594aa6137abee6","time":{"start":1771693340208,"stop":1771693357627,"duration":17419}},{"uid":"2dfa2ceba01ac5a1","status":"broken","statusDetails":"no such element: Unable to locate element: {\"method\":\"css selector\",\"selector\":\"#userSelect\"}\n  (Session info: chrome=145.0.7632.77)\nFor documentation on this error, please visit: https://www.selenium.dev/documentation/webdriver/troubleshooting/errors#nosuchelementexception\nBuild info: version: '4.40.0', revision: 'b3333f1'\nSystem info: os.name: 'Windows 11', os.arch: 'amd64', os.version: '10.0', java.version: '23.0.1'\nDriver info: org.openqa.selenium.chrome.ChromeDriver\nCommand: [26b9149ab7e2211310fdef67cc4d1783, findElement {value=userSelect, using=id}]\nCapabilities {acceptInsecureCerts: false, browserName: chrome, browserVersion: 145.0.7632.77, chrome: {chromedriverVersion: 145.0.7632.77 (da516187054a..., userDataDir: C:\\Users\\Cisco\\AppData\\Loca...}, fedcm:accounts: true, goog:chromeOptions: {debuggerAddress: localhost:61143}, goog:processID: 5600, networkConnectionEnabled: false, pageLoadStrategy: normal, platformName: windows, proxy: Proxy(), se:cdp: ws://localhost:61143/devtoo..., se:cdpVersion: 145.0.7632.77, setWindowRect: true, strictFileInteractability: false, timeouts: {implicit: 0, pageLoad: 300000, script: 30000}, unhandledPromptBehavior: dismiss and notify, webauthn:extension:credBlob: true, webauthn:extension:largeBlob: true, webauthn:extension:minPinLength: true, webauthn:extension:prf: true, webauthn:virtualAuthenticators: true}\nSession ID: 26b9149ab7e2211310fdef67cc4d1783","time":{"start":1771692497528,"stop":1771692502966,"duration":5438}}],"categories":[],"history":{"statistic":{"failed":0,"broken":5,"skipped":0,"passed":4,"unknown":0,"total":9},"items":[{"uid":"6d18b70bf94a70b4","reportUrl":"../7/index.html#testresult/6d18b70bf94a70b4","status":"passed","time":{"start":1771843993737,"stop":1771844005457,"duration":11720}},{"uid":"51f05197e36bfde8","reportUrl":"../6/index.html#testresult/51f05197e36bfde8","status":"passed","time":{"start":1771843993737,"stop":1771844005457,"duration":11720}},{"uid":"e1b98a902e64b726","reportUrl":"../5/index.html#testresult/e1b98a902e64b726","status":"broken","statusDetails":"Could not start a new session. Response code 500. Message: session not created: Chrome instance exited. Examine ChromeDriver verbose log to determine the cause. \nHost info: host: '2a7cafc2c392', ip: '172.18.0.2'\nBuild info: version: '4.40.0', revision: 'b3333f1'\nSystem info: os.name: 'Linux', os.arch: 'amd64', os.version: '5.15.167.4-microsoft-standard-WSL2', java.version: '17.0.18'\nDriver info: org.openqa.selenium.chrome.ChromeDriver\nCommand: [null, newSession {capabilities=[Capabilities {browserName: chrome, goog:chromeOptions: {args: [--start-maximized], extensions: []}}]}]","time":{"start":1771837149169,"stop":1771837149824,"duration":655}},{"uid":"db612accb114c932","reportUrl":"../4/index.html#testresult/db612accb114c932","status":"broken","statusDetails":"Could not start a new session. Response code 500. Message: session not created: Chrome instance exited. Examine ChromeDriver verbose log to determine the cause. \nHost info: host: '2a7cafc2c392', ip: '172.18.0.2'\nBuild info: version: '4.40.0', revision: 'b3333f1'\nSystem info: os.name: 'Linux', os.arch: 'amd64', os.version: '5.15.167.4-microsoft-standard-WSL2', java.version: '17.0.18'\nDriver info: org.openqa.selenium.chrome.ChromeDriver\nCommand: [null, newSession {capabilities=[Capabilities {browserName: chrome, goog:chromeOptions: {args: [--start-maximized], extensions: []}}]}]","time":{"start":1771837149169,"stop":1771837149824,"duration":655}},{"uid":"9c0a459dba2d907d","reportUrl":"../3/index.html#testresult/9c0a459dba2d907d","status":"broken","statusDetails":"Could not start a new session. Response code 500. Message: session not created: Chrome instance exited. Examine ChromeDriver verbose log to determine the cause. \nHost info: host: '2a7cafc2c392', ip: '172.18.0.2'\nBuild info: version: '4.40.0', revision: 'b3333f1'\nSystem info: os.name: 'Linux', os.arch: 'amd64', os.version: '5.15.167.4-microsoft-standard-WSL2', java.version: '17.0.18'\nDriver info: org.openqa.selenium.chrome.ChromeDriver\nCommand: [null, newSession {capabilities=[Capabilities {browserName: chrome, goog:chromeOptions: {args: [--start-maximized], extensions: []}}]}]","time":{"start":1771837149169,"stop":1771837149824,"duration":655}},{"uid":"6f8cc91fec795605","reportUrl":"../2/index.html#testresult/6f8cc91fec795605","status":"broken","statusDetails":"Could not start a new session. Response code 500. Message: session not created: Chrome instance exited. Examine ChromeDriver verbose log to determine the cause. \nHost info: host: '2a7cafc2c392', ip: '172.18.0.2'\nBuild info: version: '4.40.0', revision: 'b3333f1'\nSystem info: os.name: 'Linux', os.arch: 'amd64', os.version: '5.15.167.4-microsoft-standard-WSL2', java.version: '17.0.18'\nDriver info: org.openqa.selenium.chrome.ChromeDriver\nCommand: [null, newSession {capabilities=[Capabilities {browserName: chrome, goog:chromeOptions: {args: [--start-maximized], extensions: []}}]}]","time":{"start":1771837149169,"stop":1771837149824,"duration":655}},{"uid":"da244a3429c4bb1f","reportUrl":"../1/index.html#testresult/da244a3429c4bb1f","status":"broken","statusDetails":"Could not start a new session. Response code 500. Message: session not created: Chrome instance exited. Examine ChromeDriver verbose log to determine the cause. \nHost info: host: '2a7cafc2c392', ip: '172.18.0.2'\nBuild info: version: '4.40.0', revision: 'b3333f1'\nSystem info: os.name: 'Linux', os.arch: 'amd64', os.version: '5.15.167.4-microsoft-standard-WSL2', java.version: '17.0.18'\nDriver info: org.openqa.selenium.chrome.ChromeDriver\nCommand: [null, newSession {capabilities=[Capabilities {browserName: chrome, goog:chromeOptions: {args: [--start-maximized], extensions: []}}]}]","time":{"start":1771837149169,"stop":1771837149824,"duration":655}},{"uid":"94b514fc2704ce6f","status":"passed","time":{"start":1771796092566,"stop":1771796105545,"duration":12979}}]},"tags":[]},"source":"6def6810c1cec307.json","parameterValues":[]}