{"uid":"78ee70d616cf5ea5","name":"Create a Rupee account for Hermoine Granger","fullName":"org.example.manager.CreateAccountTest.testCreateRupeeAccount","historyId":"a0594094b5c92770389c854037650dd","time":{"start":1771843880864,"stop":1771843887629,"duration":6765},"description":"","status":"passed","flaky":false,"newFailed":false,"newBroken":false,"newPassed":false,"retriesCount":28,"retriesStatusChange":true,"beforeStages":[],"afterStages":[],"labels":[{"name":"junit.platform.uniqueid","value":"[engine:junit-jupiter]/[class:org.example.manager.CreateAccountTest]/[method:testCreateRupeeAccount()]"},{"name":"host","value":"fb7ef22d1c2e"},{"name":"thread","value":"100@fb7ef22d1c2e.main(1)"},{"name":"framework","value":"junit-platform"},{"name":"language","value":"java"},{"name":"package","value":"org.example.manager.CreateAccountTest"},{"name":"testClass","value":"org.example.manager.CreateAccountTest"},{"name":"testMethod","value":"testCreateRupeeAccount"},{"name":"suite","value":"org.example.manager.CreateAccountTest"},{"name":"resultFormat","value":"allure2"}],"parameters":[],"links":[],"hidden":false,"retry":false,"extra":{"severity":"normal","retries":[{"uid":"2eb6d897c7a095e5","status":"broken","statusDetails":"Could not start a new session. Response code 500. Message: session not created: Chrome instance exited. Examine ChromeDriver verbose log to determine the cause. \nHost info: host: '2a7cafc2c392', ip: '172.18.0.2'\nBuild info: version: '4.40.0', revision: 'b3333f1'\nSystem info: os.name: 'Linux', os.arch: 'amd64', os.version: '5.15.167.4-microsoft-standard-WSL2', java.version: '17.0.18'\nDriver info: org.openqa.selenium.chrome.ChromeDriver\nCommand: [null, newSession {capabilities=[Capabilities {browserName: chrome, goog:chromeOptions: {args: [--start-maximized], extensions: []}}]}]","time":{"start":1771837137347,"stop":1771837139636,"duration":2289}},{"uid":"f0809830b24abcee","status":"passed","time":{"start":1771796228493,"stop":1771796236505,"duration":8012}},{"uid":"de47b0481f6094cb","status":"passed","time":{"start":1771795581328,"stop":1771795587259,"duration":5931}},{"uid":"df405bc8e74f3409","status":"passed","time":{"start":1771789662648,"stop":1771789670366,"duration":7718}},{"uid":"909dba93f8af44c2","status":"passed","time":{"start":1771788178107,"stop":1771788186232,"duration":8125}},{"uid":"e060fc822df5ce72","status":"passed","time":{"start":1771767634229,"stop":1771767642589,"duration":8360}},{"uid":"b15e1c395cb02582","status":"passed","time":{"start":1771764585682,"stop":1771764592166,"duration":6484}},{"uid":"bc439b467a239038","status":"passed","time":{"start":1771764542838,"stop":1771764548916,"duration":6078}},{"uid":"9235c1fe7977543c","status":"passed","time":{"start":1771764411382,"stop":1771764417656,"duration":6274}},{"uid":"5d58cd9a8b32ddd8","status":"passed","time":{"start":1771763721273,"stop":1771763727461,"duration":6188}},{"uid":"76b73bf336efa09","status":"passed","time":{"start":1771763158745,"stop":1771763165004,"duration":6259}},{"uid":"66507bca6ffe7a74","status":"passed","time":{"start":1771762797710,"stop":1771762804204,"duration":6494}},{"uid":"c4e05cdc2e4c45bb","status":"passed","time":{"start":1771762429568,"stop":1771762436094,"duration":6526}},{"uid":"c09822eb4e3181b8","status":"passed","time":{"start":1771761628506,"stop":1771761635009,"duration":6503}},{"uid":"3957565b5a46d333","status":"passed","time":{"start":1771760916263,"stop":1771760922236,"duration":5973}},{"uid":"1cc3bad495146d71","status":"passed","time":{"start":1771760170195,"stop":1771760175930,"duration":5735}},{"uid":"2b5ca2b957641216","status":"broken","statusDetails":"Expected condition failed: waiting for element found by By.cssSelector: button[ng-click='manager()'] to be clickable, but the element was not found: org.openqa.selenium.NoSuchElementException: no such element: Unable to locate element: {\"method\":\"css selector\",\"selector\":\"button[ng-click='manager()']\"}.\r\n(tried for 15 seconds with 500 milliseconds interval)\nBuild info: version: '4.40.0', revision: 'b3333f1'\nSystem info: os.name: 'Windows 11', os.arch: 'amd64', os.version: '10.0', java.version: '23.0.1'\nDriver info: org.openqa.selenium.chrome.ChromeDriver\nCapabilities {acceptInsecureCerts: false, browserName: chrome, browserVersion: 145.0.7632.77, chrome: {chromedriverVersion: 145.0.7632.77 (da516187054a..., userDataDir: C:\\Users\\Cisco\\AppData\\Loca...}, fedcm:accounts: true, goog:chromeOptions: {debuggerAddress: localhost:52240}, goog:processID: 21604, networkConnectionEnabled: false, pageLoadStrategy: normal, platformName: windows, proxy: Proxy(), se:cdp: ws://localhost:52240/devtoo..., se:cdpVersion: 145.0.7632.77, setWindowRect: true, strictFileInteractability: false, timeouts: {implicit: 0, pageLoad: 300000, script: 30000}, unhandledPromptBehavior: dismiss and notify, webauthn:extension:credBlob: true, webauthn:extension:largeBlob: true, webauthn:extension:minPinLength: true, webauthn:extension:prf: true, webauthn:virtualAuthenticators: true}\nSession ID: 14cf941c8efd79c1fd2c5cafffd69259","time":{"start":1771759511054,"stop":1771759536133,"duration":25079}},{"uid":"dd8b38fba7661e00","status":"passed","time":{"start":1771714518068,"stop":1771714523884,"duration":5816}},{"uid":"609929bd941c88d0","status":"passed","time":{"start":1771714381556,"stop":1771714387311,"duration":5755}},{"uid":"fd1e0030cd118552","status":"passed","time":{"start":1771713691354,"stop":1771713700210,"duration":8856}},{"uid":"1a4be0e669017fa4","status":"passed","time":{"start":1771713457094,"stop":1771713465280,"duration":8186}},{"uid":"1d259e39ac54c69a","status":"passed","time":{"start":1771713231654,"stop":1771713240008,"duration":8354}},{"uid":"78a5022aebf88ded","status":"passed","time":{"start":1771712946521,"stop":1771712954342,"duration":7821}},{"uid":"94c16b66b4889843","status":"passed","time":{"start":1771712005613,"stop":1771712013439,"duration":7826}},{"uid":"326cef1ff41b9fef","status":"passed","time":{"start":1771710385804,"stop":1771710393162,"duration":7358}},{"uid":"c3801b27bafe8482","status":"passed","time":{"start":1771709576724,"stop":1771709584793,"duration":8069}},{"uid":"5a167747fbb62f9d","status":"passed","time":{"start":1771707159658,"stop":1771707167161,"duration":7503}},{"uid":"e8f8dd194bc5937d","status":"broken","statusDetails":"Expected condition failed: waiting for element found by By.cssSelector: .btn.btn-default to be clickable, but the element was not found: org.openqa.selenium.NoSuchElementException: no such element: Unable to locate element: {\"method\":\"css selector\",\"selector\":\".btn.btn-default\"}.\r\n(tried for 10 seconds with 500 milliseconds interval)\nBuild info: version: '4.40.0', revision: 'b3333f1'\nSystem info: os.name: 'Windows 11', os.arch: 'amd64', os.version: '10.0', java.version: '23.0.1'\nDriver info: org.openqa.selenium.chrome.ChromeDriver\nCapabilities {acceptInsecureCerts: false, browserName: chrome, browserVersion: 145.0.7632.77, chrome: {chromedriverVersion: 145.0.7632.77 (da516187054a..., userDataDir: C:\\Users\\Cisco\\AppData\\Loca...}, fedcm:accounts: true, goog:chromeOptions: {debuggerAddress: localhost:63553}, goog:processID: 20368, networkConnectionEnabled: false, pageLoadStrategy: normal, platformName: windows, proxy: Proxy(), se:cdp: ws://localhost:63553/devtoo..., se:cdpVersion: 145.0.7632.77, setWindowRect: true, strictFileInteractability: false, timeouts: {implicit: 0, pageLoad: 300000, script: 30000}, unhandledPromptBehavior: dismiss and notify, webauthn:extension:credBlob: true, webauthn:extension:largeBlob: true, webauthn:extension:minPinLength: true, webauthn:extension:prf: true, webauthn:virtualAuthenticators: true}\nSession ID: 57591e095c716c02eb0ce0a776430e03","time":{"start":1771696608173,"stop":1771696624529,"duration":16356}}],"categories":[],"history":{"statistic":{"failed":0,"broken":3,"skipped":0,"passed":6,"unknown":0,"total":9},"items":[{"uid":"e5eef0ef14103b23","reportUrl":"../7/index.html#testresult/e5eef0ef14103b23","status":"passed","time":{"start":1771843880864,"stop":1771843887629,"duration":6765}},{"uid":"fa205df35b32bc9b","reportUrl":"../6/index.html#testresult/fa205df35b32bc9b","status":"passed","time":{"start":1771843880864,"stop":1771843887629,"duration":6765}},{"uid":"9240245c27f15085","reportUrl":"../5/index.html#testresult/9240245c27f15085","status":"passed","time":{"start":1771843880864,"stop":1771843887629,"duration":6765}},{"uid":"641798c32164a2ca","reportUrl":"../4/index.html#testresult/641798c32164a2ca","status":"passed","time":{"start":1771843880864,"stop":1771843887629,"duration":6765}},{"uid":"77f02185be4ce383","reportUrl":"../3/index.html#testresult/77f02185be4ce383","status":"broken","statusDetails":"Could not start a new session. Response code 500. Message: session not created: Chrome instance exited. Examine ChromeDriver verbose log to determine the cause. \nHost info: host: '2a7cafc2c392', ip: '172.18.0.2'\nBuild info: version: '4.40.0', revision: 'b3333f1'\nSystem info: os.name: 'Linux', os.arch: 'amd64', os.version: '5.15.167.4-microsoft-standard-WSL2', java.version: '17.0.18'\nDriver info: org.openqa.selenium.chrome.ChromeDriver\nCommand: [null, newSession {capabilities=[Capabilities {browserName: chrome, goog:chromeOptions: {args: [--start-maximized], extensions: []}}]}]","time":{"start":1771837137347,"stop":1771837139636,"duration":2289}},{"uid":"61caca742c7b28b6","reportUrl":"../2/index.html#testresult/61caca742c7b28b6","status":"broken","statusDetails":"Could not start a new session. Response code 500. Message: session not created: Chrome instance exited. Examine ChromeDriver verbose log to determine the cause. \nHost info: host: '2a7cafc2c392', ip: '172.18.0.2'\nBuild info: version: '4.40.0', revision: 'b3333f1'\nSystem info: os.name: 'Linux', os.arch: 'amd64', os.version: '5.15.167.4-microsoft-standard-WSL2', java.version: '17.0.18'\nDriver info: org.openqa.selenium.chrome.ChromeDriver\nCommand: [null, newSession {capabilities=[Capabilities {browserName: chrome, goog:chromeOptions: {args: [--start-maximized], extensions: []}}]}]","time":{"start":1771837137347,"stop":1771837139636,"duration":2289}},{"uid":"30b6f40a8306919f","reportUrl":"../1/index.html#testresult/30b6f40a8306919f","status":"broken","statusDetails":"Could not start a new session. Response code 500. Message: session not created: Chrome instance exited. Examine ChromeDriver verbose log to determine the cause. \nHost info: host: '2a7cafc2c392', ip: '172.18.0.2'\nBuild info: version: '4.40.0', revision: 'b3333f1'\nSystem info: os.name: 'Linux', os.arch: 'amd64', os.version: '5.15.167.4-microsoft-standard-WSL2', java.version: '17.0.18'\nDriver info: org.openqa.selenium.chrome.ChromeDriver\nCommand: [null, newSession {capabilities=[Capabilities {browserName: chrome, goog:chromeOptions: {args: [--start-maximized], extensions: []}}]}]","time":{"start":1771837137347,"stop":1771837139636,"duration":2289}},{"uid":"5deb23cffa667dad","status":"passed","time":{"start":1771796228493,"stop":1771796236505,"duration":8012}}]},"tags":[]},"source":"78ee70d616cf5ea5.json","parameterValues":[]}