{"uid":"62129cc986edee09","name":"Withdraw more than balance does not update balance","fullName":"org.example.customer.WithdrawTest.testWithdrawMoreThanBalance","historyId":"874205db4ba5494afa15040370645b36","time":{"start":1771844028338,"stop":1771844038564,"duration":10226},"description":"","status":"passed","flaky":false,"newFailed":false,"newBroken":false,"newPassed":false,"retriesCount":22,"retriesStatusChange":true,"beforeStages":[],"afterStages":[],"labels":[{"name":"junit.platform.uniqueid","value":"[engine:junit-jupiter]/[class:org.example.customer.WithdrawTest]/[method:testWithdrawMoreThanBalance()]"},{"name":"host","value":"fb7ef22d1c2e"},{"name":"thread","value":"100@fb7ef22d1c2e.main(1)"},{"name":"framework","value":"junit-platform"},{"name":"language","value":"java"},{"name":"package","value":"org.example.customer.WithdrawTest"},{"name":"testClass","value":"org.example.customer.WithdrawTest"},{"name":"testMethod","value":"testWithdrawMoreThanBalance"},{"name":"suite","value":"org.example.customer.WithdrawTest"},{"name":"resultFormat","value":"allure2"}],"parameters":[],"links":[],"hidden":false,"retry":false,"extra":{"severity":"normal","retries":[{"uid":"ba126ff50418d91f","status":"broken","statusDetails":"Could not start a new session. Response code 500. Message: session not created: Chrome instance exited. Examine ChromeDriver verbose log to determine the cause. \nHost info: host: '2a7cafc2c392', ip: '172.18.0.2'\nBuild info: version: '4.40.0', revision: 'b3333f1'\nSystem info: os.name: 'Linux', os.arch: 'amd64', os.version: '5.15.167.4-microsoft-standard-WSL2', java.version: '17.0.18'\nDriver info: org.openqa.selenium.chrome.ChromeDriver\nCommand: [null, newSession {capabilities=[Capabilities {browserName: chrome, goog:chromeOptions: {args: [--start-maximized], extensions: []}}]}]","time":{"start":1771837152094,"stop":1771837152685,"duration":591}},{"uid":"f7086105187696eb","status":"passed","time":{"start":1771796131271,"stop":1771796143897,"duration":12626}},{"uid":"a48b59fd8e434b45","status":"passed","time":{"start":1771795500819,"stop":1771795512416,"duration":11597}},{"uid":"5d8562678eb65319","status":"passed","time":{"start":1771789573460,"stop":1771789585908,"duration":12448}},{"uid":"754fd5f455dfa1d","status":"failed","statusDetails":"expected: <1000> but was: <100999>","time":{"start":1771788082458,"stop":1771788095099,"duration":12641}},{"uid":"e1c5a4f6d156cc46","status":"failed","statusDetails":"expected: <1000> but was: <100999>","time":{"start":1771767536419,"stop":1771767549068,"duration":12649}},{"uid":"c07bac6000e8d56f","status":"failed","statusDetails":"expected: <1000> but was: <100999>","time":{"start":1771764344469,"stop":1771764351501,"duration":7032}},{"uid":"d97429be7f159c0f","status":"failed","statusDetails":"expected: <1000> but was: <100999>","time":{"start":1771763648956,"stop":1771763657137,"duration":8181}},{"uid":"73fa79bc37e947db","status":"failed","statusDetails":"expected: <1000> but was: <100999>","time":{"start":1771763099842,"stop":1771763107084,"duration":7242}},{"uid":"50d53a9a6ed65a5e","status":"broken","statusDetails":"Expected condition failed: waiting for element found by By.cssSelector: button.btn-default[type='submit'] to become invisible\r\n(tried for 10 seconds with 500 milliseconds interval)\nBuild info: version: '4.40.0', revision: 'b3333f1'\nSystem info: os.name: 'Windows 11', os.arch: 'amd64', os.version: '10.0', java.version: '23.0.1'\nDriver info: org.openqa.selenium.chrome.ChromeDriver\nCapabilities {acceptInsecureCerts: false, browserName: chrome, browserVersion: 145.0.7632.77, chrome: {chromedriverVersion: 145.0.7632.77 (da516187054a..., userDataDir: C:\\Users\\Cisco\\AppData\\Loca...}, fedcm:accounts: true, goog:chromeOptions: {debuggerAddress: localhost:58747}, goog:processID: 24604, networkConnectionEnabled: false, pageLoadStrategy: normal, platformName: windows, proxy: Proxy(), se:cdp: ws://localhost:58747/devtoo..., se:cdpVersion: 145.0.7632.77, setWindowRect: true, strictFileInteractability: false, timeouts: {implicit: 0, pageLoad: 300000, script: 30000}, unhandledPromptBehavior: dismiss and notify, webauthn:extension:credBlob: true, webauthn:extension:largeBlob: true, webauthn:extension:minPinLength: true, webauthn:extension:prf: true, webauthn:virtualAuthenticators: true}\nSession ID: c3bd2cf2666341cef9a0f8cf1a58a94a","time":{"start":1771762732985,"stop":1771762749882,"duration":16897}},{"uid":"7ab67875c682431b","status":"broken","statusDetails":"Expected condition failed: waiting for org.example.pages.CustomerDashboardPage$$Lambda/0x00000287102f1bf0@ac4e690\r\n(tried for 10 seconds with 500 milliseconds interval)\nBuild info: version: '4.40.0', revision: 'b3333f1'\nSystem info: os.name: 'Windows 11', os.arch: 'amd64', os.version: '10.0', java.version: '23.0.1'\nDriver info: org.openqa.selenium.chrome.ChromeDriver\nCapabilities {acceptInsecureCerts: false, browserName: chrome, browserVersion: 145.0.7632.77, chrome: {chromedriverVersion: 145.0.7632.77 (da516187054a..., userDataDir: C:\\Users\\Cisco\\AppData\\Loca...}, fedcm:accounts: true, goog:chromeOptions: {debuggerAddress: localhost:62963}, goog:processID: 23988, networkConnectionEnabled: false, pageLoadStrategy: normal, platformName: windows, proxy: Proxy(), se:cdp: ws://localhost:62963/devtoo..., se:cdpVersion: 145.0.7632.77, setWindowRect: true, strictFileInteractability: false, timeouts: {implicit: 0, pageLoad: 300000, script: 30000}, unhandledPromptBehavior: dismiss and notify, webauthn:extension:credBlob: true, webauthn:extension:largeBlob: true, webauthn:extension:minPinLength: true, webauthn:extension:prf: true, webauthn:virtualAuthenticators: true}\nSession ID: c1c27fdc0f2c9163580d47077f06419c","time":{"start":1771762363375,"stop":1771762380098,"duration":16723}},{"uid":"65c64d24884375f7","status":"failed","statusDetails":"expected: <1000> but was: <100999>","time":{"start":1771761566630,"stop":1771761573936,"duration":7306}},{"uid":"b50ed61b32d7360","status":"failed","statusDetails":"expected: <1000> but was: <100999>","time":{"start":1771760848454,"stop":1771760855513,"duration":7059}},{"uid":"1fac29b0957ca709","status":"failed","statusDetails":"expected: <1000> but was: <100999>","time":{"start":1771760101873,"stop":1771760109321,"duration":7448}},{"uid":"18d5c1d404ef1b76","status":"broken","statusDetails":"Expected condition failed: waiting for element found by By.cssSelector: button[ng-click='customer()'] to be clickable, but the element was not found: org.openqa.selenium.NoSuchElementException: no such element: Unable to locate element: {\"method\":\"css selector\",\"selector\":\"button[ng-click='customer()']\"}.\r\n(tried for 15 seconds with 500 milliseconds interval)\nBuild info: version: '4.40.0', revision: 'b3333f1'\nSystem info: os.name: 'Windows 11', os.arch: 'amd64', os.version: '10.0', java.version: '23.0.1'\nDriver info: org.openqa.selenium.chrome.ChromeDriver\nCapabilities {acceptInsecureCerts: false, browserName: chrome, browserVersion: 145.0.7632.77, chrome: {chromedriverVersion: 145.0.7632.77 (da516187054a..., userDataDir: C:\\Users\\Cisco\\AppData\\Loca...}, fedcm:accounts: true, goog:chromeOptions: {debuggerAddress: localhost:64010}, goog:processID: 24820, networkConnectionEnabled: false, pageLoadStrategy: normal, platformName: windows, proxy: Proxy(), se:cdp: ws://localhost:64010/devtoo..., se:cdpVersion: 145.0.7632.77, setWindowRect: true, strictFileInteractability: false, timeouts: {implicit: 0, pageLoad: 300000, script: 30000}, unhandledPromptBehavior: dismiss and notify, webauthn:extension:credBlob: true, webauthn:extension:largeBlob: true, webauthn:extension:minPinLength: true, webauthn:extension:prf: true, webauthn:virtualAuthenticators: true}\nSession ID: 4bd97ad7bef540242068ffd128fb575b","time":{"start":1771759259280,"stop":1771759284746,"duration":25466}},{"uid":"ff325d6a1fdd1f40","status":"failed","statusDetails":"expected: <1000> but was: <100999>","time":{"start":1771713142850,"stop":1771713153011,"duration":10161}},{"uid":"865fc07b79e88ac6","status":"failed","statusDetails":"expected: <1000> but was: <100999>","time":{"start":1771712863324,"stop":1771712873473,"duration":10149}},{"uid":"262f352e76ec1534","status":"broken","statusDetails":"Cannot locate option with text: Ron Weasley\nFor documentation on this error, please visit: https://www.selenium.dev/documentation/webdriver/troubleshooting/errors#nosuchelementexception\nBuild info: version: '4.40.0', revision: 'b3333f1'\nSystem info: os.name: 'Windows 11', os.arch: 'amd64', os.version: '10.0', java.version: '23.0.1'\nDriver info: driver.version: unknown","time":{"start":1771711931916,"stop":1771711938500,"duration":6584}},{"uid":"a588ed5aadf11be","status":"failed","statusDetails":"expected: <1000> but was: <100999>","time":{"start":1771710310431,"stop":1771710318826,"duration":8395}},{"uid":"b7b11ee79a5ac0ce","status":"passed","time":{"start":1771709497069,"stop":1771709505353,"duration":8284}},{"uid":"a4d370d21545bf84","status":"passed","time":{"start":1771707083366,"stop":1771707091814,"duration":8448}},{"uid":"9724b63f3930138e","status":"broken","statusDetails":"Expected condition failed: waiting for visibility of element found by By.cssSelector: .form-control, but... org.openqa.selenium.NoSuchElementException: no such element: Unable to locate element: {\"method\":\"css selector\",\"selector\":\".form-control\"}.\r\n(tried for 10 seconds with 500 milliseconds interval)\nBuild info: version: '4.40.0', revision: 'b3333f1'\nSystem info: os.name: 'Windows 11', os.arch: 'amd64', os.version: '10.0', java.version: '23.0.1'\nDriver info: org.openqa.selenium.chrome.ChromeDriver\nCapabilities {acceptInsecureCerts: false, browserName: chrome, browserVersion: 145.0.7632.77, chrome: {chromedriverVersion: 145.0.7632.77 (da516187054a..., userDataDir: C:\\Users\\Cisco\\AppData\\Loca...}, fedcm:accounts: true, goog:chromeOptions: {debuggerAddress: localhost:61770}, goog:processID: 8376, networkConnectionEnabled: false, pageLoadStrategy: normal, platformName: windows, proxy: Proxy(), se:cdp: ws://localhost:61770/devtoo..., se:cdpVersion: 145.0.7632.77, setWindowRect: true, strictFileInteractability: false, timeouts: {implicit: 0, pageLoad: 300000, script: 30000}, unhandledPromptBehavior: dismiss and notify, webauthn:extension:credBlob: true, webauthn:extension:largeBlob: true, webauthn:extension:minPinLength: true, webauthn:extension:prf: true, webauthn:virtualAuthenticators: true}\nSession ID: 30526c87a25d96b08f46b7cd4ebb6406","time":{"start":1771696504400,"stop":1771696520426,"duration":16026}}],"categories":[],"history":{"statistic":{"failed":0,"broken":5,"skipped":0,"passed":3,"unknown":0,"total":8},"items":[{"uid":"7281dca97242d37","reportUrl":"../6/index.html#testresult/7281dca97242d37","status":"passed","time":{"start":1771844028338,"stop":1771844038564,"duration":10226}},{"uid":"5ab6692173634ed8","reportUrl":"../5/index.html#testresult/5ab6692173634ed8","status":"broken","statusDetails":"Could not start a new session. Response code 500. Message: session not created: Chrome instance exited. Examine ChromeDriver verbose log to determine the cause. \nHost info: host: '2a7cafc2c392', ip: '172.18.0.2'\nBuild info: version: '4.40.0', revision: 'b3333f1'\nSystem info: os.name: 'Linux', os.arch: 'amd64', os.version: '5.15.167.4-microsoft-standard-WSL2', java.version: '17.0.18'\nDriver info: org.openqa.selenium.chrome.ChromeDriver\nCommand: [null, newSession {capabilities=[Capabilities {browserName: chrome, goog:chromeOptions: {args: [--start-maximized], extensions: []}}]}]","time":{"start":1771837152094,"stop":1771837152685,"duration":591}},{"uid":"7f3d0d6a1964e57a","reportUrl":"../4/index.html#testresult/7f3d0d6a1964e57a","status":"broken","statusDetails":"Could not start a new session. Response code 500. Message: session not created: Chrome instance exited. Examine ChromeDriver verbose log to determine the cause. \nHost info: host: '2a7cafc2c392', ip: '172.18.0.2'\nBuild info: version: '4.40.0', revision: 'b3333f1'\nSystem info: os.name: 'Linux', os.arch: 'amd64', os.version: '5.15.167.4-microsoft-standard-WSL2', java.version: '17.0.18'\nDriver info: org.openqa.selenium.chrome.ChromeDriver\nCommand: [null, newSession {capabilities=[Capabilities {browserName: chrome, goog:chromeOptions: {args: [--start-maximized], extensions: []}}]}]","time":{"start":1771837152094,"stop":1771837152685,"duration":591}},{"uid":"4314656687fe8a92","reportUrl":"../3/index.html#testresult/4314656687fe8a92","status":"broken","statusDetails":"Could not start a new session. Response code 500. Message: session not created: Chrome instance exited. Examine ChromeDriver verbose log to determine the cause. \nHost info: host: '2a7cafc2c392', ip: '172.18.0.2'\nBuild info: version: '4.40.0', revision: 'b3333f1'\nSystem info: os.name: 'Linux', os.arch: 'amd64', os.version: '5.15.167.4-microsoft-standard-WSL2', java.version: '17.0.18'\nDriver info: org.openqa.selenium.chrome.ChromeDriver\nCommand: [null, newSession {capabilities=[Capabilities {browserName: chrome, goog:chromeOptions: {args: [--start-maximized], extensions: []}}]}]","time":{"start":1771837152094,"stop":1771837152685,"duration":591}},{"uid":"3416db7af3036818","reportUrl":"../2/index.html#testresult/3416db7af3036818","status":"broken","statusDetails":"Could not start a new session. Response code 500. Message: session not created: Chrome instance exited. Examine ChromeDriver verbose log to determine the cause. \nHost info: host: '2a7cafc2c392', ip: '172.18.0.2'\nBuild info: version: '4.40.0', revision: 'b3333f1'\nSystem info: os.name: 'Linux', os.arch: 'amd64', os.version: '5.15.167.4-microsoft-standard-WSL2', java.version: '17.0.18'\nDriver info: org.openqa.selenium.chrome.ChromeDriver\nCommand: [null, newSession {capabilities=[Capabilities {browserName: chrome, goog:chromeOptions: {args: [--start-maximized], extensions: []}}]}]","time":{"start":1771837152094,"stop":1771837152685,"duration":591}},{"uid":"4bd2a7d4f5c6c9c5","reportUrl":"../1/index.html#testresult/4bd2a7d4f5c6c9c5","status":"broken","statusDetails":"Could not start a new session. Response code 500. Message: session not created: Chrome instance exited. Examine ChromeDriver verbose log to determine the cause. \nHost info: host: '2a7cafc2c392', ip: '172.18.0.2'\nBuild info: version: '4.40.0', revision: 'b3333f1'\nSystem info: os.name: 'Linux', os.arch: 'amd64', os.version: '5.15.167.4-microsoft-standard-WSL2', java.version: '17.0.18'\nDriver info: org.openqa.selenium.chrome.ChromeDriver\nCommand: [null, newSession {capabilities=[Capabilities {browserName: chrome, goog:chromeOptions: {args: [--start-maximized], extensions: []}}]}]","time":{"start":1771837152094,"stop":1771837152685,"duration":591}},{"uid":"4a21b7384adb1906","status":"passed","time":{"start":1771796131271,"stop":1771796143897,"duration":12626}}]},"tags":[]},"source":"62129cc986edee09.json","parameterValues":[]}