{"uid":"6bb8ec11be0ebaa3","name":"Add customer with numeric name - app accepts it","fullName":"org.example.manager.AddCustomerTest.testAddCustomerWithNumericName","historyId":"7915bc490b61c589b50ccde862f1ea3","time":{"start":1771843927872,"stop":1771843933282,"duration":5410},"description":"","status":"passed","flaky":false,"newFailed":false,"newBroken":false,"newPassed":false,"retriesCount":29,"retriesStatusChange":true,"beforeStages":[],"afterStages":[],"labels":[{"name":"junit.platform.uniqueid","value":"[engine:junit-jupiter]/[class:org.example.manager.AddCustomerTest]/[method:testAddCustomerWithNumericName()]"},{"name":"host","value":"fb7ef22d1c2e"},{"name":"thread","value":"100@fb7ef22d1c2e.main(1)"},{"name":"framework","value":"junit-platform"},{"name":"language","value":"java"},{"name":"package","value":"org.example.manager.AddCustomerTest"},{"name":"testClass","value":"org.example.manager.AddCustomerTest"},{"name":"testMethod","value":"testAddCustomerWithNumericName"},{"name":"suite","value":"org.example.manager.AddCustomerTest"},{"name":"resultFormat","value":"allure2"}],"parameters":[],"links":[],"hidden":false,"retry":false,"extra":{"severity":"normal","retries":[{"uid":"25623c0e8ba2665f","status":"broken","statusDetails":"Could not start a new session. Response code 500. Message: session not created: Chrome instance exited. Examine ChromeDriver verbose log to determine the cause. \nHost info: host: '2a7cafc2c392', ip: '172.18.0.2'\nBuild info: version: '4.40.0', revision: 'b3333f1'\nSystem info: os.name: 'Linux', os.arch: 'amd64', os.version: '5.15.167.4-microsoft-standard-WSL2', java.version: '17.0.18'\nDriver info: org.openqa.selenium.chrome.ChromeDriver\nCommand: [null, newSession {capabilities=[Capabilities {browserName: chrome, goog:chromeOptions: {args: [--start-maximized], extensions: []}}]}]","time":{"start":1771837145393,"stop":1771837146459,"duration":1066}},{"uid":"2e4499387c628c81","status":"passed","time":{"start":1771796187118,"stop":1771796195320,"duration":8202}},{"uid":"ec770dfadab91469","status":"passed","time":{"start":1771795547123,"stop":1771795554847,"duration":7724}},{"uid":"9d1d68bf1a47d1fb","status":"passed","time":{"start":1771789624608,"stop":1771789631652,"duration":7044}},{"uid":"3078c1408d61a289","status":"passed","time":{"start":1771788136235,"stop":1771788144258,"duration":8023}},{"uid":"5c27794f62e4b54c","status":"passed","time":{"start":1771767591430,"stop":1771767599287,"duration":7857}},{"uid":"2c6ca59d0f3950c2","status":"broken","statusDetails":"no such window: target window already closed\nfrom unknown error: web view not found\n  (Session info: chrome=145.0.7632.77)\nBuild info: version: '4.40.0', revision: 'b3333f1'\nSystem info: os.name: 'Windows 11', os.arch: 'amd64', os.version: '10.0', java.version: '23.0.1'\nDriver info: org.openqa.selenium.chrome.ChromeDriver\nCommand: [c4d9eef63febbd261f46ae3af5336361, get {url=https://www.globalsqa.com/angularJs-protractor/BankingProject/index.html#/login}]\nCapabilities {acceptInsecureCerts: false, browserName: chrome, browserVersion: 145.0.7632.77, chrome: {chromedriverVersion: 145.0.7632.77 (da516187054a..., userDataDir: C:\\Users\\Cisco\\AppData\\Loca...}, fedcm:accounts: true, goog:chromeOptions: {debuggerAddress: localhost:49214}, goog:processID: 7620, networkConnectionEnabled: false, pageLoadStrategy: normal, platformName: windows, proxy: Proxy(), se:cdp: ws://localhost:49214/devtoo..., se:cdpVersion: 145.0.7632.77, setWindowRect: true, strictFileInteractability: false, timeouts: {implicit: 0, pageLoad: 300000, script: 30000}, unhandledPromptBehavior: dismiss and notify, webauthn:extension:credBlob: true, webauthn:extension:largeBlob: true, webauthn:extension:minPinLength: true, webauthn:extension:prf: true, webauthn:virtualAuthenticators: true}\nSession ID: c4d9eef63febbd261f46ae3af5336361","time":{"start":1771767139072,"stop":1771767143075,"duration":4003}},{"uid":"e48e7643f432602a","status":"passed","time":{"start":1771767019208,"stop":1771767028246,"duration":9038}},{"uid":"d6307f6958fc49ed","status":"passed","time":{"start":1771764377775,"stop":1771764384143,"duration":6368}},{"uid":"8eed53e19797fbc3","status":"passed","time":{"start":1771763687409,"stop":1771763694113,"duration":6704}},{"uid":"b0cbbee328c4a9e2","status":"passed","time":{"start":1771763120241,"stop":1771763127265,"duration":7024}},{"uid":"112b6759adfb3372","status":"passed","time":{"start":1771762762924,"stop":1771762769386,"duration":6462}},{"uid":"250a8577dbf1a3cd","status":"passed","time":{"start":1771762393080,"stop":1771762400091,"duration":7011}},{"uid":"b6f1245443657de8","status":"passed","time":{"start":1771761589288,"stop":1771761597940,"duration":8652}},{"uid":"3c4f5524b0dc828c","status":"passed","time":{"start":1771760882401,"stop":1771760888973,"duration":6572}},{"uid":"503ca105ff2a58aa","status":"passed","time":{"start":1771760137240,"stop":1771760143768,"duration":6528}},{"uid":"ee08d53300cecc8f","status":"broken","statusDetails":"Expected condition failed: waiting for element found by By.cssSelector: button[ng-click='manager()'] to be clickable, but the element was not found: org.openqa.selenium.NoSuchElementException: no such element: Unable to locate element: {\"method\":\"css selector\",\"selector\":\"button[ng-click='manager()']\"}.\r\n(tried for 15 seconds with 500 milliseconds interval)\nBuild info: version: '4.40.0', revision: 'b3333f1'\nSystem info: os.name: 'Windows 11', os.arch: 'amd64', os.version: '10.0', java.version: '23.0.1'\nDriver info: org.openqa.selenium.chrome.ChromeDriver\nCapabilities {acceptInsecureCerts: false, browserName: chrome, browserVersion: 145.0.7632.77, chrome: {chromedriverVersion: 145.0.7632.77 (da516187054a..., userDataDir: C:\\Users\\Cisco\\AppData\\Loca...}, fedcm:accounts: true, goog:chromeOptions: {debuggerAddress: localhost:52896}, goog:processID: 4620, networkConnectionEnabled: false, pageLoadStrategy: normal, platformName: windows, proxy: Proxy(), se:cdp: ws://localhost:52896/devtoo..., se:cdpVersion: 145.0.7632.77, setWindowRect: true, strictFileInteractability: false, timeouts: {implicit: 0, pageLoad: 300000, script: 30000}, unhandledPromptBehavior: dismiss and notify, webauthn:extension:credBlob: true, webauthn:extension:largeBlob: true, webauthn:extension:minPinLength: true, webauthn:extension:prf: true, webauthn:virtualAuthenticators: true}\nSession ID: c2345eab822872b165a54bb420dd9880","time":{"start":1771759384620,"stop":1771759410838,"duration":26218}},{"uid":"485610cf8d95020e","status":"broken","statusDetails":"Expected condition failed: waiting for element found by By.cssSelector: button[ng-click='manager()'] to be clickable, but the element was not found: org.openqa.selenium.NoSuchElementException: no such element: Unable to locate element: {\"method\":\"css selector\",\"selector\":\"button[ng-click='manager()']\"}.\r\n(tried for 10 seconds with 500 milliseconds interval)\nBuild info: version: '4.40.0', revision: 'b3333f1'\nSystem info: os.name: 'Windows 11', os.arch: 'amd64', os.version: '10.0', java.version: '23.0.1'\nDriver info: org.openqa.selenium.chrome.ChromeDriver\nCapabilities {acceptInsecureCerts: false, browserName: chrome, browserVersion: 145.0.7632.77, chrome: {chromedriverVersion: 145.0.7632.77 (da516187054a..., userDataDir: C:\\Users\\Cisco\\AppData\\Loca...}, fedcm:accounts: true, goog:chromeOptions: {debuggerAddress: localhost:63317}, goog:processID: 11576, networkConnectionEnabled: false, pageLoadStrategy: normal, platformName: windows, proxy: Proxy(), se:cdp: ws://localhost:63317/devtoo..., se:cdpVersion: 145.0.7632.77, setWindowRect: true, strictFileInteractability: false, timeouts: {implicit: 0, pageLoad: 300000, script: 30000}, unhandledPromptBehavior: dismiss and notify, webauthn:extension:credBlob: true, webauthn:extension:largeBlob: true, webauthn:extension:minPinLength: true, webauthn:extension:prf: true, webauthn:virtualAuthenticators: true}\nSession ID: 20a2ea2c71466bea260553987cdd206a","time":{"start":1771714930933,"stop":1771714950278,"duration":19345}},{"uid":"238098f3f341d60c","status":"passed","time":{"start":1771714489364,"stop":1771714495383,"duration":6019}},{"uid":"b69ff69d6cf7acb2","status":"passed","time":{"start":1771714351550,"stop":1771714357679,"duration":6129}},{"uid":"911da6946480403b","status":"passed","time":{"start":1771713651958,"stop":1771713660396,"duration":8438}},{"uid":"ffbd34ca203e8e06","status":"passed","time":{"start":1771713415714,"stop":1771713425834,"duration":10120}},{"uid":"77202ac4b5ea0968","status":"passed","time":{"start":1771713191555,"stop":1771713199733,"duration":8178}},{"uid":"463bd67b2f0b4138","status":"passed","time":{"start":1771712907789,"stop":1771712915702,"duration":7913}},{"uid":"256842fb4ff41a70","status":"passed","time":{"start":1771711967494,"stop":1771711975270,"duration":7776}},{"uid":"d122a9cb98905e27","status":"passed","time":{"start":1771710351202,"stop":1771710358693,"duration":7491}},{"uid":"e519bb26be1d029a","status":"passed","time":{"start":1771709540025,"stop":1771709548307,"duration":8282}},{"uid":"fa5ba6ec579434b8","status":"failed","statusDetails":"expected: <false> but was: <true>","time":{"start":1771707125238,"stop":1771707132121,"duration":6883}},{"uid":"6419477a6ae855fe","status":"passed","time":{"start":1771696566278,"stop":1771696572274,"duration":5996}}],"categories":[],"history":{"statistic":{"failed":0,"broken":3,"skipped":0,"passed":5,"unknown":0,"total":8},"items":[{"uid":"88b928205c8a117e","reportUrl":"../6/index.html#testresult/88b928205c8a117e","status":"passed","time":{"start":1771843927872,"stop":1771843933282,"duration":5410}},{"uid":"fda509e23ff119d6","reportUrl":"../5/index.html#testresult/fda509e23ff119d6","status":"passed","time":{"start":1771843927872,"stop":1771843933282,"duration":5410}},{"uid":"9207d42bcdcc4742","reportUrl":"../4/index.html#testresult/9207d42bcdcc4742","status":"passed","time":{"start":1771843927872,"stop":1771843933282,"duration":5410}},{"uid":"90e6849b53f9a85d","reportUrl":"../3/index.html#testresult/90e6849b53f9a85d","status":"broken","statusDetails":"Could not start a new session. Response code 500. Message: session not created: Chrome instance exited. Examine ChromeDriver verbose log to determine the cause. \nHost info: host: '2a7cafc2c392', ip: '172.18.0.2'\nBuild info: version: '4.40.0', revision: 'b3333f1'\nSystem info: os.name: 'Linux', os.arch: 'amd64', os.version: '5.15.167.4-microsoft-standard-WSL2', java.version: '17.0.18'\nDriver info: org.openqa.selenium.chrome.ChromeDriver\nCommand: [null, newSession {capabilities=[Capabilities {browserName: chrome, goog:chromeOptions: {args: [--start-maximized], extensions: []}}]}]","time":{"start":1771837145393,"stop":1771837146459,"duration":1066}},{"uid":"bd76c7863ca30852","reportUrl":"../2/index.html#testresult/bd76c7863ca30852","status":"broken","statusDetails":"Could not start a new session. Response code 500. Message: session not created: Chrome instance exited. Examine ChromeDriver verbose log to determine the cause. \nHost info: host: '2a7cafc2c392', ip: '172.18.0.2'\nBuild info: version: '4.40.0', revision: 'b3333f1'\nSystem info: os.name: 'Linux', os.arch: 'amd64', os.version: '5.15.167.4-microsoft-standard-WSL2', java.version: '17.0.18'\nDriver info: org.openqa.selenium.chrome.ChromeDriver\nCommand: [null, newSession {capabilities=[Capabilities {browserName: chrome, goog:chromeOptions: {args: [--start-maximized], extensions: []}}]}]","time":{"start":1771837145393,"stop":1771837146459,"duration":1066}},{"uid":"f885eafcaa30d8d7","reportUrl":"../1/index.html#testresult/f885eafcaa30d8d7","status":"broken","statusDetails":"Could not start a new session. Response code 500. Message: session not created: Chrome instance exited. Examine ChromeDriver verbose log to determine the cause. \nHost info: host: '2a7cafc2c392', ip: '172.18.0.2'\nBuild info: version: '4.40.0', revision: 'b3333f1'\nSystem info: os.name: 'Linux', os.arch: 'amd64', os.version: '5.15.167.4-microsoft-standard-WSL2', java.version: '17.0.18'\nDriver info: org.openqa.selenium.chrome.ChromeDriver\nCommand: [null, newSession {capabilities=[Capabilities {browserName: chrome, goog:chromeOptions: {args: [--start-maximized], extensions: []}}]}]","time":{"start":1771837145393,"stop":1771837146459,"duration":1066}},{"uid":"1c53e68d04441646","status":"passed","time":{"start":1771796187118,"stop":1771796195320,"duration":8202}}]},"tags":[]},"source":"6bb8ec11be0ebaa3.json","parameterValues":[]}