{"uid":"9207d42bcdcc4742","name":"Add customer with numeric name - app accepts it","fullName":"org.example.manager.AddCustomerTest.testAddCustomerWithNumericName","historyId":"7915bc490b61c589b50ccde862f1ea3","time":{"start":1771843927872,"stop":1771843933282,"duration":5410},"description":"","status":"passed","flaky":false,"newFailed":false,"newBroken":false,"newPassed":true,"retriesCount":29,"retriesStatusChange":true,"beforeStages":[],"afterStages":[],"labels":[{"name":"junit.platform.uniqueid","value":"[engine:junit-jupiter]/[class:org.example.manager.AddCustomerTest]/[method:testAddCustomerWithNumericName()]"},{"name":"host","value":"fb7ef22d1c2e"},{"name":"thread","value":"100@fb7ef22d1c2e.main(1)"},{"name":"framework","value":"junit-platform"},{"name":"language","value":"java"},{"name":"package","value":"org.example.manager.AddCustomerTest"},{"name":"testClass","value":"org.example.manager.AddCustomerTest"},{"name":"testMethod","value":"testAddCustomerWithNumericName"},{"name":"suite","value":"org.example.manager.AddCustomerTest"},{"name":"resultFormat","value":"allure2"}],"parameters":[],"links":[],"hidden":false,"retry":false,"extra":{"severity":"normal","retries":[{"uid":"863e829324ffcbae","status":"broken","statusDetails":"Could not start a new session. Response code 500. Message: session not created: Chrome instance exited. Examine ChromeDriver verbose log to determine the cause. \nHost info: host: '2a7cafc2c392', ip: '172.18.0.2'\nBuild info: version: '4.40.0', revision: 'b3333f1'\nSystem info: os.name: 'Linux', os.arch: 'amd64', os.version: '5.15.167.4-microsoft-standard-WSL2', java.version: '17.0.18'\nDriver info: org.openqa.selenium.chrome.ChromeDriver\nCommand: [null, newSession {capabilities=[Capabilities {browserName: chrome, goog:chromeOptions: {args: [--start-maximized], extensions: []}}]}]","time":{"start":1771837145393,"stop":1771837146459,"duration":1066}},{"uid":"d662a7375cd5a3ce","status":"passed","time":{"start":1771796187118,"stop":1771796195320,"duration":8202}},{"uid":"fdb83886742d16a8","status":"passed","time":{"start":1771795547123,"stop":1771795554847,"duration":7724}},{"uid":"36d0d6a490e6b16a","status":"passed","time":{"start":1771789624608,"stop":1771789631652,"duration":7044}},{"uid":"24da0dd5a6da3f93","status":"passed","time":{"start":1771788136235,"stop":1771788144258,"duration":8023}},{"uid":"78631b0cfaa727a2","status":"passed","time":{"start":1771767591430,"stop":1771767599287,"duration":7857}},{"uid":"2da39ecc38f88a27","status":"broken","statusDetails":"no such window: target window already closed\nfrom unknown error: web view not found\n  (Session info: chrome=145.0.7632.77)\nBuild info: version: '4.40.0', revision: 'b3333f1'\nSystem info: os.name: 'Windows 11', os.arch: 'amd64', os.version: '10.0', java.version: '23.0.1'\nDriver info: org.openqa.selenium.chrome.ChromeDriver\nCommand: [c4d9eef63febbd261f46ae3af5336361, get {url=https://www.globalsqa.com/angularJs-protractor/BankingProject/index.html#/login}]\nCapabilities {acceptInsecureCerts: false, browserName: chrome, browserVersion: 145.0.7632.77, chrome: {chromedriverVersion: 145.0.7632.77 (da516187054a..., userDataDir: C:\\Users\\Cisco\\AppData\\Loca...}, fedcm:accounts: true, goog:chromeOptions: {debuggerAddress: localhost:49214}, goog:processID: 7620, networkConnectionEnabled: false, pageLoadStrategy: normal, platformName: windows, proxy: Proxy(), se:cdp: ws://localhost:49214/devtoo..., se:cdpVersion: 145.0.7632.77, setWindowRect: true, strictFileInteractability: false, timeouts: {implicit: 0, pageLoad: 300000, script: 30000}, unhandledPromptBehavior: dismiss and notify, webauthn:extension:credBlob: true, webauthn:extension:largeBlob: true, webauthn:extension:minPinLength: true, webauthn:extension:prf: true, webauthn:virtualAuthenticators: true}\nSession ID: c4d9eef63febbd261f46ae3af5336361","time":{"start":1771767139072,"stop":1771767143075,"duration":4003}},{"uid":"30be2e96b8c9b3c0","status":"passed","time":{"start":1771767019208,"stop":1771767028246,"duration":9038}},{"uid":"3140a24eb4bafe1e","status":"passed","time":{"start":1771764377775,"stop":1771764384143,"duration":6368}},{"uid":"29b50bb5b1737d5","status":"passed","time":{"start":1771763687409,"stop":1771763694113,"duration":6704}},{"uid":"8b2d62af9a881a3b","status":"passed","time":{"start":1771763120241,"stop":1771763127265,"duration":7024}},{"uid":"a5b173d7ea9f9516","status":"passed","time":{"start":1771762762924,"stop":1771762769386,"duration":6462}},{"uid":"e6403ebf06afb285","status":"passed","time":{"start":1771762393080,"stop":1771762400091,"duration":7011}},{"uid":"32409207491ea572","status":"passed","time":{"start":1771761589288,"stop":1771761597940,"duration":8652}},{"uid":"b8b9f9175f6dee77","status":"passed","time":{"start":1771760882401,"stop":1771760888973,"duration":6572}},{"uid":"78783f50c96e66f9","status":"passed","time":{"start":1771760137240,"stop":1771760143768,"duration":6528}},{"uid":"fa92e24e12563791","status":"broken","statusDetails":"Expected condition failed: waiting for element found by By.cssSelector: button[ng-click='manager()'] to be clickable, but the element was not found: org.openqa.selenium.NoSuchElementException: no such element: Unable to locate element: {\"method\":\"css selector\",\"selector\":\"button[ng-click='manager()']\"}.\r\n(tried for 15 seconds with 500 milliseconds interval)\nBuild info: version: '4.40.0', revision: 'b3333f1'\nSystem info: os.name: 'Windows 11', os.arch: 'amd64', os.version: '10.0', java.version: '23.0.1'\nDriver info: org.openqa.selenium.chrome.ChromeDriver\nCapabilities {acceptInsecureCerts: false, browserName: chrome, browserVersion: 145.0.7632.77, chrome: {chromedriverVersion: 145.0.7632.77 (da516187054a..., userDataDir: C:\\Users\\Cisco\\AppData\\Loca...}, fedcm:accounts: true, goog:chromeOptions: {debuggerAddress: localhost:52896}, goog:processID: 4620, networkConnectionEnabled: false, pageLoadStrategy: normal, platformName: windows, proxy: Proxy(), se:cdp: ws://localhost:52896/devtoo..., se:cdpVersion: 145.0.7632.77, setWindowRect: true, strictFileInteractability: false, timeouts: {implicit: 0, pageLoad: 300000, script: 30000}, unhandledPromptBehavior: dismiss and notify, webauthn:extension:credBlob: true, webauthn:extension:largeBlob: true, webauthn:extension:minPinLength: true, webauthn:extension:prf: true, webauthn:virtualAuthenticators: true}\nSession ID: c2345eab822872b165a54bb420dd9880","time":{"start":1771759384620,"stop":1771759410838,"duration":26218}},{"uid":"5b185a54aa8bc9f2","status":"broken","statusDetails":"Expected condition failed: waiting for element found by By.cssSelector: button[ng-click='manager()'] to be clickable, but the element was not found: org.openqa.selenium.NoSuchElementException: no such element: Unable to locate element: {\"method\":\"css selector\",\"selector\":\"button[ng-click='manager()']\"}.\r\n(tried for 10 seconds with 500 milliseconds interval)\nBuild info: version: '4.40.0', revision: 'b3333f1'\nSystem info: os.name: 'Windows 11', os.arch: 'amd64', os.version: '10.0', java.version: '23.0.1'\nDriver info: org.openqa.selenium.chrome.ChromeDriver\nCapabilities {acceptInsecureCerts: false, browserName: chrome, browserVersion: 145.0.7632.77, chrome: {chromedriverVersion: 145.0.7632.77 (da516187054a..., userDataDir: C:\\Users\\Cisco\\AppData\\Loca...}, fedcm:accounts: true, goog:chromeOptions: {debuggerAddress: localhost:63317}, goog:processID: 11576, networkConnectionEnabled: false, pageLoadStrategy: normal, platformName: windows, proxy: Proxy(), se:cdp: ws://localhost:63317/devtoo..., se:cdpVersion: 145.0.7632.77, setWindowRect: true, strictFileInteractability: false, timeouts: {implicit: 0, pageLoad: 300000, script: 30000}, unhandledPromptBehavior: dismiss and notify, webauthn:extension:credBlob: true, webauthn:extension:largeBlob: true, webauthn:extension:minPinLength: true, webauthn:extension:prf: true, webauthn:virtualAuthenticators: true}\nSession ID: 20a2ea2c71466bea260553987cdd206a","time":{"start":1771714930933,"stop":1771714950278,"duration":19345}},{"uid":"a01ff91767c94b8c","status":"passed","time":{"start":1771714489364,"stop":1771714495383,"duration":6019}},{"uid":"bd3457ccdabebebe","status":"passed","time":{"start":1771714351550,"stop":1771714357679,"duration":6129}},{"uid":"f1b46318016d253","status":"passed","time":{"start":1771713651958,"stop":1771713660396,"duration":8438}},{"uid":"99664b167428c1c5","status":"passed","time":{"start":1771713415714,"stop":1771713425834,"duration":10120}},{"uid":"aab9eb28cb52fc7c","status":"passed","time":{"start":1771713191555,"stop":1771713199733,"duration":8178}},{"uid":"7b8d79cc4b53c9e3","status":"passed","time":{"start":1771712907789,"stop":1771712915702,"duration":7913}},{"uid":"e284c29b066f571c","status":"passed","time":{"start":1771711967494,"stop":1771711975270,"duration":7776}},{"uid":"dc63aac83ffeff1a","status":"passed","time":{"start":1771710351202,"stop":1771710358693,"duration":7491}},{"uid":"dc05c31001ec1616","status":"passed","time":{"start":1771709540025,"stop":1771709548307,"duration":8282}},{"uid":"83c2dee21c3e92e1","status":"failed","statusDetails":"expected: <false> but was: <true>","time":{"start":1771707125238,"stop":1771707132121,"duration":6883}},{"uid":"6c2bac96d3d3598d","status":"passed","time":{"start":1771696566278,"stop":1771696572274,"duration":5996}}],"categories":[],"history":{"statistic":{"failed":0,"broken":3,"skipped":0,"passed":2,"unknown":0,"total":5},"items":[{"uid":"90e6849b53f9a85d","reportUrl":"../3/index.html#testresult/90e6849b53f9a85d","status":"broken","statusDetails":"Could not start a new session. Response code 500. Message: session not created: Chrome instance exited. Examine ChromeDriver verbose log to determine the cause. \nHost info: host: '2a7cafc2c392', ip: '172.18.0.2'\nBuild info: version: '4.40.0', revision: 'b3333f1'\nSystem info: os.name: 'Linux', os.arch: 'amd64', os.version: '5.15.167.4-microsoft-standard-WSL2', java.version: '17.0.18'\nDriver info: org.openqa.selenium.chrome.ChromeDriver\nCommand: [null, newSession {capabilities=[Capabilities {browserName: chrome, goog:chromeOptions: {args: [--start-maximized], extensions: []}}]}]","time":{"start":1771837145393,"stop":1771837146459,"duration":1066}},{"uid":"bd76c7863ca30852","reportUrl":"../2/index.html#testresult/bd76c7863ca30852","status":"broken","statusDetails":"Could not start a new session. Response code 500. Message: session not created: Chrome instance exited. Examine ChromeDriver verbose log to determine the cause. \nHost info: host: '2a7cafc2c392', ip: '172.18.0.2'\nBuild info: version: '4.40.0', revision: 'b3333f1'\nSystem info: os.name: 'Linux', os.arch: 'amd64', os.version: '5.15.167.4-microsoft-standard-WSL2', java.version: '17.0.18'\nDriver info: org.openqa.selenium.chrome.ChromeDriver\nCommand: [null, newSession {capabilities=[Capabilities {browserName: chrome, goog:chromeOptions: {args: [--start-maximized], extensions: []}}]}]","time":{"start":1771837145393,"stop":1771837146459,"duration":1066}},{"uid":"f885eafcaa30d8d7","reportUrl":"../1/index.html#testresult/f885eafcaa30d8d7","status":"broken","statusDetails":"Could not start a new session. Response code 500. Message: session not created: Chrome instance exited. Examine ChromeDriver verbose log to determine the cause. \nHost info: host: '2a7cafc2c392', ip: '172.18.0.2'\nBuild info: version: '4.40.0', revision: 'b3333f1'\nSystem info: os.name: 'Linux', os.arch: 'amd64', os.version: '5.15.167.4-microsoft-standard-WSL2', java.version: '17.0.18'\nDriver info: org.openqa.selenium.chrome.ChromeDriver\nCommand: [null, newSession {capabilities=[Capabilities {browserName: chrome, goog:chromeOptions: {args: [--start-maximized], extensions: []}}]}]","time":{"start":1771837145393,"stop":1771837146459,"duration":1066}},{"uid":"1c53e68d04441646","status":"passed","time":{"start":1771796187118,"stop":1771796195320,"duration":8202}}]},"tags":[]},"source":"9207d42bcdcc4742.json","parameterValues":[]}