{"uid":"b933668889b8a721","name":"Add a valid customer successfully","fullName":"org.example.manager.AddCustomerTest.testAddValidCustomer","historyId":"56bb4bc6013460665dfe09d4f1fd4bf","time":{"start":1771843915390,"stop":1771843922294,"duration":6904},"description":"","status":"passed","flaky":false,"newFailed":false,"newBroken":false,"newPassed":true,"retriesCount":30,"retriesStatusChange":true,"beforeStages":[],"afterStages":[],"labels":[{"name":"junit.platform.uniqueid","value":"[engine:junit-jupiter]/[class:org.example.manager.AddCustomerTest]/[method:testAddValidCustomer()]"},{"name":"host","value":"fb7ef22d1c2e"},{"name":"thread","value":"100@fb7ef22d1c2e.main(1)"},{"name":"framework","value":"junit-platform"},{"name":"language","value":"java"},{"name":"package","value":"org.example.manager.AddCustomerTest"},{"name":"testClass","value":"org.example.manager.AddCustomerTest"},{"name":"testMethod","value":"testAddValidCustomer"},{"name":"suite","value":"org.example.manager.AddCustomerTest"},{"name":"resultFormat","value":"allure2"}],"parameters":[],"links":[],"hidden":false,"retry":false,"extra":{"severity":"normal","retries":[{"uid":"3a97a1f949fe6c95","status":"broken","statusDetails":"Could not start a new session. Response code 500. Message: session not created: Chrome instance exited. Examine ChromeDriver verbose log to determine the cause. \nHost info: host: '2a7cafc2c392', ip: '172.18.0.2'\nBuild info: version: '4.40.0', revision: 'b3333f1'\nSystem info: os.name: 'Linux', os.arch: 'amd64', os.version: '5.15.167.4-microsoft-standard-WSL2', java.version: '17.0.18'\nDriver info: org.openqa.selenium.chrome.ChromeDriver\nCommand: [null, newSession {capabilities=[Capabilities {browserName: chrome, goog:chromeOptions: {args: [--start-maximized], extensions: []}}]}]","time":{"start":1771837144124,"stop":1771837144634,"duration":510}},{"uid":"292817db2c55f238","status":"passed","time":{"start":1771796169809,"stop":1771796178223,"duration":8414}},{"uid":"8b20e13514f2d37c","status":"passed","time":{"start":1771795535296,"stop":1771795541183,"duration":5887}},{"uid":"a061bd3f5c31965f","status":"passed","time":{"start":1771789609865,"stop":1771789617579,"duration":7714}},{"uid":"cfbe756020d36dcb","status":"passed","time":{"start":1771788119077,"stop":1771788127602,"duration":8525}},{"uid":"d90946c413271a2c","status":"passed","time":{"start":1771767574050,"stop":1771767582774,"duration":8724}},{"uid":"9f911f3c1b5940c4","status":"passed","time":{"start":1771767120214,"stop":1771767134540,"duration":14326}},{"uid":"4acd881673decee5","status":"passed","time":{"start":1771766998745,"stop":1771767010097,"duration":11352}},{"uid":"d7cdfb215e9a6f51","status":"passed","time":{"start":1771764366086,"stop":1771764371859,"duration":5773}},{"uid":"41de1d14ffc8cad5","status":"passed","time":{"start":1771763673388,"stop":1771763681106,"duration":7718}},{"uid":"6e067f9c50cac8c3","status":"passed","time":{"start":1771763107123,"stop":1771763113735,"duration":6612}},{"uid":"3e3d61ee77be6a5f","status":"passed","time":{"start":1771762749896,"stop":1771762756497,"duration":6601}},{"uid":"5ca4d871931d1c17","status":"passed","time":{"start":1771762380112,"stop":1771762386470,"duration":6358}},{"uid":"45077db376d690d1","status":"passed","time":{"start":1771761573958,"stop":1771761581528,"duration":7570}},{"uid":"98801df3a468d7f3","status":"passed","time":{"start":1771760869867,"stop":1771760876022,"duration":6155}},{"uid":"97a19839cdffe71d","status":"passed","time":{"start":1771760124511,"stop":1771760130496,"duration":5985}},{"uid":"bff73bc8bbddbb9a","status":"broken","statusDetails":"Expected condition failed: waiting for element found by By.cssSelector: button[ng-click='manager()'] to be clickable, but the element was not found: org.openqa.selenium.NoSuchElementException: no such element: Unable to locate element: {\"method\":\"css selector\",\"selector\":\"button[ng-click='manager()']\"}.\r\n(tried for 15 seconds with 500 milliseconds interval)\nBuild info: version: '4.40.0', revision: 'b3333f1'\nSystem info: os.name: 'Windows 11', os.arch: 'amd64', os.version: '10.0', java.version: '23.0.1'\nDriver info: org.openqa.selenium.chrome.ChromeDriver\nCapabilities {acceptInsecureCerts: false, browserName: chrome, browserVersion: 145.0.7632.77, chrome: {chromedriverVersion: 145.0.7632.77 (da516187054a..., userDataDir: C:\\Users\\Cisco\\AppData\\Loca...}, fedcm:accounts: true, goog:chromeOptions: {debuggerAddress: localhost:58354}, goog:processID: 9396, networkConnectionEnabled: false, pageLoadStrategy: normal, platformName: windows, proxy: Proxy(), se:cdp: ws://localhost:58354/devtoo..., se:cdpVersion: 145.0.7632.77, setWindowRect: true, strictFileInteractability: false, timeouts: {implicit: 0, pageLoad: 300000, script: 30000}, unhandledPromptBehavior: dismiss and notify, webauthn:extension:credBlob: true, webauthn:extension:largeBlob: true, webauthn:extension:minPinLength: true, webauthn:extension:prf: true, webauthn:virtualAuthenticators: true}\nSession ID: cd74dfba34a2844476ff42cd83b23354","time":{"start":1771759335931,"stop":1771759359746,"duration":23815}},{"uid":"b18e0b5b8f415d9d","status":"broken","statusDetails":"Expected condition failed: waiting for element found by By.cssSelector: button[ng-click='manager()'] to be clickable, but the element was not found: org.openqa.selenium.NoSuchElementException: no such element: Unable to locate element: {\"method\":\"css selector\",\"selector\":\"button[ng-click='manager()']\"}.\r\n(tried for 10 seconds with 500 milliseconds interval)\nBuild info: version: '4.40.0', revision: 'b3333f1'\nSystem info: os.name: 'Windows 11', os.arch: 'amd64', os.version: '10.0', java.version: '23.0.1'\nDriver info: org.openqa.selenium.chrome.ChromeDriver\nCapabilities {acceptInsecureCerts: false, browserName: chrome, browserVersion: 145.0.7632.77, chrome: {chromedriverVersion: 145.0.7632.77 (da516187054a..., userDataDir: C:\\Users\\Cisco\\AppData\\Loca...}, fedcm:accounts: true, goog:chromeOptions: {debuggerAddress: localhost:55050}, goog:processID: 17852, networkConnectionEnabled: false, pageLoadStrategy: normal, platformName: windows, proxy: Proxy(), se:cdp: ws://localhost:55050/devtoo..., se:cdpVersion: 145.0.7632.77, setWindowRect: true, strictFileInteractability: false, timeouts: {implicit: 0, pageLoad: 300000, script: 30000}, unhandledPromptBehavior: dismiss and notify, webauthn:extension:credBlob: true, webauthn:extension:largeBlob: true, webauthn:extension:minPinLength: true, webauthn:extension:prf: true, webauthn:virtualAuthenticators: true}\nSession ID: 99d5252948fcc09566035968548d0a70","time":{"start":1771715021542,"stop":1771715041832,"duration":20290}},{"uid":"110177ca16f3304d","status":"broken","statusDetails":"Expected condition failed: waiting for element found by By.cssSelector: button[ng-click='manager()'] to be clickable, but the element was not found: org.openqa.selenium.NoSuchElementException: no such element: Unable to locate element: {\"method\":\"css selector\",\"selector\":\"button[ng-click='manager()']\"}.\r\n(tried for 10 seconds with 500 milliseconds interval)\nBuild info: version: '4.40.0', revision: 'b3333f1'\nSystem info: os.name: 'Windows 11', os.arch: 'amd64', os.version: '10.0', java.version: '23.0.1'\nDriver info: org.openqa.selenium.chrome.ChromeDriver\nCapabilities {acceptInsecureCerts: false, browserName: chrome, browserVersion: 145.0.7632.77, chrome: {chromedriverVersion: 145.0.7632.77 (da516187054a..., userDataDir: C:\\Users\\Cisco\\AppData\\Loca...}, fedcm:accounts: true, goog:chromeOptions: {debuggerAddress: localhost:57939}, goog:processID: 13140, networkConnectionEnabled: false, pageLoadStrategy: normal, platformName: windows, proxy: Proxy(), se:cdp: ws://localhost:57939/devtoo..., se:cdpVersion: 145.0.7632.77, setWindowRect: true, strictFileInteractability: false, timeouts: {implicit: 0, pageLoad: 300000, script: 30000}, unhandledPromptBehavior: dismiss and notify, webauthn:extension:credBlob: true, webauthn:extension:largeBlob: true, webauthn:extension:minPinLength: true, webauthn:extension:prf: true, webauthn:virtualAuthenticators: true}\nSession ID: 4b50fbfec8eef7be57a3d4321ded62c6","time":{"start":1771714892789,"stop":1771714912696,"duration":19907}},{"uid":"f561998803fbd277","status":"passed","time":{"start":1771714477222,"stop":1771714483190,"duration":5968}},{"uid":"16e510b3a7203889","status":"passed","time":{"start":1771714338703,"stop":1771714345244,"duration":6541}},{"uid":"4d1458f4acb93485","status":"passed","time":{"start":1771713633998,"stop":1771713642216,"duration":8218}},{"uid":"126690e55b4645a0","status":"passed","time":{"start":1771713399750,"stop":1771713408029,"duration":8279}},{"uid":"23ac7d3285deb131","status":"passed","time":{"start":1771713174470,"stop":1771713182760,"duration":8290}},{"uid":"43bd226a500f5b59","status":"passed","time":{"start":1771712891591,"stop":1771712899253,"duration":7662}},{"uid":"e495ca1d68532808","status":"passed","time":{"start":1771711951036,"stop":1771711959822,"duration":8786}},{"uid":"720238a57942584d","status":"passed","time":{"start":1771710336087,"stop":1771710343520,"duration":7433}},{"uid":"fa202064f10014ed","status":"passed","time":{"start":1771709525809,"stop":1771709532984,"duration":7175}},{"uid":"b85d680b32fa7a99","status":"passed","time":{"start":1771707109038,"stop":1771707116898,"duration":7860}},{"uid":"afcf3aac485ba2b8","status":"broken","statusDetails":"no such alert\n  (Session info: chrome=145.0.7632.77)\nBuild info: version: '4.40.0', revision: 'b3333f1'\nSystem info: os.name: 'Windows 11', os.arch: 'amd64', os.version: '10.0', java.version: '23.0.1'\nDriver info: org.openqa.selenium.chrome.ChromeDriver\nCommand: [40a007072253b2821faf9b9ae361d982, getAlertText {}]\nCapabilities {acceptInsecureCerts: false, browserName: chrome, browserVersion: 145.0.7632.77, chrome: {chromedriverVersion: 145.0.7632.77 (da516187054a..., userDataDir: C:\\Users\\Cisco\\AppData\\Loca...}, fedcm:accounts: true, goog:chromeOptions: {debuggerAddress: localhost:59773}, goog:processID: 4016, networkConnectionEnabled: false, pageLoadStrategy: normal, platformName: windows, proxy: Proxy(), se:cdp: ws://localhost:59773/devtoo..., se:cdpVersion: 145.0.7632.77, setWindowRect: true, strictFileInteractability: false, timeouts: {implicit: 0, pageLoad: 300000, script: 30000}, unhandledPromptBehavior: dismiss and notify, webauthn:extension:credBlob: true, webauthn:extension:largeBlob: true, webauthn:extension:minPinLength: true, webauthn:extension:prf: true, webauthn:virtualAuthenticators: true}\nSession ID: 40a007072253b2821faf9b9ae361d982","time":{"start":1771696554118,"stop":1771696560329,"duration":6211}}],"categories":[],"history":{"statistic":{"failed":0,"broken":3,"skipped":0,"passed":2,"unknown":0,"total":5},"items":[{"uid":"110eec2e644416e5","reportUrl":"../3/index.html#testresult/110eec2e644416e5","status":"broken","statusDetails":"Could not start a new session. Response code 500. Message: session not created: Chrome instance exited. Examine ChromeDriver verbose log to determine the cause. \nHost info: host: '2a7cafc2c392', ip: '172.18.0.2'\nBuild info: version: '4.40.0', revision: 'b3333f1'\nSystem info: os.name: 'Linux', os.arch: 'amd64', os.version: '5.15.167.4-microsoft-standard-WSL2', java.version: '17.0.18'\nDriver info: org.openqa.selenium.chrome.ChromeDriver\nCommand: [null, newSession {capabilities=[Capabilities {browserName: chrome, goog:chromeOptions: {args: [--start-maximized], extensions: []}}]}]","time":{"start":1771837144124,"stop":1771837144634,"duration":510}},{"uid":"2dd0b5d90265f867","reportUrl":"../2/index.html#testresult/2dd0b5d90265f867","status":"broken","statusDetails":"Could not start a new session. Response code 500. Message: session not created: Chrome instance exited. Examine ChromeDriver verbose log to determine the cause. \nHost info: host: '2a7cafc2c392', ip: '172.18.0.2'\nBuild info: version: '4.40.0', revision: 'b3333f1'\nSystem info: os.name: 'Linux', os.arch: 'amd64', os.version: '5.15.167.4-microsoft-standard-WSL2', java.version: '17.0.18'\nDriver info: org.openqa.selenium.chrome.ChromeDriver\nCommand: [null, newSession {capabilities=[Capabilities {browserName: chrome, goog:chromeOptions: {args: [--start-maximized], extensions: []}}]}]","time":{"start":1771837144124,"stop":1771837144634,"duration":510}},{"uid":"f55c01e9bd21cd4d","reportUrl":"../1/index.html#testresult/f55c01e9bd21cd4d","status":"broken","statusDetails":"Could not start a new session. Response code 500. Message: session not created: Chrome instance exited. Examine ChromeDriver verbose log to determine the cause. \nHost info: host: '2a7cafc2c392', ip: '172.18.0.2'\nBuild info: version: '4.40.0', revision: 'b3333f1'\nSystem info: os.name: 'Linux', os.arch: 'amd64', os.version: '5.15.167.4-microsoft-standard-WSL2', java.version: '17.0.18'\nDriver info: org.openqa.selenium.chrome.ChromeDriver\nCommand: [null, newSession {capabilities=[Capabilities {browserName: chrome, goog:chromeOptions: {args: [--start-maximized], extensions: []}}]}]","time":{"start":1771837144124,"stop":1771837144634,"duration":510}},{"uid":"d5dc3c13665fc4b","status":"passed","time":{"start":1771796169809,"stop":1771796178223,"duration":8414}}]},"tags":[]},"source":"b933668889b8a721.json","parameterValues":[]}