{"uid":"c1236331a010777c","name":"Deleted customer can no longer log in","fullName":"org.example.manager.DeleteCustomerTest.testDeletedCustomerCannotLogin","historyId":"b2ec0647df09770cb7335b101ac7d03e","time":{"start":1771843895655,"stop":1771843903958,"duration":8303},"description":"","status":"passed","flaky":false,"newFailed":false,"newBroken":false,"newPassed":true,"retriesCount":27,"retriesStatusChange":true,"beforeStages":[],"afterStages":[],"labels":[{"name":"junit.platform.uniqueid","value":"[engine:junit-jupiter]/[class:org.example.manager.DeleteCustomerTest]/[method:testDeletedCustomerCannotLogin()]"},{"name":"host","value":"fb7ef22d1c2e"},{"name":"thread","value":"100@fb7ef22d1c2e.main(1)"},{"name":"framework","value":"junit-platform"},{"name":"language","value":"java"},{"name":"package","value":"org.example.manager.DeleteCustomerTest"},{"name":"testClass","value":"org.example.manager.DeleteCustomerTest"},{"name":"testMethod","value":"testDeletedCustomerCannotLogin"},{"name":"suite","value":"org.example.manager.DeleteCustomerTest"},{"name":"resultFormat","value":"allure2"}],"parameters":[],"links":[],"hidden":false,"retry":false,"extra":{"severity":"normal","retries":[{"uid":"b72d8b4e75146253","status":"broken","statusDetails":"Could not start a new session. Response code 500. Message: session not created: Chrome instance exited. Examine ChromeDriver verbose log to determine the cause. \nHost info: host: '2a7cafc2c392', ip: '172.18.0.2'\nBuild info: version: '4.40.0', revision: 'b3333f1'\nSystem info: os.name: 'Linux', os.arch: 'amd64', os.version: '5.15.167.4-microsoft-standard-WSL2', java.version: '17.0.18'\nDriver info: org.openqa.selenium.chrome.ChromeDriver\nCommand: [null, newSession {capabilities=[Capabilities {browserName: chrome, goog:chromeOptions: {args: [--start-maximized], extensions: []}}]}]","time":{"start":1771837141854,"stop":1771837142406,"duration":552}},{"uid":"a5aa1145964545c2","status":"passed","time":{"start":1771796245520,"stop":1771796253228,"duration":7708}},{"uid":"4581df268258e87e","status":"passed","time":{"start":1771795594438,"stop":1771795602492,"duration":8054}},{"uid":"eee33c76a793c2ca","status":"passed","time":{"start":1771789680027,"stop":1771789689087,"duration":9060}},{"uid":"7d107b339bfb55c9","status":"passed","time":{"start":1771788196022,"stop":1771788204288,"duration":8266}},{"uid":"e78a47a97b62304c","status":"passed","time":{"start":1771767653095,"stop":1771767661566,"duration":8471}},{"uid":"dc9c6472492b5943","status":"passed","time":{"start":1771764499089,"stop":1771764507246,"duration":8157}},{"uid":"340d245eefcf7d0d","status":"passed","time":{"start":1771764424602,"stop":1771764431128,"duration":6526}},{"uid":"4efe7360b76b344","status":"passed","time":{"start":1771763735764,"stop":1771763742791,"duration":7027}},{"uid":"5b913d72f3ae5fae","status":"passed","time":{"start":1771763173370,"stop":1771763180597,"duration":7227}},{"uid":"dd594242afa4e51d","status":"passed","time":{"start":1771762811798,"stop":1771762818699,"duration":6901}},{"uid":"15a74388ab250a58","status":"passed","time":{"start":1771762444745,"stop":1771762452964,"duration":8219}},{"uid":"b29b7910d804db77","status":"passed","time":{"start":1771761642640,"stop":1771761650306,"duration":7666}},{"uid":"8df4ae319adc0cd3","status":"passed","time":{"start":1771760929940,"stop":1771760936448,"duration":6508}},{"uid":"a3a6ebd765497bbb","status":"passed","time":{"start":1771760183926,"stop":1771760190571,"duration":6645}},{"uid":"820c5dfb27301b27","status":"broken","statusDetails":"Expected condition failed: waiting for element found by By.cssSelector: button[ng-click='manager()'] to be clickable, but the element was not found: org.openqa.selenium.NoSuchElementException: no such element: Unable to locate element: {\"method\":\"css selector\",\"selector\":\"button[ng-click='manager()']\"}.\r\n(tried for 15 seconds with 500 milliseconds interval)\nBuild info: version: '4.40.0', revision: 'b3333f1'\nSystem info: os.name: 'Windows 11', os.arch: 'amd64', os.version: '10.0', java.version: '23.0.1'\nDriver info: org.openqa.selenium.chrome.ChromeDriver\nCapabilities {acceptInsecureCerts: false, browserName: chrome, browserVersion: 145.0.7632.77, chrome: {chromedriverVersion: 145.0.7632.77 (da516187054a..., userDataDir: C:\\Users\\Cisco\\AppData\\Loca...}, fedcm:accounts: true, goog:chromeOptions: {debuggerAddress: localhost:54038}, goog:processID: 25212, networkConnectionEnabled: false, pageLoadStrategy: normal, platformName: windows, proxy: Proxy(), se:cdp: ws://localhost:54038/devtoo..., se:cdpVersion: 145.0.7632.77, setWindowRect: true, strictFileInteractability: false, timeouts: {implicit: 0, pageLoad: 300000, script: 30000}, unhandledPromptBehavior: dismiss and notify, webauthn:extension:credBlob: true, webauthn:extension:largeBlob: true, webauthn:extension:minPinLength: true, webauthn:extension:prf: true, webauthn:virtualAuthenticators: true}\nSession ID: 4084b799ff9a4ec80b0509ef355d0558","time":{"start":1771759561852,"stop":1771759587889,"duration":26037}},{"uid":"d4daf0894fd37ee","status":"passed","time":{"start":1771714530740,"stop":1771714536879,"duration":6139}},{"uid":"8c778c369bd358bc","status":"passed","time":{"start":1771714395478,"stop":1771714402530,"duration":7052}},{"uid":"c2a74cee3bebe00f","status":"passed","time":{"start":1771713710666,"stop":1771713719224,"duration":8558}},{"uid":"77d9bb0b378fd208","status":"passed","time":{"start":1771713476108,"stop":1771713484545,"duration":8437}},{"uid":"24834187569aaaa5","status":"passed","time":{"start":1771713250714,"stop":1771713259452,"duration":8738}},{"uid":"27bffdf54e71de70","status":"passed","time":{"start":1771712964685,"stop":1771712973370,"duration":8685}},{"uid":"eb991d70698e450e","status":"passed","time":{"start":1771712023710,"stop":1771712031225,"duration":7515}},{"uid":"1b7325bb26f43484","status":"passed","time":{"start":1771710402335,"stop":1771710409725,"duration":7390}},{"uid":"a543e088b2903b86","status":"passed","time":{"start":1771709593765,"stop":1771709602109,"duration":8344}},{"uid":"60aa661445b86a20","status":"broken","statusDetails":"Expected condition failed: waiting for element found by By.cssSelector: button[ng-click='customer()'] to be clickable, but the element was not found: org.openqa.selenium.NoSuchElementException: no such element: Unable to locate element: {\"method\":\"css selector\",\"selector\":\"button[ng-click='customer()']\"}.\r\n(tried for 10 seconds with 500 milliseconds interval)\nBuild info: version: '4.40.0', revision: 'b3333f1'\nSystem info: os.name: 'Windows 11', os.arch: 'amd64', os.version: '10.0', java.version: '23.0.1'\nDriver info: org.openqa.selenium.chrome.ChromeDriver\nCapabilities {acceptInsecureCerts: false, browserName: chrome, browserVersion: 145.0.7632.77, chrome: {chromedriverVersion: 145.0.7632.77 (da516187054a..., userDataDir: C:\\Users\\Cisco\\AppData\\Loca...}, fedcm:accounts: true, goog:chromeOptions: {debuggerAddress: localhost:61568}, goog:processID: 18344, networkConnectionEnabled: false, pageLoadStrategy: normal, platformName: windows, proxy: Proxy(), se:cdp: ws://localhost:61568/devtoo..., se:cdpVersion: 145.0.7632.77, setWindowRect: true, strictFileInteractability: false, timeouts: {implicit: 0, pageLoad: 300000, script: 30000}, unhandledPromptBehavior: dismiss and notify, webauthn:extension:credBlob: true, webauthn:extension:largeBlob: true, webauthn:extension:minPinLength: true, webauthn:extension:prf: true, webauthn:virtualAuthenticators: true}\nSession ID: 2186e25fdb113526082da80592232ee1","time":{"start":1771707173584,"stop":1771707191131,"duration":17547}},{"uid":"e072ce1959b4de4b","status":"broken","statusDetails":"Expected condition failed: waiting for element found by By.cssSelector: button[ng-click='customer()'] to be clickable, but the element was not found: org.openqa.selenium.NoSuchElementException: no such element: Unable to locate element: {\"method\":\"css selector\",\"selector\":\"button[ng-click='customer()']\"}.\r\n(tried for 10 seconds with 500 milliseconds interval)\nBuild info: version: '4.40.0', revision: 'b3333f1'\nSystem info: os.name: 'Windows 11', os.arch: 'amd64', os.version: '10.0', java.version: '23.0.1'\nDriver info: org.openqa.selenium.chrome.ChromeDriver\nCapabilities {acceptInsecureCerts: false, browserName: chrome, browserVersion: 145.0.7632.77, chrome: {chromedriverVersion: 145.0.7632.77 (da516187054a..., userDataDir: C:\\Users\\Cisco\\AppData\\Loca...}, fedcm:accounts: true, goog:chromeOptions: {debuggerAddress: localhost:57646}, goog:processID: 6200, networkConnectionEnabled: false, pageLoadStrategy: normal, platformName: windows, proxy: Proxy(), se:cdp: ws://localhost:57646/devtoo..., se:cdpVersion: 145.0.7632.77, setWindowRect: true, strictFileInteractability: false, timeouts: {implicit: 0, pageLoad: 300000, script: 30000}, unhandledPromptBehavior: dismiss and notify, webauthn:extension:credBlob: true, webauthn:extension:largeBlob: true, webauthn:extension:minPinLength: true, webauthn:extension:prf: true, webauthn:virtualAuthenticators: true}\nSession ID: 14aaba815f573cf15d41e48e8a7c5341","time":{"start":1771696630249,"stop":1771696646275,"duration":16026}}],"categories":[],"history":{"statistic":{"failed":0,"broken":3,"skipped":0,"passed":2,"unknown":0,"total":5},"items":[{"uid":"e55ed4728d392091","reportUrl":"../3/index.html#testresult/e55ed4728d392091","status":"broken","statusDetails":"Could not start a new session. Response code 500. Message: session not created: Chrome instance exited. Examine ChromeDriver verbose log to determine the cause. \nHost info: host: '2a7cafc2c392', ip: '172.18.0.2'\nBuild info: version: '4.40.0', revision: 'b3333f1'\nSystem info: os.name: 'Linux', os.arch: 'amd64', os.version: '5.15.167.4-microsoft-standard-WSL2', java.version: '17.0.18'\nDriver info: org.openqa.selenium.chrome.ChromeDriver\nCommand: [null, newSession {capabilities=[Capabilities {browserName: chrome, goog:chromeOptions: {args: [--start-maximized], extensions: []}}]}]","time":{"start":1771837141854,"stop":1771837142406,"duration":552}},{"uid":"bfac82646a841058","reportUrl":"../2/index.html#testresult/bfac82646a841058","status":"broken","statusDetails":"Could not start a new session. Response code 500. Message: session not created: Chrome instance exited. Examine ChromeDriver verbose log to determine the cause. \nHost info: host: '2a7cafc2c392', ip: '172.18.0.2'\nBuild info: version: '4.40.0', revision: 'b3333f1'\nSystem info: os.name: 'Linux', os.arch: 'amd64', os.version: '5.15.167.4-microsoft-standard-WSL2', java.version: '17.0.18'\nDriver info: org.openqa.selenium.chrome.ChromeDriver\nCommand: [null, newSession {capabilities=[Capabilities {browserName: chrome, goog:chromeOptions: {args: [--start-maximized], extensions: []}}]}]","time":{"start":1771837141854,"stop":1771837142406,"duration":552}},{"uid":"70a0234a96952855","reportUrl":"../1/index.html#testresult/70a0234a96952855","status":"broken","statusDetails":"Could not start a new session. Response code 500. Message: session not created: Chrome instance exited. Examine ChromeDriver verbose log to determine the cause. \nHost info: host: '2a7cafc2c392', ip: '172.18.0.2'\nBuild info: version: '4.40.0', revision: 'b3333f1'\nSystem info: os.name: 'Linux', os.arch: 'amd64', os.version: '5.15.167.4-microsoft-standard-WSL2', java.version: '17.0.18'\nDriver info: org.openqa.selenium.chrome.ChromeDriver\nCommand: [null, newSession {capabilities=[Capabilities {browserName: chrome, goog:chromeOptions: {args: [--start-maximized], extensions: []}}]}]","time":{"start":1771837141854,"stop":1771837142406,"duration":552}},{"uid":"376f7efad1ef707","status":"passed","time":{"start":1771796245520,"stop":1771796253228,"duration":7708}}]},"tags":[]},"source":"c1236331a010777c.json","parameterValues":[]}