{"uid":"6bcd5e907bfc9954","name":"Empty fields prevent submission","fullName":"org.example.manager.AddCustomerTest.testAddCustomerWithEmptyFields","historyId":"64c05ff626883ceb469b37a9bb7cfb5f","time":{"start":1771843933304,"stop":1771843945169,"duration":11865},"description":"","status":"passed","flaky":false,"newFailed":false,"newBroken":false,"newPassed":false,"retriesCount":29,"retriesStatusChange":true,"beforeStages":[],"afterStages":[],"labels":[{"name":"junit.platform.uniqueid","value":"[engine:junit-jupiter]/[class:org.example.manager.AddCustomerTest]/[method:testAddCustomerWithEmptyFields()]"},{"name":"host","value":"fb7ef22d1c2e"},{"name":"thread","value":"100@fb7ef22d1c2e.main(1)"},{"name":"framework","value":"junit-platform"},{"name":"language","value":"java"},{"name":"package","value":"org.example.manager.AddCustomerTest"},{"name":"testClass","value":"org.example.manager.AddCustomerTest"},{"name":"testMethod","value":"testAddCustomerWithEmptyFields"},{"name":"suite","value":"org.example.manager.AddCustomerTest"},{"name":"resultFormat","value":"allure2"}],"parameters":[],"links":[],"hidden":false,"retry":false,"extra":{"severity":"normal","retries":[{"uid":"47c55caa71537104","status":"broken","statusDetails":"Could not start a new session. Response code 500. Message: session not created: Chrome instance exited. Examine ChromeDriver verbose log to determine the cause. \nHost info: host: '2a7cafc2c392', ip: '172.18.0.2'\nBuild info: version: '4.40.0', revision: 'b3333f1'\nSystem info: os.name: 'Linux', os.arch: 'amd64', os.version: '5.15.167.4-microsoft-standard-WSL2', java.version: '17.0.18'\nDriver info: org.openqa.selenium.chrome.ChromeDriver\nCommand: [null, newSession {capabilities=[Capabilities {browserName: chrome, goog:chromeOptions: {args: [--start-maximized], extensions: []}}]}]","time":{"start":1771837146513,"stop":1771837146942,"duration":429}},{"uid":"943362cb8ae1a3c4","status":"passed","time":{"start":1771796195340,"stop":1771796206673,"duration":11333}},{"uid":"5a32fbca0e80b29","status":"passed","time":{"start":1771795554867,"stop":1771795564034,"duration":9167}},{"uid":"2b876ff8e776b0e8","status":"passed","time":{"start":1771789631660,"stop":1771789641932,"duration":10272}},{"uid":"bb7ae875a8fa961b","status":"passed","time":{"start":1771788144271,"stop":1771788155316,"duration":11045}},{"uid":"7aeca25a15541498","status":"passed","time":{"start":1771767599295,"stop":1771767611328,"duration":12033}},{"uid":"6236d4e3098f4194","status":"broken","statusDetails":"no such window: target window already closed\nfrom unknown error: web view not found\n  (Session info: chrome=145.0.7632.77)\nBuild info: version: '4.40.0', revision: 'b3333f1'\nSystem info: os.name: 'Windows 11', os.arch: 'amd64', os.version: '10.0', java.version: '23.0.1'\nDriver info: org.openqa.selenium.chrome.ChromeDriver\nCommand: [03ad7dc6c510b1a435d5e04713467a7f, get {url=https://www.globalsqa.com/angularJs-protractor/BankingProject/index.html#/login}]\nCapabilities {acceptInsecureCerts: false, browserName: chrome, browserVersion: 145.0.7632.77, chrome: {chromedriverVersion: 145.0.7632.77 (da516187054a..., userDataDir: C:\\Users\\Cisco\\AppData\\Loca...}, fedcm:accounts: true, goog:chromeOptions: {debuggerAddress: localhost:58534}, goog:processID: 25692, networkConnectionEnabled: false, pageLoadStrategy: normal, platformName: windows, proxy: Proxy(), se:cdp: ws://localhost:58534/devtoo..., se:cdpVersion: 145.0.7632.77, setWindowRect: true, strictFileInteractability: false, timeouts: {implicit: 0, pageLoad: 300000, script: 30000}, unhandledPromptBehavior: dismiss and notify, webauthn:extension:credBlob: true, webauthn:extension:largeBlob: true, webauthn:extension:minPinLength: true, webauthn:extension:prf: true, webauthn:virtualAuthenticators: true}\nSession ID: 03ad7dc6c510b1a435d5e04713467a7f","time":{"start":1771767143096,"stop":1771767146843,"duration":3747}},{"uid":"dbec4e2d5b67bbaa","status":"passed","time":{"start":1771767028329,"stop":1771767040644,"duration":12315}},{"uid":"74a7e424fa279cea","status":"passed","time":{"start":1771764384149,"stop":1771764393205,"duration":9056}},{"uid":"3260ec7a37242b16","status":"passed","time":{"start":1771763694117,"stop":1771763703384,"duration":9267}},{"uid":"85cbfeef08bbd150","status":"passed","time":{"start":1771763127273,"stop":1771763136712,"duration":9439}},{"uid":"a9b9d24aac82da33","status":"passed","time":{"start":1771762769408,"stop":1771762779139,"duration":9731}},{"uid":"fe8986b8a9a1ea21","status":"passed","time":{"start":1771762400096,"stop":1771762410053,"duration":9957}},{"uid":"afb897fed3147733","status":"passed","time":{"start":1771761597957,"stop":1771761608786,"duration":10829}},{"uid":"ac59fe81e6146116","status":"passed","time":{"start":1771760888991,"stop":1771760898374,"duration":9383}},{"uid":"e82dda74373b8b4b","status":"passed","time":{"start":1771760143775,"stop":1771760152845,"duration":9070}},{"uid":"c6e1f3806e60e75f","status":"broken","statusDetails":"Expected condition failed: waiting for element found by By.cssSelector: button[ng-click='manager()'] to be clickable, but the element was not found: org.openqa.selenium.NoSuchElementException: no such element: Unable to locate element: {\"method\":\"css selector\",\"selector\":\"button[ng-click='manager()']\"}.\r\n(tried for 15 seconds with 500 milliseconds interval)\nBuild info: version: '4.40.0', revision: 'b3333f1'\nSystem info: os.name: 'Windows 11', os.arch: 'amd64', os.version: '10.0', java.version: '23.0.1'\nDriver info: org.openqa.selenium.chrome.ChromeDriver\nCapabilities {acceptInsecureCerts: false, browserName: chrome, browserVersion: 145.0.7632.77, chrome: {chromedriverVersion: 145.0.7632.77 (da516187054a..., userDataDir: C:\\Users\\Cisco\\AppData\\Loca...}, fedcm:accounts: true, goog:chromeOptions: {debuggerAddress: localhost:56850}, goog:processID: 13348, networkConnectionEnabled: false, pageLoadStrategy: normal, platformName: windows, proxy: Proxy(), se:cdp: ws://localhost:56850/devtoo..., se:cdpVersion: 145.0.7632.77, setWindowRect: true, strictFileInteractability: false, timeouts: {implicit: 0, pageLoad: 300000, script: 30000}, unhandledPromptBehavior: dismiss and notify, webauthn:extension:credBlob: true, webauthn:extension:largeBlob: true, webauthn:extension:minPinLength: true, webauthn:extension:prf: true, webauthn:virtualAuthenticators: true}\nSession ID: c6f8d7fa4bec0c8e53463d57449cc3f7","time":{"start":1771759410861,"stop":1771759436866,"duration":26005}},{"uid":"f58e2ff11bc09516","status":"broken","statusDetails":"Expected condition failed: waiting for element found by By.cssSelector: button[ng-click='manager()'] to be clickable, but the element was not found: org.openqa.selenium.NoSuchElementException: no such element: Unable to locate element: {\"method\":\"css selector\",\"selector\":\"button[ng-click='manager()']\"}.\r\n(tried for 10 seconds with 500 milliseconds interval)\nBuild info: version: '4.40.0', revision: 'b3333f1'\nSystem info: os.name: 'Windows 11', os.arch: 'amd64', os.version: '10.0', java.version: '23.0.1'\nDriver info: org.openqa.selenium.chrome.ChromeDriver\nCapabilities {acceptInsecureCerts: false, browserName: chrome, browserVersion: 145.0.7632.77, chrome: {chromedriverVersion: 145.0.7632.77 (da516187054a..., userDataDir: C:\\Users\\Cisco\\AppData\\Loca...}, fedcm:accounts: true, goog:chromeOptions: {debuggerAddress: localhost:63236}, goog:processID: 20380, networkConnectionEnabled: false, pageLoadStrategy: normal, platformName: windows, proxy: Proxy(), se:cdp: ws://localhost:63236/devtoo..., se:cdpVersion: 145.0.7632.77, setWindowRect: true, strictFileInteractability: false, timeouts: {implicit: 0, pageLoad: 300000, script: 30000}, unhandledPromptBehavior: dismiss and notify, webauthn:extension:credBlob: true, webauthn:extension:largeBlob: true, webauthn:extension:minPinLength: true, webauthn:extension:prf: true, webauthn:virtualAuthenticators: true}\nSession ID: d9902ded168c6ea15d5f3da3ca49bae5","time":{"start":1771714950290,"stop":1771714968675,"duration":18385}},{"uid":"b13cd4220e619b7c","status":"passed","time":{"start":1771714495406,"stop":1771714501430,"duration":6024}},{"uid":"ec3a6d25661f32f","status":"passed","time":{"start":1771714357684,"stop":1771714363644,"duration":5960}},{"uid":"a57876eaa4aeb40b","status":"passed","time":{"start":1771713660403,"stop":1771713668369,"duration":7966}},{"uid":"7470c82da4bb2a0e","status":"passed","time":{"start":1771713425848,"stop":1771713434355,"duration":8507}},{"uid":"d32e41bb3c66bb46","status":"passed","time":{"start":1771713199741,"stop":1771713207836,"duration":8095}},{"uid":"87e357bdbc58116e","status":"passed","time":{"start":1771712915711,"stop":1771712924265,"duration":8554}},{"uid":"ac3357e86f15829a","status":"passed","time":{"start":1771711975282,"stop":1771711984047,"duration":8765}},{"uid":"84426dc570edfd54","status":"passed","time":{"start":1771710358700,"stop":1771710365783,"duration":7083}},{"uid":"67e8bad33ddf9f8c","status":"passed","time":{"start":1771709548316,"stop":1771709555274,"duration":6958}},{"uid":"f883c540b2784eea","status":"passed","time":{"start":1771707132129,"stop":1771707139182,"duration":7053}},{"uid":"23ca551aa5da6326","status":"passed","time":{"start":1771696572290,"stop":1771696579497,"duration":7207}}],"categories":[],"history":{"statistic":{"failed":0,"broken":3,"skipped":0,"passed":4,"unknown":0,"total":7},"items":[{"uid":"8212428ec7fe9b2d","reportUrl":"../5/index.html#testresult/8212428ec7fe9b2d","status":"passed","time":{"start":1771843933304,"stop":1771843945169,"duration":11865}},{"uid":"648c9276cf07d683","reportUrl":"../4/index.html#testresult/648c9276cf07d683","status":"passed","time":{"start":1771843933304,"stop":1771843945169,"duration":11865}},{"uid":"59c0fcdfc14da202","reportUrl":"../3/index.html#testresult/59c0fcdfc14da202","status":"broken","statusDetails":"Could not start a new session. Response code 500. Message: session not created: Chrome instance exited. Examine ChromeDriver verbose log to determine the cause. \nHost info: host: '2a7cafc2c392', ip: '172.18.0.2'\nBuild info: version: '4.40.0', revision: 'b3333f1'\nSystem info: os.name: 'Linux', os.arch: 'amd64', os.version: '5.15.167.4-microsoft-standard-WSL2', java.version: '17.0.18'\nDriver info: org.openqa.selenium.chrome.ChromeDriver\nCommand: [null, newSession {capabilities=[Capabilities {browserName: chrome, goog:chromeOptions: {args: [--start-maximized], extensions: []}}]}]","time":{"start":1771837146513,"stop":1771837146942,"duration":429}},{"uid":"22e6ed7a4bc6cc33","reportUrl":"../2/index.html#testresult/22e6ed7a4bc6cc33","status":"broken","statusDetails":"Could not start a new session. Response code 500. Message: session not created: Chrome instance exited. Examine ChromeDriver verbose log to determine the cause. \nHost info: host: '2a7cafc2c392', ip: '172.18.0.2'\nBuild info: version: '4.40.0', revision: 'b3333f1'\nSystem info: os.name: 'Linux', os.arch: 'amd64', os.version: '5.15.167.4-microsoft-standard-WSL2', java.version: '17.0.18'\nDriver info: org.openqa.selenium.chrome.ChromeDriver\nCommand: [null, newSession {capabilities=[Capabilities {browserName: chrome, goog:chromeOptions: {args: [--start-maximized], extensions: []}}]}]","time":{"start":1771837146513,"stop":1771837146942,"duration":429}},{"uid":"fe1150a1691172f9","reportUrl":"../1/index.html#testresult/fe1150a1691172f9","status":"broken","statusDetails":"Could not start a new session. Response code 500. Message: session not created: Chrome instance exited. Examine ChromeDriver verbose log to determine the cause. \nHost info: host: '2a7cafc2c392', ip: '172.18.0.2'\nBuild info: version: '4.40.0', revision: 'b3333f1'\nSystem info: os.name: 'Linux', os.arch: 'amd64', os.version: '5.15.167.4-microsoft-standard-WSL2', java.version: '17.0.18'\nDriver info: org.openqa.selenium.chrome.ChromeDriver\nCommand: [null, newSession {capabilities=[Capabilities {browserName: chrome, goog:chromeOptions: {args: [--start-maximized], extensions: []}}]}]","time":{"start":1771837146513,"stop":1771837146942,"duration":429}},{"uid":"b007d3f5348bce60","status":"passed","time":{"start":1771796195340,"stop":1771796206673,"duration":11333}}]},"tags":[]},"source":"6bcd5e907bfc9954.json","parameterValues":[]}