{"uid":"8c639fb23f22df4d","name":"Create a Dollar account for Harry Potter","fullName":"org.example.manager.CreateAccountTest.testCreateDollarAccount","historyId":"66a54980508dc24853bfc59f3d5eb03e","time":{"start":1771843854486,"stop":1771843875278,"duration":20792},"description":"","status":"passed","flaky":false,"newFailed":false,"newBroken":false,"newPassed":false,"retriesCount":28,"retriesStatusChange":true,"beforeStages":[],"afterStages":[],"labels":[{"name":"junit.platform.uniqueid","value":"[engine:junit-jupiter]/[class:org.example.manager.CreateAccountTest]/[method:testCreateDollarAccount()]"},{"name":"host","value":"fb7ef22d1c2e"},{"name":"thread","value":"100@fb7ef22d1c2e.main(1)"},{"name":"framework","value":"junit-platform"},{"name":"language","value":"java"},{"name":"package","value":"org.example.manager.CreateAccountTest"},{"name":"testClass","value":"org.example.manager.CreateAccountTest"},{"name":"testMethod","value":"testCreateDollarAccount"},{"name":"suite","value":"org.example.manager.CreateAccountTest"},{"name":"resultFormat","value":"allure2"}],"parameters":[],"links":[],"hidden":false,"retry":false,"extra":{"severity":"normal","retries":[{"uid":"7e0f7fd5edd60bdd","status":"broken","statusDetails":"Could not start a new session. Response code 500. Message: session not created: Chrome instance exited. Examine ChromeDriver verbose log to determine the cause. \nHost info: host: '2a7cafc2c392', ip: '172.18.0.2'\nBuild info: version: '4.40.0', revision: 'b3333f1'\nSystem info: os.name: 'Linux', os.arch: 'amd64', os.version: '5.15.167.4-microsoft-standard-WSL2', java.version: '17.0.18'\nDriver info: org.openqa.selenium.chrome.ChromeDriver\nCommand: [null, newSession {capabilities=[Capabilities {browserName: chrome, goog:chromeOptions: {args: [--start-maximized], extensions: []}}]}]","time":{"start":1771837085827,"stop":1771837129071,"duration":43244}},{"uid":"1f62bf2f3a82f60b","status":"passed","time":{"start":1771796214898,"stop":1771796222665,"duration":7767}},{"uid":"705cef1c7283d3a0","status":"passed","time":{"start":1771795570378,"stop":1771795576391,"duration":6013}},{"uid":"b82f0cbb444311b8","status":"passed","time":{"start":1771789649590,"stop":1771789657054,"duration":7464}},{"uid":"b49ad08cc6fd7b7c","status":"passed","time":{"start":1771788163863,"stop":1771788171527,"duration":7664}},{"uid":"55785d13a4a57690","status":"passed","time":{"start":1771767619483,"stop":1771767627920,"duration":8437}},{"uid":"d845e3bd98dc7b00","status":"passed","time":{"start":1771764573376,"stop":1771764580644,"duration":7268}},{"uid":"69eca1b2309fe3ee","status":"passed","time":{"start":1771764530301,"stop":1771764537438,"duration":7137}},{"uid":"8f60875506352eaa","status":"passed","time":{"start":1771764399562,"stop":1771764406510,"duration":6948}},{"uid":"fe4934948323e19a","status":"passed","time":{"start":1771763709725,"stop":1771763716153,"duration":6428}},{"uid":"fe03e19ab3b05","status":"passed","time":{"start":1771763144084,"stop":1771763153493,"duration":9409}},{"uid":"51ae1437fc6dde3f","status":"passed","time":{"start":1771762785667,"stop":1771762792277,"duration":6610}},{"uid":"fd5d4395df6b93a3","status":"passed","time":{"start":1771762417798,"stop":1771762424353,"duration":6555}},{"uid":"ee3716785e979c0a","status":"passed","time":{"start":1771761616436,"stop":1771761623267,"duration":6831}},{"uid":"2ec8b7ea1f2c75cf","status":"passed","time":{"start":1771760904788,"stop":1771760911126,"duration":6338}},{"uid":"f054c231f0aa77bc","status":"passed","time":{"start":1771760158873,"stop":1771760165284,"duration":6411}},{"uid":"1a1c1729406bfa8e","status":"broken","statusDetails":"Expected condition failed: waiting for element found by By.cssSelector: button[ng-click='manager()'] to be clickable, but the element was not found: org.openqa.selenium.NoSuchElementException: no such element: Unable to locate element: {\"method\":\"css selector\",\"selector\":\"button[ng-click='manager()']\"}.\r\n(tried for 15 seconds with 500 milliseconds interval)\nBuild info: version: '4.40.0', revision: 'b3333f1'\nSystem info: os.name: 'Windows 11', os.arch: 'amd64', os.version: '10.0', java.version: '23.0.1'\nDriver info: org.openqa.selenium.chrome.ChromeDriver\nCapabilities {acceptInsecureCerts: false, browserName: chrome, browserVersion: 145.0.7632.77, chrome: {chromedriverVersion: 145.0.7632.77 (da516187054a..., userDataDir: C:\\Users\\Cisco\\AppData\\Loca...}, fedcm:accounts: true, goog:chromeOptions: {debuggerAddress: localhost:63072}, goog:processID: 21500, networkConnectionEnabled: false, pageLoadStrategy: normal, platformName: windows, proxy: Proxy(), se:cdp: ws://localhost:63072/devtoo..., se:cdpVersion: 145.0.7632.77, setWindowRect: true, strictFileInteractability: false, timeouts: {implicit: 0, pageLoad: 300000, script: 30000}, unhandledPromptBehavior: dismiss and notify, webauthn:extension:credBlob: true, webauthn:extension:largeBlob: true, webauthn:extension:minPinLength: true, webauthn:extension:prf: true, webauthn:virtualAuthenticators: true}\nSession ID: 84c3f6feae68c2662f13a9f645136081","time":{"start":1771759460569,"stop":1771759485864,"duration":25295}},{"uid":"575b4b8d56f7148f","status":"passed","time":{"start":1771714507371,"stop":1771714513352,"duration":5981}},{"uid":"2f8841da4a76b47","status":"passed","time":{"start":1771714370288,"stop":1771714376164,"duration":5876}},{"uid":"d1fabd459309c223","status":"passed","time":{"start":1771713675949,"stop":1771713684511,"duration":8562}},{"uid":"286fdcc47ff43ba5","status":"passed","time":{"start":1771713442385,"stop":1771713451183,"duration":8798}},{"uid":"2ccbaf861a8f0b25","status":"passed","time":{"start":1771713216082,"stop":1771713224471,"duration":8389}},{"uid":"89427fc0a5b69fea","status":"passed","time":{"start":1771712932242,"stop":1771712940598,"duration":8356}},{"uid":"5ab0b1a085ed6353","status":"passed","time":{"start":1771711991658,"stop":1771711999575,"duration":7917}},{"uid":"8b4d50045a2f274e","status":"passed","time":{"start":1771710373303,"stop":1771710380333,"duration":7030}},{"uid":"432b5addec6a408","status":"passed","time":{"start":1771709562689,"stop":1771709570224,"duration":7535}},{"uid":"569136c7de55b09f","status":"passed","time":{"start":1771707146427,"stop":1771707153931,"duration":7504}},{"uid":"6f93330673615cc3","status":"broken","statusDetails":"Expected condition failed: waiting for element found by By.cssSelector: .btn.btn-default to be clickable, but the element was not found: org.openqa.selenium.NoSuchElementException: no such element: Unable to locate element: {\"method\":\"css selector\",\"selector\":\".btn.btn-default\"}.\r\n(tried for 10 seconds with 500 milliseconds interval)\nBuild info: version: '4.40.0', revision: 'b3333f1'\nSystem info: os.name: 'Windows 11', os.arch: 'amd64', os.version: '10.0', java.version: '23.0.1'\nDriver info: org.openqa.selenium.chrome.ChromeDriver\nCapabilities {acceptInsecureCerts: false, browserName: chrome, browserVersion: 145.0.7632.77, chrome: {chromedriverVersion: 145.0.7632.77 (da516187054a..., userDataDir: C:\\Users\\Cisco\\AppData\\Loca...}, fedcm:accounts: true, goog:chromeOptions: {debuggerAddress: localhost:55046}, goog:processID: 17388, networkConnectionEnabled: false, pageLoadStrategy: normal, platformName: windows, proxy: Proxy(), se:cdp: ws://localhost:55046/devtoo..., se:cdpVersion: 145.0.7632.77, setWindowRect: true, strictFileInteractability: false, timeouts: {implicit: 0, pageLoad: 300000, script: 30000}, unhandledPromptBehavior: dismiss and notify, webauthn:extension:credBlob: true, webauthn:extension:largeBlob: true, webauthn:extension:minPinLength: true, webauthn:extension:prf: true, webauthn:virtualAuthenticators: true}\nSession ID: 337026ba25d037cca95d6c0bb435669c","time":{"start":1771696585982,"stop":1771696602959,"duration":16977}}],"categories":[],"history":{"statistic":{"failed":0,"broken":3,"skipped":0,"passed":4,"unknown":0,"total":7},"items":[{"uid":"1b13a07c13d6c142","reportUrl":"../5/index.html#testresult/1b13a07c13d6c142","status":"passed","time":{"start":1771843854486,"stop":1771843875278,"duration":20792}},{"uid":"bd38ad663909f7de","reportUrl":"../4/index.html#testresult/bd38ad663909f7de","status":"passed","time":{"start":1771843854486,"stop":1771843875278,"duration":20792}},{"uid":"92878c23c168a58","reportUrl":"../3/index.html#testresult/92878c23c168a58","status":"broken","statusDetails":"Could not start a new session. Response code 500. Message: session not created: Chrome instance exited. Examine ChromeDriver verbose log to determine the cause. \nHost info: host: '2a7cafc2c392', ip: '172.18.0.2'\nBuild info: version: '4.40.0', revision: 'b3333f1'\nSystem info: os.name: 'Linux', os.arch: 'amd64', os.version: '5.15.167.4-microsoft-standard-WSL2', java.version: '17.0.18'\nDriver info: org.openqa.selenium.chrome.ChromeDriver\nCommand: [null, newSession {capabilities=[Capabilities {browserName: chrome, goog:chromeOptions: {args: [--start-maximized], extensions: []}}]}]","time":{"start":1771837085827,"stop":1771837129071,"duration":43244}},{"uid":"2b376c826146f8d6","reportUrl":"../2/index.html#testresult/2b376c826146f8d6","status":"broken","statusDetails":"Could not start a new session. Response code 500. Message: session not created: Chrome instance exited. Examine ChromeDriver verbose log to determine the cause. \nHost info: host: '2a7cafc2c392', ip: '172.18.0.2'\nBuild info: version: '4.40.0', revision: 'b3333f1'\nSystem info: os.name: 'Linux', os.arch: 'amd64', os.version: '5.15.167.4-microsoft-standard-WSL2', java.version: '17.0.18'\nDriver info: org.openqa.selenium.chrome.ChromeDriver\nCommand: [null, newSession {capabilities=[Capabilities {browserName: chrome, goog:chromeOptions: {args: [--start-maximized], extensions: []}}]}]","time":{"start":1771837085827,"stop":1771837129071,"duration":43244}},{"uid":"86221afde7f1f0cc","reportUrl":"../1/index.html#testresult/86221afde7f1f0cc","status":"broken","statusDetails":"Could not start a new session. Response code 500. Message: session not created: Chrome instance exited. Examine ChromeDriver verbose log to determine the cause. \nHost info: host: '2a7cafc2c392', ip: '172.18.0.2'\nBuild info: version: '4.40.0', revision: 'b3333f1'\nSystem info: os.name: 'Linux', os.arch: 'amd64', os.version: '5.15.167.4-microsoft-standard-WSL2', java.version: '17.0.18'\nDriver info: org.openqa.selenium.chrome.ChromeDriver\nCommand: [null, newSession {capabilities=[Capabilities {browserName: chrome, goog:chromeOptions: {args: [--start-maximized], extensions: []}}]}]","time":{"start":1771837085827,"stop":1771837129071,"duration":43244}},{"uid":"a88f8e006914c206","status":"passed","time":{"start":1771796214898,"stop":1771796222665,"duration":7767}}]},"tags":[]},"source":"8c639fb23f22df4d.json","parameterValues":[]}