{"uid":"fe4fe920bf958717","name":"Add customer with special characters - app accepts it","fullName":"org.example.manager.AddCustomerTest.testAddCustomerWithSpecialCharacters","historyId":"b2c3ec26b06f70681cb4fc4f5ad7af2e","time":{"start":1771843945187,"stop":1771843951549,"duration":6362},"description":"","status":"passed","flaky":false,"newFailed":false,"newBroken":false,"newPassed":false,"retriesCount":29,"retriesStatusChange":true,"beforeStages":[],"afterStages":[],"labels":[{"name":"junit.platform.uniqueid","value":"[engine:junit-jupiter]/[class:org.example.manager.AddCustomerTest]/[method:testAddCustomerWithSpecialCharacters()]"},{"name":"host","value":"fb7ef22d1c2e"},{"name":"thread","value":"100@fb7ef22d1c2e.main(1)"},{"name":"framework","value":"junit-platform"},{"name":"language","value":"java"},{"name":"package","value":"org.example.manager.AddCustomerTest"},{"name":"testClass","value":"org.example.manager.AddCustomerTest"},{"name":"testMethod","value":"testAddCustomerWithSpecialCharacters"},{"name":"suite","value":"org.example.manager.AddCustomerTest"},{"name":"resultFormat","value":"allure2"}],"parameters":[],"links":[],"hidden":false,"retry":false,"extra":{"severity":"normal","retries":[{"uid":"610334363caeb5df","status":"broken","statusDetails":"Could not start a new session. Response code 500. Message: session not created: Chrome instance exited. Examine ChromeDriver verbose log to determine the cause. \nHost info: host: '2a7cafc2c392', ip: '172.18.0.2'\nBuild info: version: '4.40.0', revision: 'b3333f1'\nSystem info: os.name: 'Linux', os.arch: 'amd64', os.version: '5.15.167.4-microsoft-standard-WSL2', java.version: '17.0.18'\nDriver info: org.openqa.selenium.chrome.ChromeDriver\nCommand: [null, newSession {capabilities=[Capabilities {browserName: chrome, goog:chromeOptions: {args: [--start-maximized], extensions: []}}]}]","time":{"start":1771837146983,"stop":1771837147378,"duration":395}},{"uid":"5047eac0888e90a1","status":"passed","time":{"start":1771796206688,"stop":1771796214875,"duration":8187}},{"uid":"d6ca7c33a0ac7993","status":"passed","time":{"start":1771795564039,"stop":1771795570368,"duration":6329}},{"uid":"cad921953b421896","status":"passed","time":{"start":1771789641943,"stop":1771789649576,"duration":7633}},{"uid":"875b500fc945ec54","status":"passed","time":{"start":1771788155330,"stop":1771788163843,"duration":8513}},{"uid":"8228124f9d3e5f0c","status":"passed","time":{"start":1771767611339,"stop":1771767619469,"duration":8130}},{"uid":"6dd5a01711597914","status":"broken","statusDetails":"no such window: target window already closed\nfrom unknown error: web view not found\n  (Session info: chrome=145.0.7632.77)\nBuild info: version: '4.40.0', revision: 'b3333f1'\nSystem info: os.name: 'Windows 11', os.arch: 'amd64', os.version: '10.0', java.version: '23.0.1'\nDriver info: org.openqa.selenium.chrome.ChromeDriver\nCommand: [4a0720837f48f5298c83d986cdfadb4a, get {url=https://www.globalsqa.com/angularJs-protractor/BankingProject/index.html#/login}]\nCapabilities {acceptInsecureCerts: false, browserName: chrome, browserVersion: 145.0.7632.77, chrome: {chromedriverVersion: 145.0.7632.77 (da516187054a..., userDataDir: C:\\Users\\Cisco\\AppData\\Loca...}, fedcm:accounts: true, goog:chromeOptions: {debuggerAddress: localhost:50491}, goog:processID: 25644, networkConnectionEnabled: false, pageLoadStrategy: normal, platformName: windows, proxy: Proxy(), se:cdp: ws://localhost:50491/devtoo..., se:cdpVersion: 145.0.7632.77, setWindowRect: true, strictFileInteractability: false, timeouts: {implicit: 0, pageLoad: 300000, script: 30000}, unhandledPromptBehavior: dismiss and notify, webauthn:extension:credBlob: true, webauthn:extension:largeBlob: true, webauthn:extension:minPinLength: true, webauthn:extension:prf: true, webauthn:virtualAuthenticators: true}\nSession ID: 4a0720837f48f5298c83d986cdfadb4a","time":{"start":1771767146870,"stop":1771767150335,"duration":3465}},{"uid":"8ca64e7d3cb0549d","status":"passed","time":{"start":1771767040659,"stop":1771767049833,"duration":9174}},{"uid":"cfb618fe31b0f458","status":"passed","time":{"start":1771764393211,"stop":1771764399537,"duration":6326}},{"uid":"d6201a0038989685","status":"passed","time":{"start":1771763703389,"stop":1771763709716,"duration":6327}},{"uid":"51410f0b86ce4b57","status":"passed","time":{"start":1771763136735,"stop":1771763144069,"duration":7334}},{"uid":"4b7fa3764b98475d","status":"passed","time":{"start":1771762779145,"stop":1771762785629,"duration":6484}},{"uid":"6d1a1405e7d249ca","status":"passed","time":{"start":1771762410059,"stop":1771762417786,"duration":7727}},{"uid":"299f2212c2bbe418","status":"passed","time":{"start":1771761608799,"stop":1771761616417,"duration":7618}},{"uid":"883d26fa7a6f25f6","status":"passed","time":{"start":1771760898391,"stop":1771760904777,"duration":6386}},{"uid":"8b20ab71f5c4051","status":"passed","time":{"start":1771760152850,"stop":1771760158859,"duration":6009}},{"uid":"f7e3f03e96b00499","status":"broken","statusDetails":"Expected condition failed: waiting for element found by By.cssSelector: button[ng-click='manager()'] to be clickable, but the element was not found: org.openqa.selenium.NoSuchElementException: no such element: Unable to locate element: {\"method\":\"css selector\",\"selector\":\"button[ng-click='manager()']\"}.\r\n(tried for 15 seconds with 500 milliseconds interval)\nBuild info: version: '4.40.0', revision: 'b3333f1'\nSystem info: os.name: 'Windows 11', os.arch: 'amd64', os.version: '10.0', java.version: '23.0.1'\nDriver info: org.openqa.selenium.chrome.ChromeDriver\nCapabilities {acceptInsecureCerts: false, browserName: chrome, browserVersion: 145.0.7632.77, chrome: {chromedriverVersion: 145.0.7632.77 (da516187054a..., userDataDir: C:\\Users\\Cisco\\AppData\\Loca...}, fedcm:accounts: true, goog:chromeOptions: {debuggerAddress: localhost:53985}, goog:processID: 25660, networkConnectionEnabled: false, pageLoadStrategy: normal, platformName: windows, proxy: Proxy(), se:cdp: ws://localhost:53985/devtoo..., se:cdpVersion: 145.0.7632.77, setWindowRect: true, strictFileInteractability: false, timeouts: {implicit: 0, pageLoad: 300000, script: 30000}, unhandledPromptBehavior: dismiss and notify, webauthn:extension:credBlob: true, webauthn:extension:largeBlob: true, webauthn:extension:minPinLength: true, webauthn:extension:prf: true, webauthn:virtualAuthenticators: true}\nSession ID: 08167efdcc62df8d4d297a1f2bc3c78c","time":{"start":1771759436880,"stop":1771759460546,"duration":23666}},{"uid":"3b84ecf5174bbc7d","status":"broken","statusDetails":"Expected condition failed: waiting for element found by By.cssSelector: button[ng-click='manager()'] to be clickable, but the element was not found: org.openqa.selenium.NoSuchElementException: no such element: Unable to locate element: {\"method\":\"css selector\",\"selector\":\"button[ng-click='manager()']\"}.\r\n(tried for 10 seconds with 500 milliseconds interval)\nBuild info: version: '4.40.0', revision: 'b3333f1'\nSystem info: os.name: 'Windows 11', os.arch: 'amd64', os.version: '10.0', java.version: '23.0.1'\nDriver info: org.openqa.selenium.chrome.ChromeDriver\nCapabilities {acceptInsecureCerts: false, browserName: chrome, browserVersion: 145.0.7632.77, chrome: {chromedriverVersion: 145.0.7632.77 (da516187054a..., userDataDir: C:\\Users\\Cisco\\AppData\\Loca...}, fedcm:accounts: true, goog:chromeOptions: {debuggerAddress: localhost:55186}, goog:processID: 14968, networkConnectionEnabled: false, pageLoadStrategy: normal, platformName: windows, proxy: Proxy(), se:cdp: ws://localhost:55186/devtoo..., se:cdpVersion: 145.0.7632.77, setWindowRect: true, strictFileInteractability: false, timeouts: {implicit: 0, pageLoad: 300000, script: 30000}, unhandledPromptBehavior: dismiss and notify, webauthn:extension:credBlob: true, webauthn:extension:largeBlob: true, webauthn:extension:minPinLength: true, webauthn:extension:prf: true, webauthn:virtualAuthenticators: true}\nSession ID: d00ffc894ab0a94c7c3ab133ef043ced","time":{"start":1771714968707,"stop":1771714986759,"duration":18052}},{"uid":"b0a234cd8325458a","status":"passed","time":{"start":1771714501438,"stop":1771714507360,"duration":5922}},{"uid":"e794c55e48556cf8","status":"passed","time":{"start":1771714363652,"stop":1771714370279,"duration":6627}},{"uid":"fb7cf5360b7ce782","status":"passed","time":{"start":1771713668378,"stop":1771713675910,"duration":7532}},{"uid":"88c38a28c36722a4","status":"passed","time":{"start":1771713434364,"stop":1771713442349,"duration":7985}},{"uid":"61291db8f993cfa9","status":"passed","time":{"start":1771713207844,"stop":1771713216070,"duration":8226}},{"uid":"2bb71598d1c3664d","status":"passed","time":{"start":1771712924275,"stop":1771712932227,"duration":7952}},{"uid":"b75faabd4e2e9cd4","status":"passed","time":{"start":1771711984067,"stop":1771711991643,"duration":7576}},{"uid":"24959c855bf4bcc7","status":"passed","time":{"start":1771710365791,"stop":1771710373281,"duration":7490}},{"uid":"837b7d1a2c5c465c","status":"passed","time":{"start":1771709555281,"stop":1771709562677,"duration":7396}},{"uid":"9969d901ba50634d","status":"failed","statusDetails":"expected: <false> but was: <true>","time":{"start":1771707139190,"stop":1771707146407,"duration":7217}},{"uid":"c04ca2b007df7142","status":"passed","time":{"start":1771696579503,"stop":1771696585967,"duration":6464}}],"categories":[],"history":{"statistic":{"failed":0,"broken":4,"skipped":0,"passed":3,"unknown":0,"total":7},"items":[{"uid":"46d4f63e158f7a23","reportUrl":"../5/index.html#testresult/46d4f63e158f7a23","status":"passed","time":{"start":1771843945187,"stop":1771843951549,"duration":6362}},{"uid":"cceaf3b8b60fc3ae","reportUrl":"../4/index.html#testresult/cceaf3b8b60fc3ae","status":"broken","statusDetails":"Could not start a new session. Response code 500. Message: session not created: Chrome instance exited. Examine ChromeDriver verbose log to determine the cause. \nHost info: host: '2a7cafc2c392', ip: '172.18.0.2'\nBuild info: version: '4.40.0', revision: 'b3333f1'\nSystem info: os.name: 'Linux', os.arch: 'amd64', os.version: '5.15.167.4-microsoft-standard-WSL2', java.version: '17.0.18'\nDriver info: org.openqa.selenium.chrome.ChromeDriver\nCommand: [null, newSession {capabilities=[Capabilities {browserName: chrome, goog:chromeOptions: {args: [--start-maximized], extensions: []}}]}]","time":{"start":1771837146983,"stop":1771837147378,"duration":395}},{"uid":"a0fb762e36565ac0","reportUrl":"../3/index.html#testresult/a0fb762e36565ac0","status":"broken","statusDetails":"Could not start a new session. Response code 500. Message: session not created: Chrome instance exited. Examine ChromeDriver verbose log to determine the cause. \nHost info: host: '2a7cafc2c392', ip: '172.18.0.2'\nBuild info: version: '4.40.0', revision: 'b3333f1'\nSystem info: os.name: 'Linux', os.arch: 'amd64', os.version: '5.15.167.4-microsoft-standard-WSL2', java.version: '17.0.18'\nDriver info: org.openqa.selenium.chrome.ChromeDriver\nCommand: [null, newSession {capabilities=[Capabilities {browserName: chrome, goog:chromeOptions: {args: [--start-maximized], extensions: []}}]}]","time":{"start":1771837146983,"stop":1771837147378,"duration":395}},{"uid":"8571ba13794d73b","reportUrl":"../2/index.html#testresult/8571ba13794d73b","status":"broken","statusDetails":"Could not start a new session. Response code 500. Message: session not created: Chrome instance exited. Examine ChromeDriver verbose log to determine the cause. \nHost info: host: '2a7cafc2c392', ip: '172.18.0.2'\nBuild info: version: '4.40.0', revision: 'b3333f1'\nSystem info: os.name: 'Linux', os.arch: 'amd64', os.version: '5.15.167.4-microsoft-standard-WSL2', java.version: '17.0.18'\nDriver info: org.openqa.selenium.chrome.ChromeDriver\nCommand: [null, newSession {capabilities=[Capabilities {browserName: chrome, goog:chromeOptions: {args: [--start-maximized], extensions: []}}]}]","time":{"start":1771837146983,"stop":1771837147378,"duration":395}},{"uid":"d25afa0f215e57a4","reportUrl":"../1/index.html#testresult/d25afa0f215e57a4","status":"broken","statusDetails":"Could not start a new session. Response code 500. Message: session not created: Chrome instance exited. Examine ChromeDriver verbose log to determine the cause. \nHost info: host: '2a7cafc2c392', ip: '172.18.0.2'\nBuild info: version: '4.40.0', revision: 'b3333f1'\nSystem info: os.name: 'Linux', os.arch: 'amd64', os.version: '5.15.167.4-microsoft-standard-WSL2', java.version: '17.0.18'\nDriver info: org.openqa.selenium.chrome.ChromeDriver\nCommand: [null, newSession {capabilities=[Capabilities {browserName: chrome, goog:chromeOptions: {args: [--start-maximized], extensions: []}}]}]","time":{"start":1771837146983,"stop":1771837147378,"duration":395}},{"uid":"94886fada5d54808","status":"passed","time":{"start":1771796206688,"stop":1771796214875,"duration":8187}}]},"tags":[]},"source":"fe4fe920bf958717.json","parameterValues":[]}