{"uid":"49557986f541f16a","name":"Add customer with invalid post code - app accepts it","fullName":"org.example.manager.AddCustomerTest.testAddCustomerWithInvalidPostCode","historyId":"23d1005ff61f5c79b8afb6d191914fcf","time":{"start":1771843922318,"stop":1771843927859,"duration":5541},"description":"","status":"passed","flaky":false,"newFailed":false,"newBroken":false,"newPassed":false,"retriesCount":29,"retriesStatusChange":true,"beforeStages":[],"afterStages":[],"labels":[{"name":"junit.platform.uniqueid","value":"[engine:junit-jupiter]/[class:org.example.manager.AddCustomerTest]/[method:testAddCustomerWithInvalidPostCode()]"},{"name":"host","value":"fb7ef22d1c2e"},{"name":"thread","value":"100@fb7ef22d1c2e.main(1)"},{"name":"framework","value":"junit-platform"},{"name":"language","value":"java"},{"name":"package","value":"org.example.manager.AddCustomerTest"},{"name":"testClass","value":"org.example.manager.AddCustomerTest"},{"name":"testMethod","value":"testAddCustomerWithInvalidPostCode"},{"name":"suite","value":"org.example.manager.AddCustomerTest"},{"name":"resultFormat","value":"allure2"}],"parameters":[],"links":[],"hidden":false,"retry":false,"extra":{"severity":"normal","retries":[{"uid":"472e8e4f887a765d","status":"broken","statusDetails":"Could not start a new session. Response code 500. Message: session not created: Chrome instance exited. Examine ChromeDriver verbose log to determine the cause. \nHost info: host: '2a7cafc2c392', ip: '172.18.0.2'\nBuild info: version: '4.40.0', revision: 'b3333f1'\nSystem info: os.name: 'Linux', os.arch: 'amd64', os.version: '5.15.167.4-microsoft-standard-WSL2', java.version: '17.0.18'\nDriver info: org.openqa.selenium.chrome.ChromeDriver\nCommand: [null, newSession {capabilities=[Capabilities {browserName: chrome, goog:chromeOptions: {args: [--start-maximized], extensions: []}}]}]","time":{"start":1771837144749,"stop":1771837145321,"duration":572}},{"uid":"43843585ec4e52d2","status":"passed","time":{"start":1771796178238,"stop":1771796187098,"duration":8860}},{"uid":"41ae48ea8f45240b","status":"passed","time":{"start":1771795541188,"stop":1771795547103,"duration":5915}},{"uid":"f7ecb95ff52dbca3","status":"passed","time":{"start":1771789617588,"stop":1771789624598,"duration":7010}},{"uid":"68a0ea9472424b42","status":"passed","time":{"start":1771788127614,"stop":1771788136202,"duration":8588}},{"uid":"43b36f935ba909be","status":"passed","time":{"start":1771767582783,"stop":1771767591423,"duration":8640}},{"uid":"cc0965041b936f7f","status":"broken","statusDetails":"no such window: target window already closed\nfrom unknown error: web view not found\n  (Session info: chrome=145.0.7632.77)\nBuild info: version: '4.40.0', revision: 'b3333f1'\nSystem info: os.name: 'Windows 11', os.arch: 'amd64', os.version: '10.0', java.version: '23.0.1'\nDriver info: org.openqa.selenium.chrome.ChromeDriver\nCommand: [d228565df1b5ba9a63cfdefb3d0d7aff, get {url=https://www.globalsqa.com/angularJs-protractor/BankingProject/index.html#/login}]\nCapabilities {acceptInsecureCerts: false, browserName: chrome, browserVersion: 145.0.7632.77, chrome: {chromedriverVersion: 145.0.7632.77 (da516187054a..., userDataDir: C:\\Users\\Cisco\\AppData\\Loca...}, fedcm:accounts: true, goog:chromeOptions: {debuggerAddress: localhost:50459}, goog:processID: 7536, networkConnectionEnabled: false, pageLoadStrategy: normal, platformName: windows, proxy: Proxy(), se:cdp: ws://localhost:50459/devtoo..., se:cdpVersion: 145.0.7632.77, setWindowRect: true, strictFileInteractability: false, timeouts: {implicit: 0, pageLoad: 300000, script: 30000}, unhandledPromptBehavior: dismiss and notify, webauthn:extension:credBlob: true, webauthn:extension:largeBlob: true, webauthn:extension:minPinLength: true, webauthn:extension:prf: true, webauthn:virtualAuthenticators: true}\nSession ID: d228565df1b5ba9a63cfdefb3d0d7aff","time":{"start":1771767134751,"stop":1771767139045,"duration":4294}},{"uid":"b4bf887541accb3e","status":"passed","time":{"start":1771767010328,"stop":1771767019195,"duration":8867}},{"uid":"e67933d70b8eb7ab","status":"passed","time":{"start":1771764371884,"stop":1771764377768,"duration":5884}},{"uid":"d2ad20208e2dec2","status":"passed","time":{"start":1771763681113,"stop":1771763687402,"duration":6289}},{"uid":"d7d3ce3d5d23bf21","status":"passed","time":{"start":1771763113756,"stop":1771763120222,"duration":6466}},{"uid":"164ea0e380a27840","status":"passed","time":{"start":1771762756503,"stop":1771762762916,"duration":6413}},{"uid":"9cf0e54352f7b492","status":"passed","time":{"start":1771762386476,"stop":1771762393063,"duration":6587}},{"uid":"c50f528840744e1","status":"passed","time":{"start":1771761581539,"stop":1771761589281,"duration":7742}},{"uid":"102359263bddf908","status":"passed","time":{"start":1771760876045,"stop":1771760882395,"duration":6350}},{"uid":"99a4595e1e8d8b39","status":"passed","time":{"start":1771760130520,"stop":1771760137232,"duration":6712}},{"uid":"fe5d900dd1a3ffc5","status":"broken","statusDetails":"Expected condition failed: waiting for element found by By.cssSelector: button[ng-click='manager()'] to be clickable, but the element was not found: org.openqa.selenium.NoSuchElementException: no such element: Unable to locate element: {\"method\":\"css selector\",\"selector\":\"button[ng-click='manager()']\"}.\r\n(tried for 15 seconds with 500 milliseconds interval)\nBuild info: version: '4.40.0', revision: 'b3333f1'\nSystem info: os.name: 'Windows 11', os.arch: 'amd64', os.version: '10.0', java.version: '23.0.1'\nDriver info: org.openqa.selenium.chrome.ChromeDriver\nCapabilities {acceptInsecureCerts: false, browserName: chrome, browserVersion: 145.0.7632.77, chrome: {chromedriverVersion: 145.0.7632.77 (da516187054a..., userDataDir: C:\\Users\\Cisco\\AppData\\Loca...}, fedcm:accounts: true, goog:chromeOptions: {debuggerAddress: localhost:53282}, goog:processID: 17176, networkConnectionEnabled: false, pageLoadStrategy: normal, platformName: windows, proxy: Proxy(), se:cdp: ws://localhost:53282/devtoo..., se:cdpVersion: 145.0.7632.77, setWindowRect: true, strictFileInteractability: false, timeouts: {implicit: 0, pageLoad: 300000, script: 30000}, unhandledPromptBehavior: dismiss and notify, webauthn:extension:credBlob: true, webauthn:extension:largeBlob: true, webauthn:extension:minPinLength: true, webauthn:extension:prf: true, webauthn:virtualAuthenticators: true}\nSession ID: d5e76d50db4e2f15e368d92fbd245525","time":{"start":1771759359757,"stop":1771759384606,"duration":24849}},{"uid":"7d70d3b0cd08667c","status":"broken","statusDetails":"Expected condition failed: waiting for element found by By.cssSelector: button[ng-click='manager()'] to be clickable, but the element was not found: org.openqa.selenium.NoSuchElementException: no such element: Unable to locate element: {\"method\":\"css selector\",\"selector\":\"button[ng-click='manager()']\"}.\r\n(tried for 10 seconds with 500 milliseconds interval)\nBuild info: version: '4.40.0', revision: 'b3333f1'\nSystem info: os.name: 'Windows 11', os.arch: 'amd64', os.version: '10.0', java.version: '23.0.1'\nDriver info: org.openqa.selenium.chrome.ChromeDriver\nCapabilities {acceptInsecureCerts: false, browserName: chrome, browserVersion: 145.0.7632.77, chrome: {chromedriverVersion: 145.0.7632.77 (da516187054a..., userDataDir: C:\\Users\\Cisco\\AppData\\Loca...}, fedcm:accounts: true, goog:chromeOptions: {debuggerAddress: localhost:63725}, goog:processID: 16336, networkConnectionEnabled: false, pageLoadStrategy: normal, platformName: windows, proxy: Proxy(), se:cdp: ws://localhost:63725/devtoo..., se:cdpVersion: 145.0.7632.77, setWindowRect: true, strictFileInteractability: false, timeouts: {implicit: 0, pageLoad: 300000, script: 30000}, unhandledPromptBehavior: dismiss and notify, webauthn:extension:credBlob: true, webauthn:extension:largeBlob: true, webauthn:extension:minPinLength: true, webauthn:extension:prf: true, webauthn:virtualAuthenticators: true}\nSession ID: a0fc118a44dacbc996dfba521565815f","time":{"start":1771714912817,"stop":1771714930923,"duration":18106}},{"uid":"a4e77ee7e56d97d9","status":"passed","time":{"start":1771714483216,"stop":1771714489344,"duration":6128}},{"uid":"287cc67f105e4dc0","status":"passed","time":{"start":1771714345251,"stop":1771714351526,"duration":6275}},{"uid":"3bde2d5ede51697f","status":"passed","time":{"start":1771713642235,"stop":1771713651950,"duration":9715}},{"uid":"40484763ec739d8d","status":"passed","time":{"start":1771713408037,"stop":1771713415704,"duration":7667}},{"uid":"a74950a98855a037","status":"passed","time":{"start":1771713182770,"stop":1771713191544,"duration":8774}},{"uid":"4846a78e8a4cceb5","status":"passed","time":{"start":1771712899264,"stop":1771712907774,"duration":8510}},{"uid":"70b36c4f1cc78a4a","status":"passed","time":{"start":1771711959829,"stop":1771711967485,"duration":7656}},{"uid":"7dd7f625f89f4e1d","status":"passed","time":{"start":1771710343528,"stop":1771710351193,"duration":7665}},{"uid":"3dfa6295d7003ce3","status":"passed","time":{"start":1771709532991,"stop":1771709540015,"duration":7024}},{"uid":"c91de1e2c09c11d5","status":"failed","statusDetails":"expected: <false> but was: <true>","time":{"start":1771707116910,"stop":1771707125230,"duration":8320}},{"uid":"47fd0800420d7576","status":"passed","time":{"start":1771696560335,"stop":1771696566273,"duration":5938}}],"categories":[],"history":{"statistic":{"failed":0,"broken":3,"skipped":0,"passed":6,"unknown":0,"total":9},"items":[{"uid":"6f3e51c97349015e","reportUrl":"../7/index.html#testresult/6f3e51c97349015e","status":"passed","time":{"start":1771843922318,"stop":1771843927859,"duration":5541}},{"uid":"6a3f488d1819c269","reportUrl":"../6/index.html#testresult/6a3f488d1819c269","status":"passed","time":{"start":1771843922318,"stop":1771843927859,"duration":5541}},{"uid":"51b3579c0a13a2d0","reportUrl":"../5/index.html#testresult/51b3579c0a13a2d0","status":"passed","time":{"start":1771843922318,"stop":1771843927859,"duration":5541}},{"uid":"d4f849d5b37fca63","reportUrl":"../4/index.html#testresult/d4f849d5b37fca63","status":"passed","time":{"start":1771843922318,"stop":1771843927859,"duration":5541}},{"uid":"eb0b1ee9f1545dec","reportUrl":"../3/index.html#testresult/eb0b1ee9f1545dec","status":"broken","statusDetails":"Could not start a new session. Response code 500. Message: session not created: Chrome instance exited. Examine ChromeDriver verbose log to determine the cause. \nHost info: host: '2a7cafc2c392', ip: '172.18.0.2'\nBuild info: version: '4.40.0', revision: 'b3333f1'\nSystem info: os.name: 'Linux', os.arch: 'amd64', os.version: '5.15.167.4-microsoft-standard-WSL2', java.version: '17.0.18'\nDriver info: org.openqa.selenium.chrome.ChromeDriver\nCommand: [null, newSession {capabilities=[Capabilities {browserName: chrome, goog:chromeOptions: {args: [--start-maximized], extensions: []}}]}]","time":{"start":1771837144749,"stop":1771837145321,"duration":572}},{"uid":"67788ff9b1c39cd3","reportUrl":"../2/index.html#testresult/67788ff9b1c39cd3","status":"broken","statusDetails":"Could not start a new session. Response code 500. Message: session not created: Chrome instance exited. Examine ChromeDriver verbose log to determine the cause. \nHost info: host: '2a7cafc2c392', ip: '172.18.0.2'\nBuild info: version: '4.40.0', revision: 'b3333f1'\nSystem info: os.name: 'Linux', os.arch: 'amd64', os.version: '5.15.167.4-microsoft-standard-WSL2', java.version: '17.0.18'\nDriver info: org.openqa.selenium.chrome.ChromeDriver\nCommand: [null, newSession {capabilities=[Capabilities {browserName: chrome, goog:chromeOptions: {args: [--start-maximized], extensions: []}}]}]","time":{"start":1771837144749,"stop":1771837145321,"duration":572}},{"uid":"827ddd30654354b3","reportUrl":"../1/index.html#testresult/827ddd30654354b3","status":"broken","statusDetails":"Could not start a new session. Response code 500. Message: session not created: Chrome instance exited. Examine ChromeDriver verbose log to determine the cause. \nHost info: host: '2a7cafc2c392', ip: '172.18.0.2'\nBuild info: version: '4.40.0', revision: 'b3333f1'\nSystem info: os.name: 'Linux', os.arch: 'amd64', os.version: '5.15.167.4-microsoft-standard-WSL2', java.version: '17.0.18'\nDriver info: org.openqa.selenium.chrome.ChromeDriver\nCommand: [null, newSession {capabilities=[Capabilities {browserName: chrome, goog:chromeOptions: {args: [--start-maximized], extensions: []}}]}]","time":{"start":1771837144749,"stop":1771837145321,"duration":572}},{"uid":"a17360b401a961ae","status":"passed","time":{"start":1771796178238,"stop":1771796187098,"duration":8860}}]},"tags":[]},"source":"49557986f541f16a.json","parameterValues":[]}