{"uid":"b5a084c1c4746e6c","name":"Create a Dollar account for Harry Potter","fullName":"org.example.manager.CreateAccountTest.testCreateDollarAccount","historyId":"66a54980508dc24853bfc59f3d5eb03e","time":{"start":1771843854486,"stop":1771843875278,"duration":20792},"description":"","status":"passed","flaky":false,"newFailed":false,"newBroken":false,"newPassed":false,"retriesCount":28,"retriesStatusChange":true,"beforeStages":[],"afterStages":[],"labels":[{"name":"junit.platform.uniqueid","value":"[engine:junit-jupiter]/[class:org.example.manager.CreateAccountTest]/[method:testCreateDollarAccount()]"},{"name":"host","value":"fb7ef22d1c2e"},{"name":"thread","value":"100@fb7ef22d1c2e.main(1)"},{"name":"framework","value":"junit-platform"},{"name":"language","value":"java"},{"name":"package","value":"org.example.manager.CreateAccountTest"},{"name":"testClass","value":"org.example.manager.CreateAccountTest"},{"name":"testMethod","value":"testCreateDollarAccount"},{"name":"suite","value":"org.example.manager.CreateAccountTest"},{"name":"resultFormat","value":"allure2"}],"parameters":[],"links":[],"hidden":false,"retry":false,"extra":{"severity":"normal","retries":[{"uid":"a095d2c8ad0f3152","status":"broken","statusDetails":"Could not start a new session. Response code 500. Message: session not created: Chrome instance exited. Examine ChromeDriver verbose log to determine the cause. \nHost info: host: '2a7cafc2c392', ip: '172.18.0.2'\nBuild info: version: '4.40.0', revision: 'b3333f1'\nSystem info: os.name: 'Linux', os.arch: 'amd64', os.version: '5.15.167.4-microsoft-standard-WSL2', java.version: '17.0.18'\nDriver info: org.openqa.selenium.chrome.ChromeDriver\nCommand: [null, newSession {capabilities=[Capabilities {browserName: chrome, goog:chromeOptions: {args: [--start-maximized], extensions: []}}]}]","time":{"start":1771837085827,"stop":1771837129071,"duration":43244}},{"uid":"e9daa118418698d2","status":"passed","time":{"start":1771796214898,"stop":1771796222665,"duration":7767}},{"uid":"64ed540bb42473ad","status":"passed","time":{"start":1771795570378,"stop":1771795576391,"duration":6013}},{"uid":"3c80f96a8a3c027","status":"passed","time":{"start":1771789649590,"stop":1771789657054,"duration":7464}},{"uid":"ca2930c8e3458b1a","status":"passed","time":{"start":1771788163863,"stop":1771788171527,"duration":7664}},{"uid":"72617d3a063424ea","status":"passed","time":{"start":1771767619483,"stop":1771767627920,"duration":8437}},{"uid":"32966e85d30a5080","status":"passed","time":{"start":1771764573376,"stop":1771764580644,"duration":7268}},{"uid":"4da654dbfc1405b6","status":"passed","time":{"start":1771764530301,"stop":1771764537438,"duration":7137}},{"uid":"5ab58fd9e2a31440","status":"passed","time":{"start":1771764399562,"stop":1771764406510,"duration":6948}},{"uid":"675b78462f4d92e5","status":"passed","time":{"start":1771763709725,"stop":1771763716153,"duration":6428}},{"uid":"de660ad084eab322","status":"passed","time":{"start":1771763144084,"stop":1771763153493,"duration":9409}},{"uid":"aa8e4e1598a3cd88","status":"passed","time":{"start":1771762785667,"stop":1771762792277,"duration":6610}},{"uid":"b1c36adb7299c24e","status":"passed","time":{"start":1771762417798,"stop":1771762424353,"duration":6555}},{"uid":"3404b1ad1c29b75","status":"passed","time":{"start":1771761616436,"stop":1771761623267,"duration":6831}},{"uid":"24c5df7beb4a1eb1","status":"passed","time":{"start":1771760904788,"stop":1771760911126,"duration":6338}},{"uid":"38c1d7cc2db0557","status":"passed","time":{"start":1771760158873,"stop":1771760165284,"duration":6411}},{"uid":"9b0c5d691ff401b0","status":"broken","statusDetails":"Expected condition failed: waiting for element found by By.cssSelector: button[ng-click='manager()'] to be clickable, but the element was not found: org.openqa.selenium.NoSuchElementException: no such element: Unable to locate element: {\"method\":\"css selector\",\"selector\":\"button[ng-click='manager()']\"}.\r\n(tried for 15 seconds with 500 milliseconds interval)\nBuild info: version: '4.40.0', revision: 'b3333f1'\nSystem info: os.name: 'Windows 11', os.arch: 'amd64', os.version: '10.0', java.version: '23.0.1'\nDriver info: org.openqa.selenium.chrome.ChromeDriver\nCapabilities {acceptInsecureCerts: false, browserName: chrome, browserVersion: 145.0.7632.77, chrome: {chromedriverVersion: 145.0.7632.77 (da516187054a..., userDataDir: C:\\Users\\Cisco\\AppData\\Loca...}, fedcm:accounts: true, goog:chromeOptions: {debuggerAddress: localhost:63072}, goog:processID: 21500, networkConnectionEnabled: false, pageLoadStrategy: normal, platformName: windows, proxy: Proxy(), se:cdp: ws://localhost:63072/devtoo..., se:cdpVersion: 145.0.7632.77, setWindowRect: true, strictFileInteractability: false, timeouts: {implicit: 0, pageLoad: 300000, script: 30000}, unhandledPromptBehavior: dismiss and notify, webauthn:extension:credBlob: true, webauthn:extension:largeBlob: true, webauthn:extension:minPinLength: true, webauthn:extension:prf: true, webauthn:virtualAuthenticators: true}\nSession ID: 84c3f6feae68c2662f13a9f645136081","time":{"start":1771759460569,"stop":1771759485864,"duration":25295}},{"uid":"6cf67cf281cbdc36","status":"passed","time":{"start":1771714507371,"stop":1771714513352,"duration":5981}},{"uid":"8d26833930b1d139","status":"passed","time":{"start":1771714370288,"stop":1771714376164,"duration":5876}},{"uid":"29e35f851d896e0c","status":"passed","time":{"start":1771713675949,"stop":1771713684511,"duration":8562}},{"uid":"b84e9040fcbddf86","status":"passed","time":{"start":1771713442385,"stop":1771713451183,"duration":8798}},{"uid":"fcec121ce4de3b93","status":"passed","time":{"start":1771713216082,"stop":1771713224471,"duration":8389}},{"uid":"56dc1e1ac75bb3d1","status":"passed","time":{"start":1771712932242,"stop":1771712940598,"duration":8356}},{"uid":"51711ff9a44dd39","status":"passed","time":{"start":1771711991658,"stop":1771711999575,"duration":7917}},{"uid":"a7633232f34bcf0f","status":"passed","time":{"start":1771710373303,"stop":1771710380333,"duration":7030}},{"uid":"a8fcaa986defbdde","status":"passed","time":{"start":1771709562689,"stop":1771709570224,"duration":7535}},{"uid":"b7861afec60d7199","status":"passed","time":{"start":1771707146427,"stop":1771707153931,"duration":7504}},{"uid":"5a663fc323d058f4","status":"broken","statusDetails":"Expected condition failed: waiting for element found by By.cssSelector: .btn.btn-default to be clickable, but the element was not found: org.openqa.selenium.NoSuchElementException: no such element: Unable to locate element: {\"method\":\"css selector\",\"selector\":\".btn.btn-default\"}.\r\n(tried for 10 seconds with 500 milliseconds interval)\nBuild info: version: '4.40.0', revision: 'b3333f1'\nSystem info: os.name: 'Windows 11', os.arch: 'amd64', os.version: '10.0', java.version: '23.0.1'\nDriver info: org.openqa.selenium.chrome.ChromeDriver\nCapabilities {acceptInsecureCerts: false, browserName: chrome, browserVersion: 145.0.7632.77, chrome: {chromedriverVersion: 145.0.7632.77 (da516187054a..., userDataDir: C:\\Users\\Cisco\\AppData\\Loca...}, fedcm:accounts: true, goog:chromeOptions: {debuggerAddress: localhost:55046}, goog:processID: 17388, networkConnectionEnabled: false, pageLoadStrategy: normal, platformName: windows, proxy: Proxy(), se:cdp: ws://localhost:55046/devtoo..., se:cdpVersion: 145.0.7632.77, setWindowRect: true, strictFileInteractability: false, timeouts: {implicit: 0, pageLoad: 300000, script: 30000}, unhandledPromptBehavior: dismiss and notify, webauthn:extension:credBlob: true, webauthn:extension:largeBlob: true, webauthn:extension:minPinLength: true, webauthn:extension:prf: true, webauthn:virtualAuthenticators: true}\nSession ID: 337026ba25d037cca95d6c0bb435669c","time":{"start":1771696585982,"stop":1771696602959,"duration":16977}}],"categories":[],"history":{"statistic":{"failed":0,"broken":3,"skipped":0,"passed":6,"unknown":0,"total":9},"items":[{"uid":"2f406945df60b064","reportUrl":"../7/index.html#testresult/2f406945df60b064","status":"passed","time":{"start":1771843854486,"stop":1771843875278,"duration":20792}},{"uid":"8c639fb23f22df4d","reportUrl":"../6/index.html#testresult/8c639fb23f22df4d","status":"passed","time":{"start":1771843854486,"stop":1771843875278,"duration":20792}},{"uid":"1b13a07c13d6c142","reportUrl":"../5/index.html#testresult/1b13a07c13d6c142","status":"passed","time":{"start":1771843854486,"stop":1771843875278,"duration":20792}},{"uid":"bd38ad663909f7de","reportUrl":"../4/index.html#testresult/bd38ad663909f7de","status":"passed","time":{"start":1771843854486,"stop":1771843875278,"duration":20792}},{"uid":"92878c23c168a58","reportUrl":"../3/index.html#testresult/92878c23c168a58","status":"broken","statusDetails":"Could not start a new session. Response code 500. Message: session not created: Chrome instance exited. Examine ChromeDriver verbose log to determine the cause. \nHost info: host: '2a7cafc2c392', ip: '172.18.0.2'\nBuild info: version: '4.40.0', revision: 'b3333f1'\nSystem info: os.name: 'Linux', os.arch: 'amd64', os.version: '5.15.167.4-microsoft-standard-WSL2', java.version: '17.0.18'\nDriver info: org.openqa.selenium.chrome.ChromeDriver\nCommand: [null, newSession {capabilities=[Capabilities {browserName: chrome, goog:chromeOptions: {args: [--start-maximized], extensions: []}}]}]","time":{"start":1771837085827,"stop":1771837129071,"duration":43244}},{"uid":"2b376c826146f8d6","reportUrl":"../2/index.html#testresult/2b376c826146f8d6","status":"broken","statusDetails":"Could not start a new session. Response code 500. Message: session not created: Chrome instance exited. Examine ChromeDriver verbose log to determine the cause. \nHost info: host: '2a7cafc2c392', ip: '172.18.0.2'\nBuild info: version: '4.40.0', revision: 'b3333f1'\nSystem info: os.name: 'Linux', os.arch: 'amd64', os.version: '5.15.167.4-microsoft-standard-WSL2', java.version: '17.0.18'\nDriver info: org.openqa.selenium.chrome.ChromeDriver\nCommand: [null, newSession {capabilities=[Capabilities {browserName: chrome, goog:chromeOptions: {args: [--start-maximized], extensions: []}}]}]","time":{"start":1771837085827,"stop":1771837129071,"duration":43244}},{"uid":"86221afde7f1f0cc","reportUrl":"../1/index.html#testresult/86221afde7f1f0cc","status":"broken","statusDetails":"Could not start a new session. Response code 500. Message: session not created: Chrome instance exited. Examine ChromeDriver verbose log to determine the cause. \nHost info: host: '2a7cafc2c392', ip: '172.18.0.2'\nBuild info: version: '4.40.0', revision: 'b3333f1'\nSystem info: os.name: 'Linux', os.arch: 'amd64', os.version: '5.15.167.4-microsoft-standard-WSL2', java.version: '17.0.18'\nDriver info: org.openqa.selenium.chrome.ChromeDriver\nCommand: [null, newSession {capabilities=[Capabilities {browserName: chrome, goog:chromeOptions: {args: [--start-maximized], extensions: []}}]}]","time":{"start":1771837085827,"stop":1771837129071,"duration":43244}},{"uid":"a88f8e006914c206","status":"passed","time":{"start":1771796214898,"stop":1771796222665,"duration":7767}}]},"tags":[]},"source":"b5a084c1c4746e6c.json","parameterValues":[]}