{"uid":"229e7c371a3f4ce8","name":"Withdrawal is recorded in transaction history","fullName":"org.example.customer.TransactionTest.testWithdrawalIsRecorded","historyId":"20c48ea8529e3c516c1b9f9a57e0093b","time":{"start":1771843977523,"stop":1771843993717,"duration":16194},"description":"","status":"passed","flaky":false,"newFailed":false,"newBroken":false,"newPassed":true,"retriesCount":55,"retriesStatusChange":true,"beforeStages":[],"afterStages":[],"labels":[{"name":"junit.platform.uniqueid","value":"[engine:junit-jupiter]/[class:org.example.customer.TransactionTest]/[method:testWithdrawalIsRecorded()]"},{"name":"host","value":"fb7ef22d1c2e"},{"name":"thread","value":"100@fb7ef22d1c2e.main(1)"},{"name":"framework","value":"junit-platform"},{"name":"language","value":"java"},{"name":"package","value":"org.example.customer.TransactionTest"},{"name":"testClass","value":"org.example.customer.TransactionTest"},{"name":"testMethod","value":"testWithdrawalIsRecorded"},{"name":"suite","value":"org.example.customer.TransactionTest"},{"name":"resultFormat","value":"allure2"}],"parameters":[],"links":[],"hidden":false,"retry":false,"extra":{"severity":"normal","retries":[{"uid":"b62983e0f52e95af","status":"broken","statusDetails":"Could not start a new session. Response code 500. Message: session not created: Chrome instance exited. Examine ChromeDriver verbose log to determine the cause. \nHost info: host: '2a7cafc2c392', ip: '172.18.0.2'\nBuild info: version: '4.40.0', revision: 'b3333f1'\nSystem info: os.name: 'Linux', os.arch: 'amd64', os.version: '5.15.167.4-microsoft-standard-WSL2', java.version: '17.0.18'\nDriver info: org.openqa.selenium.chrome.ChromeDriver\nCommand: [null, newSession {capabilities=[Capabilities {browserName: chrome, goog:chromeOptions: {args: [--start-maximized], extensions: []}}]}]","time":{"start":1771837148583,"stop":1771837149079,"duration":496}},{"uid":"fe8acd0c149a06e7","status":"passed","time":{"start":1771796075523,"stop":1771796092554,"duration":17031}},{"uid":"63fb3ab9fb098328","status":"passed","time":{"start":1771795448229,"stop":1771795463886,"duration":15657}},{"uid":"c8e6d6ac493ebbb","status":"passed","time":{"start":1771795323835,"stop":1771795339141,"duration":15306}},{"uid":"fa66d05f407f3f12","status":"passed","time":{"start":1771795238448,"stop":1771795257499,"duration":19051}},{"uid":"813edc984728f96d","status":"failed","statusDetails":"expected: <Debit> but was: <Credit>","time":{"start":1771794992641,"stop":1771795007835,"duration":15194}},{"uid":"69b8a9cb9f960b9d","status":"failed","statusDetails":"expected: <Debit> but was: <Credit>","time":{"start":1771794616973,"stop":1771794633996,"duration":17023}},{"uid":"818bf7f60ea10573","status":"broken","statusDetails":"Expected condition failed: waiting for visibility of all elements located by By.xpath: //tr[contains(@ng-repeat,'tx in transactions')], but element #8 was invisible: [[ChromeDriver: chrome on windows (ea8f48be85838b86e5c1a1274c7554fc)] -> xpath: //tr[contains(@ng-repeat,'tx in transactions')]]\r\n(tried for 10 seconds with 500 milliseconds interval)\nBuild info: version: '4.40.0', revision: 'b3333f1'\nSystem info: os.name: 'Windows 11', os.arch: 'amd64', os.version: '10.0', java.version: '23.0.1'\nDriver info: org.openqa.selenium.chrome.ChromeDriver\nCapabilities {acceptInsecureCerts: false, browserName: chrome, browserVersion: 145.0.7632.77, chrome: {chromedriverVersion: 145.0.7632.77 (da516187054a..., userDataDir: C:\\Users\\Cisco\\AppData\\Loca...}, fedcm:accounts: true, goog:chromeOptions: {debuggerAddress: localhost:53539}, goog:processID: 23792, networkConnectionEnabled: false, pageLoadStrategy: normal, platformName: windows, proxy: Proxy(), se:cdp: ws://localhost:53539/devtoo..., se:cdpVersion: 145.0.7632.77, setWindowRect: true, strictFileInteractability: false, timeouts: {implicit: 0, pageLoad: 300000, script: 30000}, unhandledPromptBehavior: dismiss and notify, webauthn:extension:credBlob: true, webauthn:extension:largeBlob: true, webauthn:extension:minPinLength: true, webauthn:extension:prf: true, webauthn:virtualAuthenticators: true}\nSession ID: ea8f48be85838b86e5c1a1274c7554fc","time":{"start":1771793634580,"stop":1771793664382,"duration":29802}},{"uid":"8250255ccfa2664f","status":"broken","statusDetails":"Expected condition failed: waiting for visibility of all elements located by By.xpath: //tr[contains(@ng-repeat,'tx in transactions')], but element #8 was invisible: [[ChromeDriver: chrome on windows (217eed464c936d064fc86ed740fe2410)] -> xpath: //tr[contains(@ng-repeat,'tx in transactions')]]\r\n(tried for 10 seconds with 500 milliseconds interval)\nBuild info: version: '4.40.0', revision: 'b3333f1'\nSystem info: os.name: 'Windows 11', os.arch: 'amd64', os.version: '10.0', java.version: '23.0.1'\nDriver info: org.openqa.selenium.chrome.ChromeDriver\nCapabilities {acceptInsecureCerts: false, browserName: chrome, browserVersion: 145.0.7632.77, chrome: {chromedriverVersion: 145.0.7632.77 (da516187054a..., userDataDir: C:\\Users\\Cisco\\AppData\\Loca...}, fedcm:accounts: true, goog:chromeOptions: {debuggerAddress: localhost:65330}, goog:processID: 8840, networkConnectionEnabled: false, pageLoadStrategy: normal, platformName: windows, proxy: Proxy(), se:cdp: ws://localhost:65330/devtoo..., se:cdpVersion: 145.0.7632.77, setWindowRect: true, strictFileInteractability: false, timeouts: {implicit: 0, pageLoad: 300000, script: 30000}, unhandledPromptBehavior: dismiss and notify, webauthn:extension:credBlob: true, webauthn:extension:largeBlob: true, webauthn:extension:minPinLength: true, webauthn:extension:prf: true, webauthn:virtualAuthenticators: true}\nSession ID: 217eed464c936d064fc86ed740fe2410","time":{"start":1771793385907,"stop":1771793413714,"duration":27807}},{"uid":"74975da23f7df75a","status":"broken","statusDetails":"Expected condition failed: waiting for visibility of all elements located by By.xpath: //tr[contains(@ng-repeat,'tx in transactions')], but element #8 was invisible: [[ChromeDriver: chrome on windows (1e7419b8f8b8eff0597fea05b8f2796a)] -> xpath: //tr[contains(@ng-repeat,'tx in transactions')]]\r\n(tried for 10 seconds with 500 milliseconds interval)\nBuild info: version: '4.40.0', revision: 'b3333f1'\nSystem info: os.name: 'Windows 11', os.arch: 'amd64', os.version: '10.0', java.version: '23.0.1'\nDriver info: org.openqa.selenium.chrome.ChromeDriver\nCapabilities {acceptInsecureCerts: false, browserName: chrome, browserVersion: 145.0.7632.77, chrome: {chromedriverVersion: 145.0.7632.77 (da516187054a..., userDataDir: C:\\Users\\Cisco\\AppData\\Loca...}, fedcm:accounts: true, goog:chromeOptions: {debuggerAddress: localhost:55235}, goog:processID: 6772, networkConnectionEnabled: false, pageLoadStrategy: normal, platformName: windows, proxy: Proxy(), se:cdp: ws://localhost:55235/devtoo..., se:cdpVersion: 145.0.7632.77, setWindowRect: true, strictFileInteractability: false, timeouts: {implicit: 0, pageLoad: 300000, script: 30000}, unhandledPromptBehavior: dismiss and notify, webauthn:extension:credBlob: true, webauthn:extension:largeBlob: true, webauthn:extension:minPinLength: true, webauthn:extension:prf: true, webauthn:virtualAuthenticators: true}\nSession ID: 1e7419b8f8b8eff0597fea05b8f2796a","time":{"start":1771793278070,"stop":1771793308012,"duration":29942}},{"uid":"3cfe02f801166c1","status":"failed","statusDetails":"expected: <Debit> but was: <Credit>","time":{"start":1771792912166,"stop":1771792930349,"duration":18183}},{"uid":"13be403f51e06e36","status":"failed","statusDetails":"expected: <Debit> but was: <>","time":{"start":1771792535685,"stop":1771792554874,"duration":19189}},{"uid":"40b2dc835d5165d5","status":"failed","statusDetails":"expected: <Debit> but was: <>","time":{"start":1771792452344,"stop":1771792477681,"duration":25337}},{"uid":"8a07bc9cdaf4893d","status":"failed","statusDetails":"expected: <Debit> but was: <Credit>","time":{"start":1771792266528,"stop":1771792290223,"duration":23695}},{"uid":"9dc3772f8149e284","status":"failed","statusDetails":"expected: <Debit> but was: <Credit>","time":{"start":1771792180952,"stop":1771792203989,"duration":23037}},{"uid":"bf76bcc31014fdd5","status":"failed","statusDetails":"expected: <Debit> but was: <Credit>","time":{"start":1771791399740,"stop":1771791423429,"duration":23689}},{"uid":"e0ea52af46df830b","status":"failed","statusDetails":"expected: <Debit> but was: <Credit>","time":{"start":1771791192377,"stop":1771791212073,"duration":19696}},{"uid":"a38e42e4b46a2d3f","status":"failed","statusDetails":"expected: <Debit> but was: <Credit>","time":{"start":1771791095916,"stop":1771791123141,"duration":27225}},{"uid":"f54732fef68f56b8","status":"failed","statusDetails":"expected: <Debit> but was: <Credit>","time":{"start":1771791020972,"stop":1771791041285,"duration":20313}},{"uid":"5dcb256a241ac2cd","status":"failed","statusDetails":"expected: <Debit> but was: <>","time":{"start":1771790869683,"stop":1771790889737,"duration":20054}},{"uid":"6be831d201f9d9c3","status":"failed","statusDetails":"expected: <Debit> but was: <Credit>","time":{"start":1771790310044,"stop":1771790328284,"duration":18240}},{"uid":"8f7f1b795ef77d19","status":"broken","statusDetails":"stale element reference: stale element not found in the current frame\n  (Session info: chrome=145.0.7632.77)\nFor documentation on this error, please visit: https://www.selenium.dev/documentation/webdriver/troubleshooting/errors#staleelementreferenceexception\nBuild info: version: '4.40.0', revision: 'b3333f1'\nSystem info: os.name: 'Windows 11', os.arch: 'amd64', os.version: '10.0', java.version: '23.0.1'\nDriver info: org.openqa.selenium.chrome.ChromeDriver\nCommand: [6c54cc89dc12abecbd82435124e53ab8, executeScript {script=arguments[0].value = arguments[1];angular.element(arguments[0]).triggerHandler('input');, args=[{element-6066-11e4-a52e-4f735466cecf=f.D390B9C186C4E6FB9DBCFD6D9477ACE8.d.33F0D0B76DCC484B1FA201490A845D9C.e.18}, 500]}]\nCapabilities {acceptInsecureCerts: false, browserName: chrome, browserVersion: 145.0.7632.77, chrome: {chromedriverVersion: 145.0.7632.77 (da516187054a..., userDataDir: C:\\Users\\Cisco\\AppData\\Loca...}, fedcm:accounts: true, goog:chromeOptions: {debuggerAddress: localhost:64112}, goog:processID: 2016, networkConnectionEnabled: false, pageLoadStrategy: normal, platformName: windows, proxy: Proxy(), se:cdp: ws://localhost:64112/devtoo..., se:cdpVersion: 145.0.7632.77, setWindowRect: true, strictFileInteractability: false, timeouts: {implicit: 0, pageLoad: 300000, script: 30000}, unhandledPromptBehavior: dismiss and notify, webauthn:extension:credBlob: true, webauthn:extension:largeBlob: true, webauthn:extension:minPinLength: true, webauthn:extension:prf: true, webauthn:virtualAuthenticators: true}\nSession ID: 6c54cc89dc12abecbd82435124e53ab8","time":{"start":1771790122150,"stop":1771790133096,"duration":10946}},{"uid":"4b8edb17205aac86","status":"failed","statusDetails":"expected: <Debit> but was: <Credit>","time":{"start":1771789978641,"stop":1771789994523,"duration":15882}},{"uid":"855c4a9b695adb27","status":"failed","statusDetails":"expected: <Debit> but was: <Credit>","time":{"start":1771789523019,"stop":1771789537726,"duration":14707}},{"uid":"41e984b6f072b1b7","status":"failed","statusDetails":"expected: <Debit> but was: <Credit>","time":{"start":1771788027618,"stop":1771788043467,"duration":15849}},{"uid":"65e6de83afdfba13","status":"failed","statusDetails":"expected: <Debit> but was: <Credit>","time":{"start":1771767483443,"stop":1771767498371,"duration":14928}},{"uid":"1cff78f4a9b11444","status":"failed","statusDetails":"expected: <Debit> but was: <Credit>","time":{"start":1771766625470,"stop":1771766640670,"duration":15200}},{"uid":"f0ebb23c7ef20b2","status":"passed","time":{"start":1771766439198,"stop":1771766454726,"duration":15528}},{"uid":"675473d6efb9079f","status":"failed","statusDetails":"expected: <Debit> but was: <>","time":{"start":1771766319871,"stop":1771766334465,"duration":14594}},{"uid":"2811dff63ad6f39a","status":"failed","statusDetails":"expected: <Debit> but was: <Credit>","time":{"start":1771766205994,"stop":1771766220894,"duration":14900}},{"uid":"f77b7e069b80c577","status":"failed","statusDetails":"expected: <Debit> but was: <>","time":{"start":1771766095564,"stop":1771766110956,"duration":15392}},{"uid":"86299d6f3a96219a","status":"failed","statusDetails":"expected: <Debit> but was: <>","time":{"start":1771766003560,"stop":1771766018322,"duration":14762}},{"uid":"2f3e1117563b7214","status":"failed","statusDetails":"expected: <Debit> but was: <Credit>","time":{"start":1771765822206,"stop":1771765837023,"duration":14817}},{"uid":"4f0a7b053f508fa1","status":"broken","statusDetails":"Expected condition failed: waiting for org.example.pages.CustomerDashboardPage$$Lambda/0x000002e1032f5768@4c86da0c\r\n(tried for 10 seconds with 500 milliseconds interval)\nBuild info: version: '4.40.0', revision: 'b3333f1'\nSystem info: os.name: 'Windows 11', os.arch: 'amd64', os.version: '10.0', java.version: '23.0.1'\nDriver info: org.openqa.selenium.chrome.ChromeDriver\nCapabilities {acceptInsecureCerts: false, browserName: chrome, browserVersion: 145.0.7632.77, chrome: {chromedriverVersion: 145.0.7632.77 (da516187054a..., userDataDir: C:\\Users\\Cisco\\AppData\\Loca...}, fedcm:accounts: true, goog:chromeOptions: {debuggerAddress: localhost:59176}, goog:processID: 19044, networkConnectionEnabled: false, pageLoadStrategy: normal, platformName: windows, proxy: Proxy(), se:cdp: ws://localhost:59176/devtoo..., se:cdpVersion: 145.0.7632.77, setWindowRect: true, strictFileInteractability: false, timeouts: {implicit: 0, pageLoad: 300000, script: 30000}, unhandledPromptBehavior: dismiss and notify, webauthn:extension:credBlob: true, webauthn:extension:largeBlob: true, webauthn:extension:minPinLength: true, webauthn:extension:prf: true, webauthn:virtualAuthenticators: true}\nSession ID: 532d25a25845ffd7200893a285e02308","time":{"start":1771765627370,"stop":1771765647450,"duration":20080}},{"uid":"3de54770ef7598e6","status":"failed","statusDetails":"expected: <Debit> but was: <>","time":{"start":1771765353617,"stop":1771765366721,"duration":13104}},{"uid":"ed795b3468eec1dc","status":"broken","statusDetails":"Expected condition failed: waiting for number of elements found by By.xpath: //tr[contains(@ng-repeat,'tx in transactions')] to be more than 0. Found: 0 element(s).\r\n(tried for 20 seconds with 500 milliseconds interval)\nBuild info: version: '4.40.0', revision: 'b3333f1'\nSystem info: os.name: 'Windows 11', os.arch: 'amd64', os.version: '10.0', java.version: '23.0.1'\nDriver info: org.openqa.selenium.chrome.ChromeDriver\nCapabilities {acceptInsecureCerts: false, browserName: chrome, browserVersion: 145.0.7632.77, chrome: {chromedriverVersion: 145.0.7632.77 (da516187054a..., userDataDir: C:\\Users\\Cisco\\AppData\\Loca...}, fedcm:accounts: true, goog:chromeOptions: {debuggerAddress: localhost:50406}, goog:processID: 10192, networkConnectionEnabled: false, pageLoadStrategy: normal, platformName: windows, proxy: Proxy(), se:cdp: ws://localhost:50406/devtoo..., se:cdpVersion: 145.0.7632.77, setWindowRect: true, strictFileInteractability: false, timeouts: {implicit: 0, pageLoad: 300000, script: 30000}, unhandledPromptBehavior: dismiss and notify, webauthn:extension:credBlob: true, webauthn:extension:largeBlob: true, webauthn:extension:minPinLength: true, webauthn:extension:prf: true, webauthn:virtualAuthenticators: true}\nSession ID: f2a80284c5e3e9b0b6b2510807cac911","time":{"start":1771764873699,"stop":1771764901510,"duration":27811}},{"uid":"b462a830b032dd46","status":"broken","statusDetails":"Expected condition failed: waiting for number of elements found by By.xpath: //tr[contains(@ng-repeat,'tx in transactions')] to be more than 0. Found: 0 element(s).\r\n(tried for 20 seconds with 500 milliseconds interval)\nBuild info: version: '4.40.0', revision: 'b3333f1'\nSystem info: os.name: 'Windows 11', os.arch: 'amd64', os.version: '10.0', java.version: '23.0.1'\nDriver info: org.openqa.selenium.chrome.ChromeDriver\nCapabilities {acceptInsecureCerts: false, browserName: chrome, browserVersion: 145.0.7632.77, chrome: {chromedriverVersion: 145.0.7632.77 (da516187054a..., userDataDir: C:\\Users\\Cisco\\AppData\\Loca...}, fedcm:accounts: true, goog:chromeOptions: {debuggerAddress: localhost:55250}, goog:processID: 9592, networkConnectionEnabled: false, pageLoadStrategy: normal, platformName: windows, proxy: Proxy(), se:cdp: ws://localhost:55250/devtoo..., se:cdpVersion: 145.0.7632.77, setWindowRect: true, strictFileInteractability: false, timeouts: {implicit: 0, pageLoad: 300000, script: 30000}, unhandledPromptBehavior: dismiss and notify, webauthn:extension:credBlob: true, webauthn:extension:largeBlob: true, webauthn:extension:minPinLength: true, webauthn:extension:prf: true, webauthn:virtualAuthenticators: true}\nSession ID: 59b5acff930755067ca7e0dc3ffdb7cb","time":{"start":1771764729801,"stop":1771764758661,"duration":28860}},{"uid":"ebca6eb5f3333b39","status":"broken","statusDetails":"Expected condition failed: waiting for org.example.pages.TransactionsPage$$Lambda/0x000001ff01312128@63917fe1\r\n(tried for 20 seconds with 500 milliseconds interval)\nBuild info: version: '4.40.0', revision: 'b3333f1'\nSystem info: os.name: 'Windows 11', os.arch: 'amd64', os.version: '10.0', java.version: '23.0.1'\nDriver info: org.openqa.selenium.chrome.ChromeDriver\nCapabilities {acceptInsecureCerts: false, browserName: chrome, browserVersion: 145.0.7632.77, chrome: {chromedriverVersion: 145.0.7632.77 (da516187054a..., userDataDir: C:\\Users\\Cisco\\AppData\\Loca...}, fedcm:accounts: true, goog:chromeOptions: {debuggerAddress: localhost:49306}, goog:processID: 26352, networkConnectionEnabled: false, pageLoadStrategy: normal, platformName: windows, proxy: Proxy(), se:cdp: ws://localhost:49306/devtoo..., se:cdpVersion: 145.0.7632.77, setWindowRect: true, strictFileInteractability: false, timeouts: {implicit: 0, pageLoad: 300000, script: 30000}, unhandledPromptBehavior: dismiss and notify, webauthn:extension:credBlob: true, webauthn:extension:largeBlob: true, webauthn:extension:minPinLength: true, webauthn:extension:prf: true, webauthn:virtualAuthenticators: true}\nSession ID: e0fb78599fa6fe91f3ecb13f6ed7ede9","time":{"start":1771764275012,"stop":1771764302932,"duration":27920}},{"uid":"163ccb43f2c88847","status":"failed","statusDetails":"expected: <Debit> but was: <>","time":{"start":1771763596982,"stop":1771763604775,"duration":7793}},{"uid":"95e16563a282aa94","status":"failed","statusDetails":"expected: <Debit> but was: <>","time":{"start":1771763061700,"stop":1771763069866,"duration":8166}},{"uid":"b9f26c1382b8d279","status":"broken","statusDetails":"Expected condition failed: waiting for element found by By.cssSelector: button.btn-default[type='submit'] to become invisible\r\n(tried for 10 seconds with 500 milliseconds interval)\nBuild info: version: '4.40.0', revision: 'b3333f1'\nSystem info: os.name: 'Windows 11', os.arch: 'amd64', os.version: '10.0', java.version: '23.0.1'\nDriver info: org.openqa.selenium.chrome.ChromeDriver\nCapabilities {acceptInsecureCerts: false, browserName: chrome, browserVersion: 145.0.7632.77, chrome: {chromedriverVersion: 145.0.7632.77 (da516187054a..., userDataDir: C:\\Users\\Cisco\\AppData\\Loca...}, fedcm:accounts: true, goog:chromeOptions: {debuggerAddress: localhost:61157}, goog:processID: 23636, networkConnectionEnabled: false, pageLoadStrategy: normal, platformName: windows, proxy: Proxy(), se:cdp: ws://localhost:61157/devtoo..., se:cdpVersion: 145.0.7632.77, setWindowRect: true, strictFileInteractability: false, timeouts: {implicit: 0, pageLoad: 300000, script: 30000}, unhandledPromptBehavior: dismiss and notify, webauthn:extension:credBlob: true, webauthn:extension:largeBlob: true, webauthn:extension:minPinLength: true, webauthn:extension:prf: true, webauthn:virtualAuthenticators: true}\nSession ID: bad22bf88f61303d065d3d3399290452","time":{"start":1771762681206,"stop":1771762698824,"duration":17618}},{"uid":"d38a06c47b8d9600","status":"broken","statusDetails":"Expected condition failed: waiting for org.example.pages.CustomerDashboardPage$$Lambda/0x00000287102f1bf0@28be7fec\r\n(tried for 10 seconds with 500 milliseconds interval)\nBuild info: version: '4.40.0', revision: 'b3333f1'\nSystem info: os.name: 'Windows 11', os.arch: 'amd64', os.version: '10.0', java.version: '23.0.1'\nDriver info: org.openqa.selenium.chrome.ChromeDriver\nCapabilities {acceptInsecureCerts: false, browserName: chrome, browserVersion: 145.0.7632.77, chrome: {chromedriverVersion: 145.0.7632.77 (da516187054a..., userDataDir: C:\\Users\\Cisco\\AppData\\Loca...}, fedcm:accounts: true, goog:chromeOptions: {debuggerAddress: localhost:59736}, goog:processID: 25840, networkConnectionEnabled: false, pageLoadStrategy: normal, platformName: windows, proxy: Proxy(), se:cdp: ws://localhost:59736/devtoo..., se:cdpVersion: 145.0.7632.77, setWindowRect: true, strictFileInteractability: false, timeouts: {implicit: 0, pageLoad: 300000, script: 30000}, unhandledPromptBehavior: dismiss and notify, webauthn:extension:credBlob: true, webauthn:extension:largeBlob: true, webauthn:extension:minPinLength: true, webauthn:extension:prf: true, webauthn:virtualAuthenticators: true}\nSession ID: 3e07c2d2d1db866d37bdaec4609eceb8","time":{"start":1771762309793,"stop":1771762327114,"duration":17321}},{"uid":"f3647f92d6f4c9b8","status":"failed","statusDetails":"expected: <Debit> but was: <>","time":{"start":1771761528025,"stop":1771761536967,"duration":8942}},{"uid":"dcdb4f0bd74f8fe3","status":"failed","statusDetails":"expected: <Debit> but was: <>","time":{"start":1771760818686,"stop":1771760826711,"duration":8025}},{"uid":"9ee5e3cd1c97e9b2","status":"broken","statusDetails":"Expected condition failed: waiting for org.example.pages.TransactionsPage$$Lambda/0x00000241cf316208@66e341e9\r\n(tried for 10 seconds with 500 milliseconds interval)\nBuild info: version: '4.40.0', revision: 'b3333f1'\nSystem info: os.name: 'Windows 11', os.arch: 'amd64', os.version: '10.0', java.version: '23.0.1'\nDriver info: org.openqa.selenium.chrome.ChromeDriver\nCapabilities {acceptInsecureCerts: false, browserName: chrome, browserVersion: 145.0.7632.77, chrome: {chromedriverVersion: 145.0.7632.77 (da516187054a..., userDataDir: C:\\Users\\Cisco\\AppData\\Loca...}, fedcm:accounts: true, goog:chromeOptions: {debuggerAddress: localhost:56520}, goog:processID: 9716, networkConnectionEnabled: false, pageLoadStrategy: normal, platformName: windows, proxy: Proxy(), se:cdp: ws://localhost:56520/devtoo..., se:cdpVersion: 145.0.7632.77, setWindowRect: true, strictFileInteractability: false, timeouts: {implicit: 0, pageLoad: 300000, script: 30000}, unhandledPromptBehavior: dismiss and notify, webauthn:extension:credBlob: true, webauthn:extension:largeBlob: true, webauthn:extension:minPinLength: true, webauthn:extension:prf: true, webauthn:virtualAuthenticators: true}\nSession ID: ded82f1fa52eed2e38168393dd4e224e","time":{"start":1771760050847,"stop":1771760069145,"duration":18298}},{"uid":"6629185bf51725f0","status":"broken","statusDetails":"Expected condition failed: waiting for element found by By.cssSelector: button[ng-click='customer()'] to be clickable, but the element was not found: org.openqa.selenium.NoSuchElementException: no such element: Unable to locate element: {\"method\":\"css selector\",\"selector\":\"button[ng-click='customer()']\"}.\r\n(tried for 15 seconds with 500 milliseconds interval)\nBuild info: version: '4.40.0', revision: 'b3333f1'\nSystem info: os.name: 'Windows 11', os.arch: 'amd64', os.version: '10.0', java.version: '23.0.1'\nDriver info: org.openqa.selenium.chrome.ChromeDriver\nCapabilities {acceptInsecureCerts: false, browserName: chrome, browserVersion: 145.0.7632.77, chrome: {chromedriverVersion: 145.0.7632.77 (da516187054a..., userDataDir: C:\\Users\\Cisco\\AppData\\Loca...}, fedcm:accounts: true, goog:chromeOptions: {debuggerAddress: localhost:52064}, goog:processID: 25196, networkConnectionEnabled: false, pageLoadStrategy: normal, platformName: windows, proxy: Proxy(), se:cdp: ws://localhost:52064/devtoo..., se:cdpVersion: 145.0.7632.77, setWindowRect: true, strictFileInteractability: false, timeouts: {implicit: 0, pageLoad: 300000, script: 30000}, unhandledPromptBehavior: dismiss and notify, webauthn:extension:credBlob: true, webauthn:extension:largeBlob: true, webauthn:extension:minPinLength: true, webauthn:extension:prf: true, webauthn:virtualAuthenticators: true}\nSession ID: 880e48bd79ac0db5db528c2bc0ff17db","time":{"start":1771759158432,"stop":1771759183217,"duration":24785}},{"uid":"a853645d22aa5b33","status":"failed","statusDetails":"expected: <Debit> but was: <>","time":{"start":1771713092841,"stop":1771713107309,"duration":14468}},{"uid":"76b7ade084d0c561","status":"broken","statusDetails":"Expected condition failed: waiting for org.example.pages.TransactionsPage$$Lambda/0x000001eaab312320@7f0a133d\r\n(tried for 10 seconds with 500 milliseconds interval)\nBuild info: version: '4.40.0', revision: 'b3333f1'\nSystem info: os.name: 'Windows 11', os.arch: 'amd64', os.version: '10.0', java.version: '23.0.1'\nDriver info: org.openqa.selenium.chrome.ChromeDriver\nCapabilities {acceptInsecureCerts: false, browserName: chrome, browserVersion: 145.0.7632.77, chrome: {chromedriverVersion: 145.0.7632.77 (da516187054a..., userDataDir: C:\\Users\\Cisco\\AppData\\Loca...}, fedcm:accounts: true, goog:chromeOptions: {debuggerAddress: localhost:58614}, goog:processID: 23660, networkConnectionEnabled: false, pageLoadStrategy: normal, platformName: windows, proxy: Proxy(), se:cdp: ws://localhost:58614/devtoo..., se:cdpVersion: 145.0.7632.77, setWindowRect: true, strictFileInteractability: false, timeouts: {implicit: 0, pageLoad: 300000, script: 30000}, unhandledPromptBehavior: dismiss and notify, webauthn:extension:credBlob: true, webauthn:extension:largeBlob: true, webauthn:extension:minPinLength: true, webauthn:extension:prf: true, webauthn:virtualAuthenticators: true}\nSession ID: 67cb055a5eadd370bc266c7e419fe079","time":{"start":1771712797566,"stop":1771712818386,"duration":20820}},{"uid":"dbbcf3d6c9022748","status":"failed","statusDetails":"expected: <Debit> but was: <>","time":{"start":1771711899640,"stop":1771711909487,"duration":9847}},{"uid":"1876414e59d733e6","status":"failed","statusDetails":"expected: <true> but was: <false>","time":{"start":1771710259067,"stop":1771710278940,"duration":19873}},{"uid":"2dfe8dd7c2e0769e","status":"broken","statusDetails":"stale element reference: stale element not found in the current frame\n  (Session info: chrome=145.0.7632.77)\nFor documentation on this error, please visit: https://www.selenium.dev/documentation/webdriver/troubleshooting/errors#staleelementreferenceexception\nBuild info: version: '4.40.0', revision: 'b3333f1'\nSystem info: os.name: 'Windows 11', os.arch: 'amd64', os.version: '10.0', java.version: '23.0.1'\nDriver info: org.openqa.selenium.chrome.ChromeDriver\nCommand: [985ecc97a091d4d0237e73fff1ebedda, clickElement {id=f.39361743802FDAC15C513B591A41153D.d.CA1C71B3CB37FE741A73FD149BBAC3D5.e.21}]\nCapabilities {acceptInsecureCerts: false, browserName: chrome, browserVersion: 145.0.7632.77, chrome: {chromedriverVersion: 145.0.7632.77 (da516187054a..., userDataDir: C:\\Users\\Cisco\\AppData\\Loca...}, fedcm:accounts: true, goog:chromeOptions: {debuggerAddress: localhost:61417}, goog:processID: 5912, networkConnectionEnabled: false, pageLoadStrategy: normal, platformName: windows, proxy: Proxy(), se:cdp: ws://localhost:61417/devtoo..., se:cdpVersion: 145.0.7632.77, setWindowRect: true, strictFileInteractability: false, timeouts: {implicit: 0, pageLoad: 300000, script: 30000}, unhandledPromptBehavior: dismiss and notify, webauthn:extension:credBlob: true, webauthn:extension:largeBlob: true, webauthn:extension:minPinLength: true, webauthn:extension:prf: true, webauthn:virtualAuthenticators: true}\nElement: [[ChromeDriver: chrome on windows (985ecc97a091d4d0237e73fff1ebedda)] -> xpath: //button[@type='submit']]\nSession ID: 985ecc97a091d4d0237e73fff1ebedda","time":{"start":1771709461365,"stop":1771709470333,"duration":8968}},{"uid":"2c59f2754c0e923d","status":"broken","statusDetails":"Index 0 out of bounds for length 0","time":{"start":1771707048816,"stop":1771707057324,"duration":8508}},{"uid":"aa5427cb38e7635e","status":"broken","statusDetails":"Expected condition failed: waiting for visibility of element found by By.cssSelector: .form-control, but... org.openqa.selenium.NoSuchElementException: no such element: Unable to locate element: {\"method\":\"css selector\",\"selector\":\".form-control\"}.\r\n(tried for 10 seconds with 500 milliseconds interval)\nBuild info: version: '4.40.0', revision: 'b3333f1'\nSystem info: os.name: 'Windows 11', os.arch: 'amd64', os.version: '10.0', java.version: '23.0.1'\nDriver info: org.openqa.selenium.chrome.ChromeDriver\nCapabilities {acceptInsecureCerts: false, browserName: chrome, browserVersion: 145.0.7632.77, chrome: {chromedriverVersion: 145.0.7632.77 (da516187054a..., userDataDir: C:\\Users\\Cisco\\AppData\\Loca...}, fedcm:accounts: true, goog:chromeOptions: {debuggerAddress: localhost:64194}, goog:processID: 18504, networkConnectionEnabled: false, pageLoadStrategy: normal, platformName: windows, proxy: Proxy(), se:cdp: ws://localhost:64194/devtoo..., se:cdpVersion: 145.0.7632.77, setWindowRect: true, strictFileInteractability: false, timeouts: {implicit: 0, pageLoad: 300000, script: 30000}, unhandledPromptBehavior: dismiss and notify, webauthn:extension:credBlob: true, webauthn:extension:largeBlob: true, webauthn:extension:minPinLength: true, webauthn:extension:prf: true, webauthn:virtualAuthenticators: true}\nSession ID: d2eb4991cc6902ed122b2367719f48b1","time":{"start":1771696440183,"stop":1771696455873,"duration":15690}},{"uid":"bc0f54b767b199e9","status":"broken","statusDetails":"Expected condition failed: waiting for visibility of element found by By.xpath: //button[text()='Deposit'], but... org.openqa.selenium.NoSuchElementException: no such element: Unable to locate element: {\"method\":\"xpath\",\"selector\":\"//button[text()='Deposit']\"}.\r\n(tried for 10 seconds with 500 milliseconds interval)\nBuild info: version: '4.40.0', revision: 'b3333f1'\nSystem info: os.name: 'Windows 11', os.arch: 'amd64', os.version: '10.0', java.version: '23.0.1'\nDriver info: org.openqa.selenium.chrome.ChromeDriver\nCapabilities {acceptInsecureCerts: false, browserName: chrome, browserVersion: 145.0.7632.77, chrome: {chromedriverVersion: 145.0.7632.77 (da516187054a..., userDataDir: C:\\Users\\Cisco\\AppData\\Loca...}, fedcm:accounts: true, goog:chromeOptions: {debuggerAddress: localhost:59012}, goog:processID: 8048, networkConnectionEnabled: false, pageLoadStrategy: normal, platformName: windows, proxy: Proxy(), se:cdp: ws://localhost:59012/devtoo..., se:cdpVersion: 145.0.7632.77, setWindowRect: true, strictFileInteractability: false, timeouts: {implicit: 0, pageLoad: 300000, script: 30000}, unhandledPromptBehavior: dismiss and notify, webauthn:extension:credBlob: true, webauthn:extension:largeBlob: true, webauthn:extension:minPinLength: true, webauthn:extension:prf: true, webauthn:virtualAuthenticators: true}\nSession ID: 01532784ff6383d3afa2b90a1620443b","time":{"start":1771693314052,"stop":1771693340176,"duration":26124}},{"uid":"a21bffc506e758","status":"broken","statusDetails":"no such element: Unable to locate element: {\"method\":\"css selector\",\"selector\":\"#userSelect\"}\n  (Session info: chrome=145.0.7632.77)\nFor documentation on this error, please visit: https://www.selenium.dev/documentation/webdriver/troubleshooting/errors#nosuchelementexception\nBuild info: version: '4.40.0', revision: 'b3333f1'\nSystem info: os.name: 'Windows 11', os.arch: 'amd64', os.version: '10.0', java.version: '23.0.1'\nDriver info: org.openqa.selenium.chrome.ChromeDriver\nCommand: [5465393ab70e14eff2655a90d30f221f, findElement {value=userSelect, using=id}]\nCapabilities {acceptInsecureCerts: false, browserName: chrome, browserVersion: 145.0.7632.77, chrome: {chromedriverVersion: 145.0.7632.77 (da516187054a..., userDataDir: C:\\Users\\Cisco\\AppData\\Loca...}, fedcm:accounts: true, goog:chromeOptions: {debuggerAddress: localhost:57822}, goog:processID: 584, networkConnectionEnabled: false, pageLoadStrategy: normal, platformName: windows, proxy: Proxy(), se:cdp: ws://localhost:57822/devtoo..., se:cdpVersion: 145.0.7632.77, setWindowRect: true, strictFileInteractability: false, timeouts: {implicit: 0, pageLoad: 300000, script: 30000}, unhandledPromptBehavior: dismiss and notify, webauthn:extension:credBlob: true, webauthn:extension:largeBlob: true, webauthn:extension:minPinLength: true, webauthn:extension:prf: true, webauthn:virtualAuthenticators: true}\nSession ID: 5465393ab70e14eff2655a90d30f221f","time":{"start":1771692491199,"stop":1771692497515,"duration":6316}}],"categories":[],"history":{"statistic":{"failed":0,"broken":4,"skipped":0,"passed":2,"unknown":0,"total":6},"items":[{"uid":"21d7cca6cdafa406","reportUrl":"../4/index.html#testresult/21d7cca6cdafa406","status":"broken","statusDetails":"Could not start a new session. Response code 500. Message: session not created: Chrome instance exited. Examine ChromeDriver verbose log to determine the cause. \nHost info: host: '2a7cafc2c392', ip: '172.18.0.2'\nBuild info: version: '4.40.0', revision: 'b3333f1'\nSystem info: os.name: 'Linux', os.arch: 'amd64', os.version: '5.15.167.4-microsoft-standard-WSL2', java.version: '17.0.18'\nDriver info: org.openqa.selenium.chrome.ChromeDriver\nCommand: [null, newSession {capabilities=[Capabilities {browserName: chrome, goog:chromeOptions: {args: [--start-maximized], extensions: []}}]}]","time":{"start":1771837148583,"stop":1771837149079,"duration":496}},{"uid":"9ead72ecbebbe008","reportUrl":"../3/index.html#testresult/9ead72ecbebbe008","status":"broken","statusDetails":"Could not start a new session. Response code 500. Message: session not created: Chrome instance exited. Examine ChromeDriver verbose log to determine the cause. \nHost info: host: '2a7cafc2c392', ip: '172.18.0.2'\nBuild info: version: '4.40.0', revision: 'b3333f1'\nSystem info: os.name: 'Linux', os.arch: 'amd64', os.version: '5.15.167.4-microsoft-standard-WSL2', java.version: '17.0.18'\nDriver info: org.openqa.selenium.chrome.ChromeDriver\nCommand: [null, newSession {capabilities=[Capabilities {browserName: chrome, goog:chromeOptions: {args: [--start-maximized], extensions: []}}]}]","time":{"start":1771837148583,"stop":1771837149079,"duration":496}},{"uid":"1568bbfce9dace5a","reportUrl":"../2/index.html#testresult/1568bbfce9dace5a","status":"broken","statusDetails":"Could not start a new session. Response code 500. Message: session not created: Chrome instance exited. Examine ChromeDriver verbose log to determine the cause. \nHost info: host: '2a7cafc2c392', ip: '172.18.0.2'\nBuild info: version: '4.40.0', revision: 'b3333f1'\nSystem info: os.name: 'Linux', os.arch: 'amd64', os.version: '5.15.167.4-microsoft-standard-WSL2', java.version: '17.0.18'\nDriver info: org.openqa.selenium.chrome.ChromeDriver\nCommand: [null, newSession {capabilities=[Capabilities {browserName: chrome, goog:chromeOptions: {args: [--start-maximized], extensions: []}}]}]","time":{"start":1771837148583,"stop":1771837149079,"duration":496}},{"uid":"192d6e2f99d872ae","reportUrl":"../1/index.html#testresult/192d6e2f99d872ae","status":"broken","statusDetails":"Could not start a new session. Response code 500. Message: session not created: Chrome instance exited. Examine ChromeDriver verbose log to determine the cause. \nHost info: host: '2a7cafc2c392', ip: '172.18.0.2'\nBuild info: version: '4.40.0', revision: 'b3333f1'\nSystem info: os.name: 'Linux', os.arch: 'amd64', os.version: '5.15.167.4-microsoft-standard-WSL2', java.version: '17.0.18'\nDriver info: org.openqa.selenium.chrome.ChromeDriver\nCommand: [null, newSession {capabilities=[Capabilities {browserName: chrome, goog:chromeOptions: {args: [--start-maximized], extensions: []}}]}]","time":{"start":1771837148583,"stop":1771837149079,"duration":496}},{"uid":"2ca9a55f60fe9a93","status":"passed","time":{"start":1771796075523,"stop":1771796092554,"duration":17031}}]},"tags":[]},"source":"229e7c371a3f4ce8.json","parameterValues":[]}