{"uid":"46d4f63e158f7a23","name":"Add customer with special characters - app accepts it","fullName":"org.example.manager.AddCustomerTest.testAddCustomerWithSpecialCharacters","historyId":"b2c3ec26b06f70681cb4fc4f5ad7af2e","time":{"start":1771843945187,"stop":1771843951549,"duration":6362},"description":"","status":"passed","flaky":false,"newFailed":false,"newBroken":false,"newPassed":true,"retriesCount":29,"retriesStatusChange":true,"beforeStages":[],"afterStages":[],"labels":[{"name":"junit.platform.uniqueid","value":"[engine:junit-jupiter]/[class:org.example.manager.AddCustomerTest]/[method:testAddCustomerWithSpecialCharacters()]"},{"name":"host","value":"fb7ef22d1c2e"},{"name":"thread","value":"100@fb7ef22d1c2e.main(1)"},{"name":"framework","value":"junit-platform"},{"name":"language","value":"java"},{"name":"package","value":"org.example.manager.AddCustomerTest"},{"name":"testClass","value":"org.example.manager.AddCustomerTest"},{"name":"testMethod","value":"testAddCustomerWithSpecialCharacters"},{"name":"suite","value":"org.example.manager.AddCustomerTest"},{"name":"resultFormat","value":"allure2"}],"parameters":[],"links":[],"hidden":false,"retry":false,"extra":{"severity":"normal","retries":[{"uid":"92a2513be6287fd6","status":"broken","statusDetails":"Could not start a new session. Response code 500. Message: session not created: Chrome instance exited. Examine ChromeDriver verbose log to determine the cause. \nHost info: host: '2a7cafc2c392', ip: '172.18.0.2'\nBuild info: version: '4.40.0', revision: 'b3333f1'\nSystem info: os.name: 'Linux', os.arch: 'amd64', os.version: '5.15.167.4-microsoft-standard-WSL2', java.version: '17.0.18'\nDriver info: org.openqa.selenium.chrome.ChromeDriver\nCommand: [null, newSession {capabilities=[Capabilities {browserName: chrome, goog:chromeOptions: {args: [--start-maximized], extensions: []}}]}]","time":{"start":1771837146983,"stop":1771837147378,"duration":395}},{"uid":"788144d2955202ac","status":"passed","time":{"start":1771796206688,"stop":1771796214875,"duration":8187}},{"uid":"c20ad91bee5581bb","status":"passed","time":{"start":1771795564039,"stop":1771795570368,"duration":6329}},{"uid":"5f74e7430780b254","status":"passed","time":{"start":1771789641943,"stop":1771789649576,"duration":7633}},{"uid":"d2c31be71e679a6a","status":"passed","time":{"start":1771788155330,"stop":1771788163843,"duration":8513}},{"uid":"9875204c582f90bf","status":"passed","time":{"start":1771767611339,"stop":1771767619469,"duration":8130}},{"uid":"35fa18df2a22710d","status":"broken","statusDetails":"no such window: target window already closed\nfrom unknown error: web view not found\n  (Session info: chrome=145.0.7632.77)\nBuild info: version: '4.40.0', revision: 'b3333f1'\nSystem info: os.name: 'Windows 11', os.arch: 'amd64', os.version: '10.0', java.version: '23.0.1'\nDriver info: org.openqa.selenium.chrome.ChromeDriver\nCommand: [4a0720837f48f5298c83d986cdfadb4a, get {url=https://www.globalsqa.com/angularJs-protractor/BankingProject/index.html#/login}]\nCapabilities {acceptInsecureCerts: false, browserName: chrome, browserVersion: 145.0.7632.77, chrome: {chromedriverVersion: 145.0.7632.77 (da516187054a..., userDataDir: C:\\Users\\Cisco\\AppData\\Loca...}, fedcm:accounts: true, goog:chromeOptions: {debuggerAddress: localhost:50491}, goog:processID: 25644, networkConnectionEnabled: false, pageLoadStrategy: normal, platformName: windows, proxy: Proxy(), se:cdp: ws://localhost:50491/devtoo..., se:cdpVersion: 145.0.7632.77, setWindowRect: true, strictFileInteractability: false, timeouts: {implicit: 0, pageLoad: 300000, script: 30000}, unhandledPromptBehavior: dismiss and notify, webauthn:extension:credBlob: true, webauthn:extension:largeBlob: true, webauthn:extension:minPinLength: true, webauthn:extension:prf: true, webauthn:virtualAuthenticators: true}\nSession ID: 4a0720837f48f5298c83d986cdfadb4a","time":{"start":1771767146870,"stop":1771767150335,"duration":3465}},{"uid":"e5ce86e93824d62a","status":"passed","time":{"start":1771767040659,"stop":1771767049833,"duration":9174}},{"uid":"8379174ef35db7d1","status":"passed","time":{"start":1771764393211,"stop":1771764399537,"duration":6326}},{"uid":"73773ba174e92a4d","status":"passed","time":{"start":1771763703389,"stop":1771763709716,"duration":6327}},{"uid":"e5052910cca5da6d","status":"passed","time":{"start":1771763136735,"stop":1771763144069,"duration":7334}},{"uid":"1b976d8009039eed","status":"passed","time":{"start":1771762779145,"stop":1771762785629,"duration":6484}},{"uid":"1cfb7de51d7b510","status":"passed","time":{"start":1771762410059,"stop":1771762417786,"duration":7727}},{"uid":"6182d8840e14dd6c","status":"passed","time":{"start":1771761608799,"stop":1771761616417,"duration":7618}},{"uid":"bd8cc3ab2ba8b06a","status":"passed","time":{"start":1771760898391,"stop":1771760904777,"duration":6386}},{"uid":"34171f455aea6616","status":"passed","time":{"start":1771760152850,"stop":1771760158859,"duration":6009}},{"uid":"a1b1b5efc18fdc9","status":"broken","statusDetails":"Expected condition failed: waiting for element found by By.cssSelector: button[ng-click='manager()'] to be clickable, but the element was not found: org.openqa.selenium.NoSuchElementException: no such element: Unable to locate element: {\"method\":\"css selector\",\"selector\":\"button[ng-click='manager()']\"}.\r\n(tried for 15 seconds with 500 milliseconds interval)\nBuild info: version: '4.40.0', revision: 'b3333f1'\nSystem info: os.name: 'Windows 11', os.arch: 'amd64', os.version: '10.0', java.version: '23.0.1'\nDriver info: org.openqa.selenium.chrome.ChromeDriver\nCapabilities {acceptInsecureCerts: false, browserName: chrome, browserVersion: 145.0.7632.77, chrome: {chromedriverVersion: 145.0.7632.77 (da516187054a..., userDataDir: C:\\Users\\Cisco\\AppData\\Loca...}, fedcm:accounts: true, goog:chromeOptions: {debuggerAddress: localhost:53985}, goog:processID: 25660, networkConnectionEnabled: false, pageLoadStrategy: normal, platformName: windows, proxy: Proxy(), se:cdp: ws://localhost:53985/devtoo..., se:cdpVersion: 145.0.7632.77, setWindowRect: true, strictFileInteractability: false, timeouts: {implicit: 0, pageLoad: 300000, script: 30000}, unhandledPromptBehavior: dismiss and notify, webauthn:extension:credBlob: true, webauthn:extension:largeBlob: true, webauthn:extension:minPinLength: true, webauthn:extension:prf: true, webauthn:virtualAuthenticators: true}\nSession ID: 08167efdcc62df8d4d297a1f2bc3c78c","time":{"start":1771759436880,"stop":1771759460546,"duration":23666}},{"uid":"a99a70827d10b75a","status":"broken","statusDetails":"Expected condition failed: waiting for element found by By.cssSelector: button[ng-click='manager()'] to be clickable, but the element was not found: org.openqa.selenium.NoSuchElementException: no such element: Unable to locate element: {\"method\":\"css selector\",\"selector\":\"button[ng-click='manager()']\"}.\r\n(tried for 10 seconds with 500 milliseconds interval)\nBuild info: version: '4.40.0', revision: 'b3333f1'\nSystem info: os.name: 'Windows 11', os.arch: 'amd64', os.version: '10.0', java.version: '23.0.1'\nDriver info: org.openqa.selenium.chrome.ChromeDriver\nCapabilities {acceptInsecureCerts: false, browserName: chrome, browserVersion: 145.0.7632.77, chrome: {chromedriverVersion: 145.0.7632.77 (da516187054a..., userDataDir: C:\\Users\\Cisco\\AppData\\Loca...}, fedcm:accounts: true, goog:chromeOptions: {debuggerAddress: localhost:55186}, goog:processID: 14968, networkConnectionEnabled: false, pageLoadStrategy: normal, platformName: windows, proxy: Proxy(), se:cdp: ws://localhost:55186/devtoo..., se:cdpVersion: 145.0.7632.77, setWindowRect: true, strictFileInteractability: false, timeouts: {implicit: 0, pageLoad: 300000, script: 30000}, unhandledPromptBehavior: dismiss and notify, webauthn:extension:credBlob: true, webauthn:extension:largeBlob: true, webauthn:extension:minPinLength: true, webauthn:extension:prf: true, webauthn:virtualAuthenticators: true}\nSession ID: d00ffc894ab0a94c7c3ab133ef043ced","time":{"start":1771714968707,"stop":1771714986759,"duration":18052}},{"uid":"c21d1771fddfcc74","status":"passed","time":{"start":1771714501438,"stop":1771714507360,"duration":5922}},{"uid":"6133a6ec7ca531b8","status":"passed","time":{"start":1771714363652,"stop":1771714370279,"duration":6627}},{"uid":"a068e6efe2698f69","status":"passed","time":{"start":1771713668378,"stop":1771713675910,"duration":7532}},{"uid":"965cb52236c08500","status":"passed","time":{"start":1771713434364,"stop":1771713442349,"duration":7985}},{"uid":"809897fed0f5bd7e","status":"passed","time":{"start":1771713207844,"stop":1771713216070,"duration":8226}},{"uid":"513f123a1627f61f","status":"passed","time":{"start":1771712924275,"stop":1771712932227,"duration":7952}},{"uid":"b4c22f2850432581","status":"passed","time":{"start":1771711984067,"stop":1771711991643,"duration":7576}},{"uid":"6838de133d77d183","status":"passed","time":{"start":1771710365791,"stop":1771710373281,"duration":7490}},{"uid":"b1bc95453d8f0d3","status":"passed","time":{"start":1771709555281,"stop":1771709562677,"duration":7396}},{"uid":"f9fd9abcc20a485b","status":"failed","statusDetails":"expected: <false> but was: <true>","time":{"start":1771707139190,"stop":1771707146407,"duration":7217}},{"uid":"3de4a7e292b5eef7","status":"passed","time":{"start":1771696579503,"stop":1771696585967,"duration":6464}}],"categories":[],"history":{"statistic":{"failed":0,"broken":4,"skipped":0,"passed":2,"unknown":0,"total":6},"items":[{"uid":"cceaf3b8b60fc3ae","reportUrl":"../4/index.html#testresult/cceaf3b8b60fc3ae","status":"broken","statusDetails":"Could not start a new session. Response code 500. Message: session not created: Chrome instance exited. Examine ChromeDriver verbose log to determine the cause. \nHost info: host: '2a7cafc2c392', ip: '172.18.0.2'\nBuild info: version: '4.40.0', revision: 'b3333f1'\nSystem info: os.name: 'Linux', os.arch: 'amd64', os.version: '5.15.167.4-microsoft-standard-WSL2', java.version: '17.0.18'\nDriver info: org.openqa.selenium.chrome.ChromeDriver\nCommand: [null, newSession {capabilities=[Capabilities {browserName: chrome, goog:chromeOptions: {args: [--start-maximized], extensions: []}}]}]","time":{"start":1771837146983,"stop":1771837147378,"duration":395}},{"uid":"a0fb762e36565ac0","reportUrl":"../3/index.html#testresult/a0fb762e36565ac0","status":"broken","statusDetails":"Could not start a new session. Response code 500. Message: session not created: Chrome instance exited. Examine ChromeDriver verbose log to determine the cause. \nHost info: host: '2a7cafc2c392', ip: '172.18.0.2'\nBuild info: version: '4.40.0', revision: 'b3333f1'\nSystem info: os.name: 'Linux', os.arch: 'amd64', os.version: '5.15.167.4-microsoft-standard-WSL2', java.version: '17.0.18'\nDriver info: org.openqa.selenium.chrome.ChromeDriver\nCommand: [null, newSession {capabilities=[Capabilities {browserName: chrome, goog:chromeOptions: {args: [--start-maximized], extensions: []}}]}]","time":{"start":1771837146983,"stop":1771837147378,"duration":395}},{"uid":"8571ba13794d73b","reportUrl":"../2/index.html#testresult/8571ba13794d73b","status":"broken","statusDetails":"Could not start a new session. Response code 500. Message: session not created: Chrome instance exited. Examine ChromeDriver verbose log to determine the cause. \nHost info: host: '2a7cafc2c392', ip: '172.18.0.2'\nBuild info: version: '4.40.0', revision: 'b3333f1'\nSystem info: os.name: 'Linux', os.arch: 'amd64', os.version: '5.15.167.4-microsoft-standard-WSL2', java.version: '17.0.18'\nDriver info: org.openqa.selenium.chrome.ChromeDriver\nCommand: [null, newSession {capabilities=[Capabilities {browserName: chrome, goog:chromeOptions: {args: [--start-maximized], extensions: []}}]}]","time":{"start":1771837146983,"stop":1771837147378,"duration":395}},{"uid":"d25afa0f215e57a4","reportUrl":"../1/index.html#testresult/d25afa0f215e57a4","status":"broken","statusDetails":"Could not start a new session. Response code 500. Message: session not created: Chrome instance exited. Examine ChromeDriver verbose log to determine the cause. \nHost info: host: '2a7cafc2c392', ip: '172.18.0.2'\nBuild info: version: '4.40.0', revision: 'b3333f1'\nSystem info: os.name: 'Linux', os.arch: 'amd64', os.version: '5.15.167.4-microsoft-standard-WSL2', java.version: '17.0.18'\nDriver info: org.openqa.selenium.chrome.ChromeDriver\nCommand: [null, newSession {capabilities=[Capabilities {browserName: chrome, goog:chromeOptions: {args: [--start-maximized], extensions: []}}]}]","time":{"start":1771837146983,"stop":1771837147378,"duration":395}},{"uid":"94886fada5d54808","status":"passed","time":{"start":1771796206688,"stop":1771796214875,"duration":8187}}]},"tags":[]},"source":"46d4f63e158f7a23.json","parameterValues":[]}