{"uid":"51b3579c0a13a2d0","name":"Add customer with invalid post code - app accepts it","fullName":"org.example.manager.AddCustomerTest.testAddCustomerWithInvalidPostCode","historyId":"23d1005ff61f5c79b8afb6d191914fcf","time":{"start":1771843922318,"stop":1771843927859,"duration":5541},"description":"","status":"passed","flaky":false,"newFailed":false,"newBroken":false,"newPassed":false,"retriesCount":29,"retriesStatusChange":true,"beforeStages":[],"afterStages":[],"labels":[{"name":"junit.platform.uniqueid","value":"[engine:junit-jupiter]/[class:org.example.manager.AddCustomerTest]/[method:testAddCustomerWithInvalidPostCode()]"},{"name":"host","value":"fb7ef22d1c2e"},{"name":"thread","value":"100@fb7ef22d1c2e.main(1)"},{"name":"framework","value":"junit-platform"},{"name":"language","value":"java"},{"name":"package","value":"org.example.manager.AddCustomerTest"},{"name":"testClass","value":"org.example.manager.AddCustomerTest"},{"name":"testMethod","value":"testAddCustomerWithInvalidPostCode"},{"name":"suite","value":"org.example.manager.AddCustomerTest"},{"name":"resultFormat","value":"allure2"}],"parameters":[],"links":[],"hidden":false,"retry":false,"extra":{"severity":"normal","retries":[{"uid":"ef6a8755d7a9718d","status":"broken","statusDetails":"Could not start a new session. Response code 500. Message: session not created: Chrome instance exited. Examine ChromeDriver verbose log to determine the cause. \nHost info: host: '2a7cafc2c392', ip: '172.18.0.2'\nBuild info: version: '4.40.0', revision: 'b3333f1'\nSystem info: os.name: 'Linux', os.arch: 'amd64', os.version: '5.15.167.4-microsoft-standard-WSL2', java.version: '17.0.18'\nDriver info: org.openqa.selenium.chrome.ChromeDriver\nCommand: [null, newSession {capabilities=[Capabilities {browserName: chrome, goog:chromeOptions: {args: [--start-maximized], extensions: []}}]}]","time":{"start":1771837144749,"stop":1771837145321,"duration":572}},{"uid":"be9a5b989cca27be","status":"passed","time":{"start":1771796178238,"stop":1771796187098,"duration":8860}},{"uid":"8389ea8aff91ca65","status":"passed","time":{"start":1771795541188,"stop":1771795547103,"duration":5915}},{"uid":"3b6e451c6cbfb29","status":"passed","time":{"start":1771789617588,"stop":1771789624598,"duration":7010}},{"uid":"e77bedb2712518d2","status":"passed","time":{"start":1771788127614,"stop":1771788136202,"duration":8588}},{"uid":"c95f32ecd6ba24b7","status":"passed","time":{"start":1771767582783,"stop":1771767591423,"duration":8640}},{"uid":"683dfdbe0afb93d4","status":"broken","statusDetails":"no such window: target window already closed\nfrom unknown error: web view not found\n  (Session info: chrome=145.0.7632.77)\nBuild info: version: '4.40.0', revision: 'b3333f1'\nSystem info: os.name: 'Windows 11', os.arch: 'amd64', os.version: '10.0', java.version: '23.0.1'\nDriver info: org.openqa.selenium.chrome.ChromeDriver\nCommand: [d228565df1b5ba9a63cfdefb3d0d7aff, get {url=https://www.globalsqa.com/angularJs-protractor/BankingProject/index.html#/login}]\nCapabilities {acceptInsecureCerts: false, browserName: chrome, browserVersion: 145.0.7632.77, chrome: {chromedriverVersion: 145.0.7632.77 (da516187054a..., userDataDir: C:\\Users\\Cisco\\AppData\\Loca...}, fedcm:accounts: true, goog:chromeOptions: {debuggerAddress: localhost:50459}, goog:processID: 7536, networkConnectionEnabled: false, pageLoadStrategy: normal, platformName: windows, proxy: Proxy(), se:cdp: ws://localhost:50459/devtoo..., se:cdpVersion: 145.0.7632.77, setWindowRect: true, strictFileInteractability: false, timeouts: {implicit: 0, pageLoad: 300000, script: 30000}, unhandledPromptBehavior: dismiss and notify, webauthn:extension:credBlob: true, webauthn:extension:largeBlob: true, webauthn:extension:minPinLength: true, webauthn:extension:prf: true, webauthn:virtualAuthenticators: true}\nSession ID: d228565df1b5ba9a63cfdefb3d0d7aff","time":{"start":1771767134751,"stop":1771767139045,"duration":4294}},{"uid":"7f6c83eec0843832","status":"passed","time":{"start":1771767010328,"stop":1771767019195,"duration":8867}},{"uid":"ae6f9c6ba14e4ff1","status":"passed","time":{"start":1771764371884,"stop":1771764377768,"duration":5884}},{"uid":"1d83e2c3b13997e2","status":"passed","time":{"start":1771763681113,"stop":1771763687402,"duration":6289}},{"uid":"ecf47219296033d1","status":"passed","time":{"start":1771763113756,"stop":1771763120222,"duration":6466}},{"uid":"bb8bcc70013c4d8","status":"passed","time":{"start":1771762756503,"stop":1771762762916,"duration":6413}},{"uid":"4afaa2b41731c7af","status":"passed","time":{"start":1771762386476,"stop":1771762393063,"duration":6587}},{"uid":"b995c484281a5489","status":"passed","time":{"start":1771761581539,"stop":1771761589281,"duration":7742}},{"uid":"38a53a64ad9b21fb","status":"passed","time":{"start":1771760876045,"stop":1771760882395,"duration":6350}},{"uid":"c9ed77cc56108cd2","status":"passed","time":{"start":1771760130520,"stop":1771760137232,"duration":6712}},{"uid":"a0f3a4200fe5f8c5","status":"broken","statusDetails":"Expected condition failed: waiting for element found by By.cssSelector: button[ng-click='manager()'] to be clickable, but the element was not found: org.openqa.selenium.NoSuchElementException: no such element: Unable to locate element: {\"method\":\"css selector\",\"selector\":\"button[ng-click='manager()']\"}.\r\n(tried for 15 seconds with 500 milliseconds interval)\nBuild info: version: '4.40.0', revision: 'b3333f1'\nSystem info: os.name: 'Windows 11', os.arch: 'amd64', os.version: '10.0', java.version: '23.0.1'\nDriver info: org.openqa.selenium.chrome.ChromeDriver\nCapabilities {acceptInsecureCerts: false, browserName: chrome, browserVersion: 145.0.7632.77, chrome: {chromedriverVersion: 145.0.7632.77 (da516187054a..., userDataDir: C:\\Users\\Cisco\\AppData\\Loca...}, fedcm:accounts: true, goog:chromeOptions: {debuggerAddress: localhost:53282}, goog:processID: 17176, networkConnectionEnabled: false, pageLoadStrategy: normal, platformName: windows, proxy: Proxy(), se:cdp: ws://localhost:53282/devtoo..., se:cdpVersion: 145.0.7632.77, setWindowRect: true, strictFileInteractability: false, timeouts: {implicit: 0, pageLoad: 300000, script: 30000}, unhandledPromptBehavior: dismiss and notify, webauthn:extension:credBlob: true, webauthn:extension:largeBlob: true, webauthn:extension:minPinLength: true, webauthn:extension:prf: true, webauthn:virtualAuthenticators: true}\nSession ID: d5e76d50db4e2f15e368d92fbd245525","time":{"start":1771759359757,"stop":1771759384606,"duration":24849}},{"uid":"fb1e76b9db33fcc3","status":"broken","statusDetails":"Expected condition failed: waiting for element found by By.cssSelector: button[ng-click='manager()'] to be clickable, but the element was not found: org.openqa.selenium.NoSuchElementException: no such element: Unable to locate element: {\"method\":\"css selector\",\"selector\":\"button[ng-click='manager()']\"}.\r\n(tried for 10 seconds with 500 milliseconds interval)\nBuild info: version: '4.40.0', revision: 'b3333f1'\nSystem info: os.name: 'Windows 11', os.arch: 'amd64', os.version: '10.0', java.version: '23.0.1'\nDriver info: org.openqa.selenium.chrome.ChromeDriver\nCapabilities {acceptInsecureCerts: false, browserName: chrome, browserVersion: 145.0.7632.77, chrome: {chromedriverVersion: 145.0.7632.77 (da516187054a..., userDataDir: C:\\Users\\Cisco\\AppData\\Loca...}, fedcm:accounts: true, goog:chromeOptions: {debuggerAddress: localhost:63725}, goog:processID: 16336, networkConnectionEnabled: false, pageLoadStrategy: normal, platformName: windows, proxy: Proxy(), se:cdp: ws://localhost:63725/devtoo..., se:cdpVersion: 145.0.7632.77, setWindowRect: true, strictFileInteractability: false, timeouts: {implicit: 0, pageLoad: 300000, script: 30000}, unhandledPromptBehavior: dismiss and notify, webauthn:extension:credBlob: true, webauthn:extension:largeBlob: true, webauthn:extension:minPinLength: true, webauthn:extension:prf: true, webauthn:virtualAuthenticators: true}\nSession ID: a0fc118a44dacbc996dfba521565815f","time":{"start":1771714912817,"stop":1771714930923,"duration":18106}},{"uid":"8c2ab5cafdaffab0","status":"passed","time":{"start":1771714483216,"stop":1771714489344,"duration":6128}},{"uid":"5fa1390eae5d92c6","status":"passed","time":{"start":1771714345251,"stop":1771714351526,"duration":6275}},{"uid":"7728c635985dd9aa","status":"passed","time":{"start":1771713642235,"stop":1771713651950,"duration":9715}},{"uid":"3ba7d71eb0330fad","status":"passed","time":{"start":1771713408037,"stop":1771713415704,"duration":7667}},{"uid":"47a9df4fac60a2ba","status":"passed","time":{"start":1771713182770,"stop":1771713191544,"duration":8774}},{"uid":"f57db98f18a05685","status":"passed","time":{"start":1771712899264,"stop":1771712907774,"duration":8510}},{"uid":"c2c5a6f5452644a0","status":"passed","time":{"start":1771711959829,"stop":1771711967485,"duration":7656}},{"uid":"e3412e5c26425fa3","status":"passed","time":{"start":1771710343528,"stop":1771710351193,"duration":7665}},{"uid":"f824d69d1fb8b5a9","status":"passed","time":{"start":1771709532991,"stop":1771709540015,"duration":7024}},{"uid":"5de95d2a2bd907e1","status":"failed","statusDetails":"expected: <false> but was: <true>","time":{"start":1771707116910,"stop":1771707125230,"duration":8320}},{"uid":"a4a102466edb7f6f","status":"passed","time":{"start":1771696560335,"stop":1771696566273,"duration":5938}}],"categories":[],"history":{"statistic":{"failed":0,"broken":3,"skipped":0,"passed":3,"unknown":0,"total":6},"items":[{"uid":"d4f849d5b37fca63","reportUrl":"../4/index.html#testresult/d4f849d5b37fca63","status":"passed","time":{"start":1771843922318,"stop":1771843927859,"duration":5541}},{"uid":"eb0b1ee9f1545dec","reportUrl":"../3/index.html#testresult/eb0b1ee9f1545dec","status":"broken","statusDetails":"Could not start a new session. Response code 500. Message: session not created: Chrome instance exited. Examine ChromeDriver verbose log to determine the cause. \nHost info: host: '2a7cafc2c392', ip: '172.18.0.2'\nBuild info: version: '4.40.0', revision: 'b3333f1'\nSystem info: os.name: 'Linux', os.arch: 'amd64', os.version: '5.15.167.4-microsoft-standard-WSL2', java.version: '17.0.18'\nDriver info: org.openqa.selenium.chrome.ChromeDriver\nCommand: [null, newSession {capabilities=[Capabilities {browserName: chrome, goog:chromeOptions: {args: [--start-maximized], extensions: []}}]}]","time":{"start":1771837144749,"stop":1771837145321,"duration":572}},{"uid":"67788ff9b1c39cd3","reportUrl":"../2/index.html#testresult/67788ff9b1c39cd3","status":"broken","statusDetails":"Could not start a new session. Response code 500. Message: session not created: Chrome instance exited. Examine ChromeDriver verbose log to determine the cause. \nHost info: host: '2a7cafc2c392', ip: '172.18.0.2'\nBuild info: version: '4.40.0', revision: 'b3333f1'\nSystem info: os.name: 'Linux', os.arch: 'amd64', os.version: '5.15.167.4-microsoft-standard-WSL2', java.version: '17.0.18'\nDriver info: org.openqa.selenium.chrome.ChromeDriver\nCommand: [null, newSession {capabilities=[Capabilities {browserName: chrome, goog:chromeOptions: {args: [--start-maximized], extensions: []}}]}]","time":{"start":1771837144749,"stop":1771837145321,"duration":572}},{"uid":"827ddd30654354b3","reportUrl":"../1/index.html#testresult/827ddd30654354b3","status":"broken","statusDetails":"Could not start a new session. Response code 500. Message: session not created: Chrome instance exited. Examine ChromeDriver verbose log to determine the cause. \nHost info: host: '2a7cafc2c392', ip: '172.18.0.2'\nBuild info: version: '4.40.0', revision: 'b3333f1'\nSystem info: os.name: 'Linux', os.arch: 'amd64', os.version: '5.15.167.4-microsoft-standard-WSL2', java.version: '17.0.18'\nDriver info: org.openqa.selenium.chrome.ChromeDriver\nCommand: [null, newSession {capabilities=[Capabilities {browserName: chrome, goog:chromeOptions: {args: [--start-maximized], extensions: []}}]}]","time":{"start":1771837144749,"stop":1771837145321,"duration":572}},{"uid":"a17360b401a961ae","status":"passed","time":{"start":1771796178238,"stop":1771796187098,"duration":8860}}]},"tags":[]},"source":"51b3579c0a13a2d0.json","parameterValues":[]}