{"uid":"8212428ec7fe9b2d","name":"Empty fields prevent submission","fullName":"org.example.manager.AddCustomerTest.testAddCustomerWithEmptyFields","historyId":"64c05ff626883ceb469b37a9bb7cfb5f","time":{"start":1771843933304,"stop":1771843945169,"duration":11865},"description":"","status":"passed","flaky":false,"newFailed":false,"newBroken":false,"newPassed":false,"retriesCount":29,"retriesStatusChange":true,"beforeStages":[],"afterStages":[],"labels":[{"name":"junit.platform.uniqueid","value":"[engine:junit-jupiter]/[class:org.example.manager.AddCustomerTest]/[method:testAddCustomerWithEmptyFields()]"},{"name":"host","value":"fb7ef22d1c2e"},{"name":"thread","value":"100@fb7ef22d1c2e.main(1)"},{"name":"framework","value":"junit-platform"},{"name":"language","value":"java"},{"name":"package","value":"org.example.manager.AddCustomerTest"},{"name":"testClass","value":"org.example.manager.AddCustomerTest"},{"name":"testMethod","value":"testAddCustomerWithEmptyFields"},{"name":"suite","value":"org.example.manager.AddCustomerTest"},{"name":"resultFormat","value":"allure2"}],"parameters":[],"links":[],"hidden":false,"retry":false,"extra":{"severity":"normal","retries":[{"uid":"67fa9a9d998e31d2","status":"broken","statusDetails":"Could not start a new session. Response code 500. Message: session not created: Chrome instance exited. Examine ChromeDriver verbose log to determine the cause. \nHost info: host: '2a7cafc2c392', ip: '172.18.0.2'\nBuild info: version: '4.40.0', revision: 'b3333f1'\nSystem info: os.name: 'Linux', os.arch: 'amd64', os.version: '5.15.167.4-microsoft-standard-WSL2', java.version: '17.0.18'\nDriver info: org.openqa.selenium.chrome.ChromeDriver\nCommand: [null, newSession {capabilities=[Capabilities {browserName: chrome, goog:chromeOptions: {args: [--start-maximized], extensions: []}}]}]","time":{"start":1771837146513,"stop":1771837146942,"duration":429}},{"uid":"d185d288f8654fe6","status":"passed","time":{"start":1771796195340,"stop":1771796206673,"duration":11333}},{"uid":"c83109246158f81","status":"passed","time":{"start":1771795554867,"stop":1771795564034,"duration":9167}},{"uid":"e7b702ba0f1bea88","status":"passed","time":{"start":1771789631660,"stop":1771789641932,"duration":10272}},{"uid":"ee52b561a0cc0e9a","status":"passed","time":{"start":1771788144271,"stop":1771788155316,"duration":11045}},{"uid":"32144d862427508d","status":"passed","time":{"start":1771767599295,"stop":1771767611328,"duration":12033}},{"uid":"e5a968930e51d2b9","status":"broken","statusDetails":"no such window: target window already closed\nfrom unknown error: web view not found\n  (Session info: chrome=145.0.7632.77)\nBuild info: version: '4.40.0', revision: 'b3333f1'\nSystem info: os.name: 'Windows 11', os.arch: 'amd64', os.version: '10.0', java.version: '23.0.1'\nDriver info: org.openqa.selenium.chrome.ChromeDriver\nCommand: [03ad7dc6c510b1a435d5e04713467a7f, get {url=https://www.globalsqa.com/angularJs-protractor/BankingProject/index.html#/login}]\nCapabilities {acceptInsecureCerts: false, browserName: chrome, browserVersion: 145.0.7632.77, chrome: {chromedriverVersion: 145.0.7632.77 (da516187054a..., userDataDir: C:\\Users\\Cisco\\AppData\\Loca...}, fedcm:accounts: true, goog:chromeOptions: {debuggerAddress: localhost:58534}, goog:processID: 25692, networkConnectionEnabled: false, pageLoadStrategy: normal, platformName: windows, proxy: Proxy(), se:cdp: ws://localhost:58534/devtoo..., se:cdpVersion: 145.0.7632.77, setWindowRect: true, strictFileInteractability: false, timeouts: {implicit: 0, pageLoad: 300000, script: 30000}, unhandledPromptBehavior: dismiss and notify, webauthn:extension:credBlob: true, webauthn:extension:largeBlob: true, webauthn:extension:minPinLength: true, webauthn:extension:prf: true, webauthn:virtualAuthenticators: true}\nSession ID: 03ad7dc6c510b1a435d5e04713467a7f","time":{"start":1771767143096,"stop":1771767146843,"duration":3747}},{"uid":"1b5b7c1214240a5e","status":"passed","time":{"start":1771767028329,"stop":1771767040644,"duration":12315}},{"uid":"a69b4675393b1f8","status":"passed","time":{"start":1771764384149,"stop":1771764393205,"duration":9056}},{"uid":"7fe142bf45e8eb2f","status":"passed","time":{"start":1771763694117,"stop":1771763703384,"duration":9267}},{"uid":"a3190d72107ba49d","status":"passed","time":{"start":1771763127273,"stop":1771763136712,"duration":9439}},{"uid":"66a6f666b0c01125","status":"passed","time":{"start":1771762769408,"stop":1771762779139,"duration":9731}},{"uid":"c834c6fc8d693880","status":"passed","time":{"start":1771762400096,"stop":1771762410053,"duration":9957}},{"uid":"5a274f224d4e8b8e","status":"passed","time":{"start":1771761597957,"stop":1771761608786,"duration":10829}},{"uid":"6b97a8ea0347b781","status":"passed","time":{"start":1771760888991,"stop":1771760898374,"duration":9383}},{"uid":"1580a700c79669ad","status":"passed","time":{"start":1771760143775,"stop":1771760152845,"duration":9070}},{"uid":"ca9b17b6e6da54e1","status":"broken","statusDetails":"Expected condition failed: waiting for element found by By.cssSelector: button[ng-click='manager()'] to be clickable, but the element was not found: org.openqa.selenium.NoSuchElementException: no such element: Unable to locate element: {\"method\":\"css selector\",\"selector\":\"button[ng-click='manager()']\"}.\r\n(tried for 15 seconds with 500 milliseconds interval)\nBuild info: version: '4.40.0', revision: 'b3333f1'\nSystem info: os.name: 'Windows 11', os.arch: 'amd64', os.version: '10.0', java.version: '23.0.1'\nDriver info: org.openqa.selenium.chrome.ChromeDriver\nCapabilities {acceptInsecureCerts: false, browserName: chrome, browserVersion: 145.0.7632.77, chrome: {chromedriverVersion: 145.0.7632.77 (da516187054a..., userDataDir: C:\\Users\\Cisco\\AppData\\Loca...}, fedcm:accounts: true, goog:chromeOptions: {debuggerAddress: localhost:56850}, goog:processID: 13348, networkConnectionEnabled: false, pageLoadStrategy: normal, platformName: windows, proxy: Proxy(), se:cdp: ws://localhost:56850/devtoo..., se:cdpVersion: 145.0.7632.77, setWindowRect: true, strictFileInteractability: false, timeouts: {implicit: 0, pageLoad: 300000, script: 30000}, unhandledPromptBehavior: dismiss and notify, webauthn:extension:credBlob: true, webauthn:extension:largeBlob: true, webauthn:extension:minPinLength: true, webauthn:extension:prf: true, webauthn:virtualAuthenticators: true}\nSession ID: c6f8d7fa4bec0c8e53463d57449cc3f7","time":{"start":1771759410861,"stop":1771759436866,"duration":26005}},{"uid":"35e08c63e450ce40","status":"broken","statusDetails":"Expected condition failed: waiting for element found by By.cssSelector: button[ng-click='manager()'] to be clickable, but the element was not found: org.openqa.selenium.NoSuchElementException: no such element: Unable to locate element: {\"method\":\"css selector\",\"selector\":\"button[ng-click='manager()']\"}.\r\n(tried for 10 seconds with 500 milliseconds interval)\nBuild info: version: '4.40.0', revision: 'b3333f1'\nSystem info: os.name: 'Windows 11', os.arch: 'amd64', os.version: '10.0', java.version: '23.0.1'\nDriver info: org.openqa.selenium.chrome.ChromeDriver\nCapabilities {acceptInsecureCerts: false, browserName: chrome, browserVersion: 145.0.7632.77, chrome: {chromedriverVersion: 145.0.7632.77 (da516187054a..., userDataDir: C:\\Users\\Cisco\\AppData\\Loca...}, fedcm:accounts: true, goog:chromeOptions: {debuggerAddress: localhost:63236}, goog:processID: 20380, networkConnectionEnabled: false, pageLoadStrategy: normal, platformName: windows, proxy: Proxy(), se:cdp: ws://localhost:63236/devtoo..., se:cdpVersion: 145.0.7632.77, setWindowRect: true, strictFileInteractability: false, timeouts: {implicit: 0, pageLoad: 300000, script: 30000}, unhandledPromptBehavior: dismiss and notify, webauthn:extension:credBlob: true, webauthn:extension:largeBlob: true, webauthn:extension:minPinLength: true, webauthn:extension:prf: true, webauthn:virtualAuthenticators: true}\nSession ID: d9902ded168c6ea15d5f3da3ca49bae5","time":{"start":1771714950290,"stop":1771714968675,"duration":18385}},{"uid":"f12e17372d49a814","status":"passed","time":{"start":1771714495406,"stop":1771714501430,"duration":6024}},{"uid":"2c4b4324fe432c7a","status":"passed","time":{"start":1771714357684,"stop":1771714363644,"duration":5960}},{"uid":"f80ec6dbae5288ea","status":"passed","time":{"start":1771713660403,"stop":1771713668369,"duration":7966}},{"uid":"40288b7d1d13c016","status":"passed","time":{"start":1771713425848,"stop":1771713434355,"duration":8507}},{"uid":"1251965cc4994246","status":"passed","time":{"start":1771713199741,"stop":1771713207836,"duration":8095}},{"uid":"2955bdf534fb696d","status":"passed","time":{"start":1771712915711,"stop":1771712924265,"duration":8554}},{"uid":"e01e0d3f6dd2301b","status":"passed","time":{"start":1771711975282,"stop":1771711984047,"duration":8765}},{"uid":"751191c5f1baca50","status":"passed","time":{"start":1771710358700,"stop":1771710365783,"duration":7083}},{"uid":"b6fcb3fb45e3efba","status":"passed","time":{"start":1771709548316,"stop":1771709555274,"duration":6958}},{"uid":"28cb13937297eda7","status":"passed","time":{"start":1771707132129,"stop":1771707139182,"duration":7053}},{"uid":"8c9166faf9f96777","status":"passed","time":{"start":1771696572290,"stop":1771696579497,"duration":7207}}],"categories":[],"history":{"statistic":{"failed":0,"broken":3,"skipped":0,"passed":3,"unknown":0,"total":6},"items":[{"uid":"648c9276cf07d683","reportUrl":"../4/index.html#testresult/648c9276cf07d683","status":"passed","time":{"start":1771843933304,"stop":1771843945169,"duration":11865}},{"uid":"59c0fcdfc14da202","reportUrl":"../3/index.html#testresult/59c0fcdfc14da202","status":"broken","statusDetails":"Could not start a new session. Response code 500. Message: session not created: Chrome instance exited. Examine ChromeDriver verbose log to determine the cause. \nHost info: host: '2a7cafc2c392', ip: '172.18.0.2'\nBuild info: version: '4.40.0', revision: 'b3333f1'\nSystem info: os.name: 'Linux', os.arch: 'amd64', os.version: '5.15.167.4-microsoft-standard-WSL2', java.version: '17.0.18'\nDriver info: org.openqa.selenium.chrome.ChromeDriver\nCommand: [null, newSession {capabilities=[Capabilities {browserName: chrome, goog:chromeOptions: {args: [--start-maximized], extensions: []}}]}]","time":{"start":1771837146513,"stop":1771837146942,"duration":429}},{"uid":"22e6ed7a4bc6cc33","reportUrl":"../2/index.html#testresult/22e6ed7a4bc6cc33","status":"broken","statusDetails":"Could not start a new session. Response code 500. Message: session not created: Chrome instance exited. Examine ChromeDriver verbose log to determine the cause. \nHost info: host: '2a7cafc2c392', ip: '172.18.0.2'\nBuild info: version: '4.40.0', revision: 'b3333f1'\nSystem info: os.name: 'Linux', os.arch: 'amd64', os.version: '5.15.167.4-microsoft-standard-WSL2', java.version: '17.0.18'\nDriver info: org.openqa.selenium.chrome.ChromeDriver\nCommand: [null, newSession {capabilities=[Capabilities {browserName: chrome, goog:chromeOptions: {args: [--start-maximized], extensions: []}}]}]","time":{"start":1771837146513,"stop":1771837146942,"duration":429}},{"uid":"fe1150a1691172f9","reportUrl":"../1/index.html#testresult/fe1150a1691172f9","status":"broken","statusDetails":"Could not start a new session. Response code 500. Message: session not created: Chrome instance exited. Examine ChromeDriver verbose log to determine the cause. \nHost info: host: '2a7cafc2c392', ip: '172.18.0.2'\nBuild info: version: '4.40.0', revision: 'b3333f1'\nSystem info: os.name: 'Linux', os.arch: 'amd64', os.version: '5.15.167.4-microsoft-standard-WSL2', java.version: '17.0.18'\nDriver info: org.openqa.selenium.chrome.ChromeDriver\nCommand: [null, newSession {capabilities=[Capabilities {browserName: chrome, goog:chromeOptions: {args: [--start-maximized], extensions: []}}]}]","time":{"start":1771837146513,"stop":1771837146942,"duration":429}},{"uid":"b007d3f5348bce60","status":"passed","time":{"start":1771796195340,"stop":1771796206673,"duration":11333}}]},"tags":[]},"source":"8212428ec7fe9b2d.json","parameterValues":[]}